2017-10-13 14:55:14,309 [main] INFO  o.s.c.a.AnnotationConfigApplicationContext 583 - Refreshing org.springframework.context.annotation.AnnotationConfigApplicationContext@a8ef162: startup date [Fri Oct 13 14:55:14 CST 2017]; root of context hierarchy
2017-10-13 14:55:14,678 [main] INFO  o.s.b.f.a.AutowiredAnnotationBeanPostProcessor 155 - JSR-330 'javax.inject.Inject' annotation found and supported for autowiring
2017-10-13 14:55:14,778 [main] INFO  o.s.c.s.PostProcessorRegistrationDelegate$BeanPostProcessorChecker 325 - Bean 'configurationPropertiesRebinderAutoConfiguration' of type [org.springframework.cloud.autoconfigure.ConfigurationPropertiesRebinderAutoConfiguration$$EnhancerBySpringCGLIB$$cfbb50e8] is not eligible for getting processed by all BeanPostProcessors (for example: not eligible for auto-proxying)
2017-10-13 14:55:14,951 [main] INFO  o.h.validator.internal.util.Version 30 - HV000001: Hibernate Validator 5.3.5.Final
2017-10-13 14:55:15,501 [main] INFO  com.gzw.ServerCenterApplicationTests 593 - No active profile set, falling back to default profiles: default
2017-10-13 14:55:15,516 [main] INFO  o.s.w.c.s.GenericWebApplicationContext 583 - Refreshing org.springframework.web.context.support.GenericWebApplicationContext@71c5b236: startup date [Fri Oct 13 14:55:15 CST 2017]; parent: org.springframework.context.annotation.AnnotationConfigApplicationContext@a8ef162
2017-10-13 14:55:17,048 [main] INFO  o.s.cloud.context.scope.GenericScope 263 - BeanFactory id=cb036825-eafd-36aa-97e1-e0c670c6beab
2017-10-13 14:55:17,165 [main] INFO  o.s.b.f.a.AutowiredAnnotationBeanPostProcessor 155 - JSR-330 'javax.inject.Inject' annotation found and supported for autowiring
2017-10-13 14:55:17,285 [main] INFO  o.s.c.s.PostProcessorRegistrationDelegate$BeanPostProcessorChecker 325 - Bean 'org.springframework.cloud.netflix.metrics.MetricsInterceptorConfiguration$MetricsRestTemplateConfiguration' of type [org.springframework.cloud.netflix.metrics.MetricsInterceptorConfiguration$MetricsRestTemplateConfiguration$$EnhancerBySpringCGLIB$$e5cdf42c] is not eligible for getting processed by all BeanPostProcessors (for example: not eligible for auto-proxying)
2017-10-13 14:55:17,306 [main] INFO  o.s.c.s.PostProcessorRegistrationDelegate$BeanPostProcessorChecker 325 - Bean 'org.springframework.cloud.autoconfigure.ConfigurationPropertiesRebinderAutoConfiguration' of type [org.springframework.cloud.autoconfigure.ConfigurationPropertiesRebinderAutoConfiguration$$EnhancerBySpringCGLIB$$cfbb50e8] is not eligible for getting processed by all BeanPostProcessors (for example: not eligible for auto-proxying)
2017-10-13 14:55:18,545 [main] INFO  o.s.w.s.m.m.a.RequestMappingHandlerAdapter 534 - Looking for @ControllerAdvice: org.springframework.web.context.support.GenericWebApplicationContext@71c5b236: startup date [Fri Oct 13 14:55:15 CST 2017]; parent: org.springframework.context.annotation.AnnotationConfigApplicationContext@a8ef162
2017-10-13 14:55:18,810 [main] INFO  o.s.w.s.m.m.a.RequestMappingHandlerMapping 543 - Mapped "{[/error]}" onto public org.springframework.http.ResponseEntity<java.util.Map<java.lang.String, java.lang.Object>> org.springframework.boot.autoconfigure.web.BasicErrorController.error(javax.servlet.http.HttpServletRequest)
2017-10-13 14:55:18,812 [main] INFO  o.s.w.s.m.m.a.RequestMappingHandlerMapping 543 - Mapped "{[/error],produces=[text/html]}" onto public org.springframework.web.servlet.ModelAndView org.springframework.boot.autoconfigure.web.BasicErrorController.errorHtml(javax.servlet.http.HttpServletRequest,javax.servlet.http.HttpServletResponse)
2017-10-13 14:55:18,820 [main] INFO  o.s.w.s.m.m.a.RequestMappingHandlerMapping 543 - Mapped "{[/],methods=[GET]}" onto public java.lang.String org.springframework.cloud.netflix.eureka.server.EurekaController.status(javax.servlet.http.HttpServletRequest,java.util.Map<java.lang.String, java.lang.Object>)
2017-10-13 14:55:18,821 [main] INFO  o.s.w.s.m.m.a.RequestMappingHandlerMapping 543 - Mapped "{[/lastn],methods=[GET]}" onto public java.lang.String org.springframework.cloud.netflix.eureka.server.EurekaController.lastn(javax.servlet.http.HttpServletRequest,java.util.Map<java.lang.String, java.lang.Object>)
2017-10-13 14:55:18,902 [main] INFO  o.s.w.s.h.SimpleUrlHandlerMapping 362 - Mapped URL path [/webjars/**] onto handler of type [class org.springframework.web.servlet.resource.ResourceHttpRequestHandler]
2017-10-13 14:55:18,904 [main] INFO  o.s.w.s.h.SimpleUrlHandlerMapping 362 - Mapped URL path [/**] onto handler of type [class org.springframework.web.servlet.resource.ResourceHttpRequestHandler]
2017-10-13 14:55:19,040 [main] INFO  o.s.w.s.h.SimpleUrlHandlerMapping 362 - Mapped URL path [/**/favicon.ico] onto handler of type [class org.springframework.web.servlet.resource.ResourceHttpRequestHandler]
2017-10-13 14:55:19,766 [main] INFO  o.s.b.a.e.mvc.EndpointHandlerMapping 543 - Mapped "{[/heapdump || /heapdump.json],methods=[GET],produces=[application/octet-stream]}" onto public void org.springframework.boot.actuate.endpoint.mvc.HeapdumpMvcEndpoint.invoke(boolean,javax.servlet.http.HttpServletRequest,javax.servlet.http.HttpServletResponse) throws java.io.IOException,javax.servlet.ServletException
2017-10-13 14:55:19,769 [main] INFO  o.s.b.a.e.mvc.EndpointHandlerMapping 543 - Mapped "{[/loggers/{name:.*}],methods=[GET],produces=[application/vnd.spring-boot.actuator.v1+json || application/json]}" onto public java.lang.Object org.springframework.boot.actuate.endpoint.mvc.LoggersMvcEndpoint.get(java.lang.String)
2017-10-13 14:55:19,770 [main] INFO  o.s.b.a.e.mvc.EndpointHandlerMapping 543 - Mapped "{[/loggers/{name:.*}],methods=[POST],consumes=[application/vnd.spring-boot.actuator.v1+json || application/json],produces=[application/vnd.spring-boot.actuator.v1+json || application/json]}" onto public java.lang.Object org.springframework.boot.actuate.endpoint.mvc.LoggersMvcEndpoint.set(java.lang.String,java.util.Map<java.lang.String, java.lang.String>)
2017-10-13 14:55:19,772 [main] INFO  o.s.b.a.e.mvc.EndpointHandlerMapping 543 - Mapped "{[/loggers || /loggers.json],methods=[GET],produces=[application/vnd.spring-boot.actuator.v1+json || application/json]}" onto public java.lang.Object org.springframework.boot.actuate.endpoint.mvc.EndpointMvcAdapter.invoke()
2017-10-13 14:55:19,773 [main] INFO  o.s.b.a.e.mvc.EndpointHandlerMapping 543 - Mapped "{[/restart || /restart.json],methods=[POST]}" onto public java.lang.Object org.springframework.cloud.context.restart.RestartMvcEndpoint.invoke()
2017-10-13 14:55:19,775 [main] INFO  o.s.b.a.e.mvc.EndpointHandlerMapping 543 - Mapped "{[/configprops || /configprops.json],methods=[GET],produces=[application/vnd.spring-boot.actuator.v1+json || application/json]}" onto public java.lang.Object org.springframework.boot.actuate.endpoint.mvc.EndpointMvcAdapter.invoke()
2017-10-13 14:55:19,776 [main] INFO  o.s.b.a.e.mvc.EndpointHandlerMapping 543 - Mapped "{[/info || /info.json],methods=[GET],produces=[application/vnd.spring-boot.actuator.v1+json || application/json]}" onto public java.lang.Object org.springframework.boot.actuate.endpoint.mvc.EndpointMvcAdapter.invoke()
2017-10-13 14:55:19,778 [main] INFO  o.s.b.a.e.mvc.EndpointHandlerMapping 543 - Mapped "{[/trace || /trace.json],methods=[GET],produces=[application/vnd.spring-boot.actuator.v1+json || application/json]}" onto public java.lang.Object org.springframework.boot.actuate.endpoint.mvc.EndpointMvcAdapter.invoke()
2017-10-13 14:55:19,782 [main] INFO  o.s.b.a.e.mvc.EndpointHandlerMapping 543 - Mapped "{[/archaius || /archaius.json],methods=[GET],produces=[application/vnd.spring-boot.actuator.v1+json || application/json]}" onto public java.lang.Object org.springframework.boot.actuate.endpoint.mvc.EndpointMvcAdapter.invoke()
2017-10-13 14:55:19,783 [main] INFO  o.s.b.a.e.mvc.EndpointHandlerMapping 543 - Mapped "{[/mappings || /mappings.json],methods=[GET],produces=[application/vnd.spring-boot.actuator.v1+json || application/json]}" onto public java.lang.Object org.springframework.boot.actuate.endpoint.mvc.EndpointMvcAdapter.invoke()
2017-10-13 14:55:19,784 [main] INFO  o.s.b.a.e.mvc.EndpointHandlerMapping 543 - Mapped "{[/refresh || /refresh.json],methods=[POST]}" onto public java.lang.Object org.springframework.cloud.endpoint.GenericPostableMvcEndpoint.invoke()
2017-10-13 14:55:19,786 [main] INFO  o.s.b.a.e.mvc.EndpointHandlerMapping 543 - Mapped "{[/resume || /resume.json],methods=[POST]}" onto public java.lang.Object org.springframework.cloud.endpoint.GenericPostableMvcEndpoint.invoke()
2017-10-13 14:55:19,788 [main] INFO  o.s.b.a.e.mvc.EndpointHandlerMapping 543 - Mapped "{[/env/{name:.*}],methods=[GET],produces=[application/vnd.spring-boot.actuator.v1+json || application/json]}" onto public java.lang.Object org.springframework.boot.actuate.endpoint.mvc.EnvironmentMvcEndpoint.value(java.lang.String)
2017-10-13 14:55:19,788 [main] INFO  o.s.b.a.e.mvc.EndpointHandlerMapping 543 - Mapped "{[/env || /env.json],methods=[GET],produces=[application/vnd.spring-boot.actuator.v1+json || application/json]}" onto public java.lang.Object org.springframework.boot.actuate.endpoint.mvc.EndpointMvcAdapter.invoke()
2017-10-13 14:55:19,791 [main] INFO  o.s.b.a.e.mvc.EndpointHandlerMapping 543 - Mapped "{[/pause || /pause.json],methods=[POST]}" onto public java.lang.Object org.springframework.cloud.endpoint.GenericPostableMvcEndpoint.invoke()
2017-10-13 14:55:19,792 [main] INFO  o.s.b.a.e.mvc.EndpointHandlerMapping 543 - Mapped "{[/env],methods=[POST]}" onto public java.lang.Object org.springframework.cloud.context.environment.EnvironmentManagerMvcEndpoint.value(java.util.Map<java.lang.String, java.lang.String>)
2017-10-13 14:55:19,794 [main] INFO  o.s.b.a.e.mvc.EndpointHandlerMapping 543 - Mapped "{[/env/reset],methods=[POST]}" onto public java.util.Map<java.lang.String, java.lang.Object> org.springframework.cloud.context.environment.EnvironmentManagerMvcEndpoint.reset()
2017-10-13 14:55:19,797 [main] INFO  o.s.b.a.e.mvc.EndpointHandlerMapping 543 - Mapped "{[/features || /features.json],methods=[GET],produces=[application/vnd.spring-boot.actuator.v1+json || application/json]}" onto public java.lang.Object org.springframework.boot.actuate.endpoint.mvc.EndpointMvcAdapter.invoke()
2017-10-13 14:55:19,801 [main] INFO  o.s.b.a.e.mvc.EndpointHandlerMapping 543 - Mapped "{[/health || /health.json],methods=[GET],produces=[application/vnd.spring-boot.actuator.v1+json || application/json]}" onto public java.lang.Object org.springframework.boot.actuate.endpoint.mvc.HealthMvcEndpoint.invoke(javax.servlet.http.HttpServletRequest,java.security.Principal)
2017-10-13 14:55:19,804 [main] INFO  o.s.b.a.e.mvc.EndpointHandlerMapping 543 - Mapped "{[/autoconfig || /autoconfig.json],methods=[GET],produces=[application/vnd.spring-boot.actuator.v1+json || application/json]}" onto public java.lang.Object org.springframework.boot.actuate.endpoint.mvc.EndpointMvcAdapter.invoke()
2017-10-13 14:55:19,807 [main] INFO  o.s.b.a.e.mvc.EndpointHandlerMapping 543 - Mapped "{[/metrics/{name:.*}],methods=[GET],produces=[application/vnd.spring-boot.actuator.v1+json || application/json]}" onto public java.lang.Object org.springframework.boot.actuate.endpoint.mvc.MetricsMvcEndpoint.value(java.lang.String)
2017-10-13 14:55:19,808 [main] INFO  o.s.b.a.e.mvc.EndpointHandlerMapping 543 - Mapped "{[/metrics || /metrics.json],methods=[GET],produces=[application/vnd.spring-boot.actuator.v1+json || application/json]}" onto public java.lang.Object org.springframework.boot.actuate.endpoint.mvc.EndpointMvcAdapter.invoke()
2017-10-13 14:55:19,810 [main] INFO  o.s.b.a.e.mvc.EndpointHandlerMapping 543 - Mapped "{[/beans || /beans.json],methods=[GET],produces=[application/vnd.spring-boot.actuator.v1+json || application/json]}" onto public java.lang.Object org.springframework.boot.actuate.endpoint.mvc.EndpointMvcAdapter.invoke()
2017-10-13 14:55:19,812 [main] INFO  o.s.b.a.e.mvc.EndpointHandlerMapping 543 - Mapped "{[/dump || /dump.json],methods=[GET],produces=[application/vnd.spring-boot.actuator.v1+json || application/json]}" onto public java.lang.Object org.springframework.boot.actuate.endpoint.mvc.EndpointMvcAdapter.invoke()
2017-10-13 14:55:19,814 [main] INFO  o.s.b.a.e.mvc.EndpointHandlerMapping 543 - Mapped "{[/auditevents || /auditevents.json],methods=[GET],produces=[application/vnd.spring-boot.actuator.v1+json || application/json]}" onto public org.springframework.http.ResponseEntity<?> org.springframework.boot.actuate.endpoint.mvc.AuditEventsMvcEndpoint.findByPrincipalAndAfterAndType(java.lang.String,java.util.Date,java.lang.String)
2017-10-13 14:55:19,815 [main] INFO  o.s.b.a.e.mvc.EndpointHandlerMapping 543 - Mapped "{[/service-registry/instance-status],methods=[POST]}" onto public org.springframework.http.ResponseEntity<?> org.springframework.cloud.client.serviceregistry.endpoint.ServiceRegistryEndpoint.setStatus(java.lang.String)
2017-10-13 14:55:19,815 [main] INFO  o.s.b.a.e.mvc.EndpointHandlerMapping 543 - Mapped "{[/service-registry/instance-status],methods=[GET]}" onto public org.springframework.http.ResponseEntity org.springframework.cloud.client.serviceregistry.endpoint.ServiceRegistryEndpoint.getStatus()
2017-10-13 14:55:20,177 [main] INFO  o.s.u.f.SpringTemplateLoader 61 - SpringTemplateLoader for FreeMarker: using resource loader [org.springframework.web.context.support.GenericWebApplicationContext@71c5b236: startup date [Fri Oct 13 14:55:15 CST 2017]; parent: org.springframework.context.annotation.AnnotationConfigApplicationContext@a8ef162] and template loader path [classpath:/templates/]
2017-10-13 14:55:20,179 [main] INFO  o.s.w.s.v.f.FreeMarkerConfigurer 127 - ClassTemplateLoader for Spring macros added to FreeMarker configuration
2017-10-13 14:55:20,373 [main] WARN  c.n.c.sources.URLConfigurationSource 121 - No URLs will be polled as dynamic configuration sources.
2017-10-13 14:55:20,374 [main] INFO  c.n.c.sources.URLConfigurationSource 122 - To enable URLs as dynamic configuration sources, define System property archaius.configurationSource.additionalUrls or make config.properties available on classpath.
2017-10-13 14:55:20,387 [main] WARN  c.n.c.sources.URLConfigurationSource 121 - No URLs will be polled as dynamic configuration sources.
2017-10-13 14:55:20,388 [main] INFO  c.n.c.sources.URLConfigurationSource 122 - To enable URLs as dynamic configuration sources, define System property archaius.configurationSource.additionalUrls or make config.properties available on classpath.
2017-10-13 14:55:20,874 [main] INFO  o.s.c.n.eureka.InstanceInfoFactory 70 - Setting initial instance status as: STARTING
2017-10-13 14:55:20,984 [main] INFO  c.netflix.discovery.DiscoveryClient 344 - Initializing Eureka in region us-east-1
2017-10-13 14:55:20,985 [main] INFO  c.netflix.discovery.DiscoveryClient 347 - Client configured to neither register nor query for data.
2017-10-13 14:55:21,023 [main] INFO  c.netflix.discovery.DiscoveryClient 361 - Discovery Client initialized at timestamp 1507877721022 with initial instances count: 0
2017-10-13 14:55:21,204 [main] INFO  c.n.e.DefaultEurekaServerContext 63 - Initializing ...
2017-10-13 14:55:21,207 [main] WARN  c.n.eureka.cluster.PeerEurekaNodes 156 - The replica size seems to be empty. Check the route 53 DNS Registry
2017-10-13 14:55:21,227 [main] INFO  c.n.e.r.AbstractInstanceRegistry 152 - Finished initializing remote region registries. All known remote regions: []
2017-10-13 14:55:21,228 [main] INFO  c.n.e.DefaultEurekaServerContext 66 - Initialized
2017-10-13 14:55:21,741 [main] INFO  o.s.c.s.DefaultLifecycleProcessor 343 - Starting beans in phase 0
2017-10-13 14:55:21,744 [Thread-11] INFO  o.s.c.n.e.s.EurekaServerBootstrap 107 - Setting the eureka configuration..
2017-10-13 14:55:21,745 [Thread-11] INFO  o.s.c.n.e.s.EurekaServerBootstrap 112 - Eureka data center value eureka.datacenter is not set, defaulting to default
2017-10-13 14:55:21,745 [Thread-11] INFO  o.s.c.n.e.s.EurekaServerBootstrap 126 - Eureka environment value eureka.environment is not set, defaulting to test
2017-10-13 14:55:21,777 [Thread-11] INFO  o.s.c.n.e.s.EurekaServerBootstrap 182 - isAws returned false
2017-10-13 14:55:21,778 [Thread-11] INFO  o.s.c.n.e.s.EurekaServerBootstrap 150 - Initialized server context
2017-10-13 14:55:21,778 [Thread-11] INFO  c.n.e.r.PeerAwareInstanceRegistryImpl 242 - Got 1 instances from neighboring DS node
2017-10-13 14:55:21,778 [Thread-11] INFO  c.n.e.r.PeerAwareInstanceRegistryImpl 243 - Renew threshold is: 1
2017-10-13 14:55:21,779 [Thread-11] INFO  c.n.e.r.PeerAwareInstanceRegistryImpl 254 - Changing status to UP
2017-10-13 14:55:21,810 [Thread-11] INFO  o.s.c.n.e.s.EurekaServerInitializerConfiguration 71 - Started Eureka Server
2017-10-13 14:55:21,843 [main] INFO  com.gzw.ServerCenterApplicationTests 57 - Started ServerCenterApplicationTests in 8.422 seconds (JVM running for 9.732)
2017-10-13 14:55:22,020 [Thread-12] INFO  o.s.w.c.s.GenericWebApplicationContext 984 - Closing org.springframework.web.context.support.GenericWebApplicationContext@71c5b236: startup date [Fri Oct 13 14:55:15 CST 2017]; parent: org.springframework.context.annotation.AnnotationConfigApplicationContext@a8ef162
2017-10-13 14:55:22,021 [Thread-12] INFO  o.s.c.n.e.s.EurekaServiceRegistry 64 - Unregistering application server-center with eureka with status DOWN
2017-10-13 14:55:22,022 [Thread-12] INFO  c.netflix.discovery.DiscoveryClient 852 - Shutting down DiscoveryClient ...
2017-10-13 14:55:22,023 [Thread-12] INFO  c.netflix.discovery.DiscoveryClient 873 - Completed shut down of DiscoveryClient
2017-10-13 14:55:22,025 [Thread-12] INFO  o.s.c.s.DefaultLifecycleProcessor 358 - Stopping beans in phase 0
2017-10-13 14:55:22,027 [Thread-12] INFO  c.n.e.DefaultEurekaServerContext 72 - Shutting down ...
2017-10-13 14:55:22,030 [Thread-12] INFO  c.n.e.DefaultEurekaServerContext 75 - Shut down
