2017-10-12 20:51:18,564 [AsyncResolver-bootstrap-executor-0] INFO  c.n.d.s.r.aws.ConfigClusterResolver 43 - Resolving eureka endpoints via configuration
2017-10-12 20:56:18,575 [AsyncResolver-bootstrap-executor-0] INFO  c.n.d.s.r.aws.ConfigClusterResolver 43 - Resolving eureka endpoints via configuration
2017-10-12 21:01:18,588 [AsyncResolver-bootstrap-executor-0] INFO  c.n.d.s.r.aws.ConfigClusterResolver 43 - Resolving eureka endpoints via configuration
2017-10-12 21:06:18,601 [AsyncResolver-bootstrap-executor-0] INFO  c.n.d.s.r.aws.ConfigClusterResolver 43 - Resolving eureka endpoints via configuration
2017-10-12 21:17:28,208 [AsyncResolver-bootstrap-executor-0] INFO  c.n.d.s.r.aws.ConfigClusterResolver 43 - Resolving eureka endpoints via configuration
2017-10-12 21:22:28,220 [AsyncResolver-bootstrap-executor-0] INFO  c.n.d.s.r.aws.ConfigClusterResolver 43 - Resolving eureka endpoints via configuration
2017-10-12 21:27:28,231 [AsyncResolver-bootstrap-executor-0] INFO  c.n.d.s.r.aws.ConfigClusterResolver 43 - Resolving eureka endpoints via configuration
2017-10-12 21:28:26,132 [Thread-9] INFO  o.s.b.c.e.AnnotationConfigEmbeddedWebApplicationContext 984 - Closing org.springframework.boot.context.embedded.AnnotationConfigEmbeddedWebApplicationContext@a50ae65: startup date [Thu Oct 12 15:52:46 CST 2017]; parent: org.springframework.context.annotation.AnnotationConfigApplicationContext@6e01f9b0
2017-10-12 21:28:26,135 [Thread-9] INFO  o.s.c.n.e.s.EurekaServiceRegistry 64 - Unregistering application seckill with eureka with status DOWN
2017-10-12 21:28:26,136 [Thread-9] WARN  c.netflix.discovery.DiscoveryClient 1277 - Saw local status change event StatusChangeEvent [timestamp=1507814906136, current=DOWN, previous=UP]
2017-10-12 21:28:26,140 [DiscoveryClient-InstanceInfoReplicator-0] INFO  c.netflix.discovery.DiscoveryClient 795 - DiscoveryClient_SECKILL/172.21.3.92:seckill:8092: registering service...
2017-10-12 21:28:26,141 [Thread-9] INFO  c.netflix.discovery.DiscoveryClient 852 - Shutting down DiscoveryClient ...
2017-10-12 21:28:26,145 [Thread-9] INFO  c.netflix.discovery.DiscoveryClient 884 - Unregistering ...
2017-10-12 21:28:26,159 [DiscoveryClient-InstanceInfoReplicator-0] INFO  c.netflix.discovery.DiscoveryClient 804 - DiscoveryClient_SECKILL/172.21.3.92:seckill:8092 - registration status: 204
2017-10-12 21:28:26,161 [Thread-9] INFO  c.netflix.discovery.DiscoveryClient 886 - DiscoveryClient_SECKILL/172.21.3.92:seckill:8092 - deregister  status: 200
2017-10-12 21:28:26,170 [Thread-9] INFO  c.netflix.discovery.DiscoveryClient 873 - Completed shut down of DiscoveryClient
2017-10-12 21:28:26,182 [Thread-9] INFO  o.s.c.s.DefaultLifecycleProcessor 358 - Stopping beans in phase 0
2017-10-12 21:28:26,193 [Thread-9] INFO  o.s.b.a.e.jmx.EndpointMBeanExporter 449 - Unregistering JMX-exposed beans on shutdown
2017-10-12 21:28:26,193 [Thread-9] INFO  o.s.b.a.e.jmx.EndpointMBeanExporter 241 - Unregistering JMX-exposed beans
2017-10-12 21:28:26,195 [Thread-9] INFO  o.s.j.e.a.AnnotationMBeanExporter 449 - Unregistering JMX-exposed beans on shutdown
2017-10-12 21:28:26,196 [Thread-9] INFO  o.s.j.e.a.AnnotationMBeanExporter 241 - Unregistering JMX-exposed beans
2017-10-12 23:57:04,796 [background-preinit] INFO  o.h.validator.internal.util.Version 30 - HV000001: Hibernate Validator 5.3.5.Final
2017-10-12 23:57:04,832 [main] INFO  o.s.c.a.AnnotationConfigApplicationContext 583 - Refreshing org.springframework.context.annotation.AnnotationConfigApplicationContext@616ac46a: startup date [Thu Oct 12 23:57:04 CST 2017]; root of context hierarchy
2017-10-12 23:57:05,201 [main] INFO  o.s.b.f.a.AutowiredAnnotationBeanPostProcessor 155 - JSR-330 'javax.inject.Inject' annotation found and supported for autowiring
2017-10-12 23:57:05,263 [main] INFO  o.s.c.s.PostProcessorRegistrationDelegate$BeanPostProcessorChecker 325 - Bean 'configurationPropertiesRebinderAutoConfiguration' of type [org.springframework.cloud.autoconfigure.ConfigurationPropertiesRebinderAutoConfiguration$$EnhancerBySpringCGLIB$$5d297a41] is not eligible for getting processed by all BeanPostProcessors (for example: not eligible for auto-proxying)
2017-10-12 23:57:05,677 [main] INFO  com.gzw.SeckillApplication 597 - The following profiles are active: prod
2017-10-12 23:57:05,776 [main] INFO  o.s.b.c.e.AnnotationConfigEmbeddedWebApplicationContext 583 - Refreshing org.springframework.boot.context.embedded.AnnotationConfigEmbeddedWebApplicationContext@5ecba515: startup date [Thu Oct 12 23:57:05 CST 2017]; parent: org.springframework.context.annotation.AnnotationConfigApplicationContext@616ac46a
2017-10-12 23:57:07,272 [main] INFO  o.s.d.r.c.RepositoryConfigurationDelegate 165 - Multiple Spring Data modules found, entering strict repository configuration mode!
2017-10-12 23:57:07,626 [main] INFO  o.s.cloud.context.scope.GenericScope 263 - BeanFactory id=42402ea0-c31a-3ba4-a517-bc0c66dec069
2017-10-12 23:57:07,643 [main] INFO  o.s.b.f.a.AutowiredAnnotationBeanPostProcessor 155 - JSR-330 'javax.inject.Inject' annotation found and supported for autowiring
2017-10-12 23:57:07,704 [main] INFO  o.s.c.s.PostProcessorRegistrationDelegate$BeanPostProcessorChecker 325 - Bean 'com.gzw.service.PayServiceR' of type [org.springframework.cloud.netflix.feign.FeignClientFactoryBean] is not eligible for getting processed by all BeanPostProcessors (for example: not eligible for auto-proxying)
2017-10-12 23:57:07,864 [main] INFO  o.s.c.s.PostProcessorRegistrationDelegate$BeanPostProcessorChecker 325 - Bean 'org.springframework.transaction.annotation.ProxyTransactionManagementConfiguration' of type [org.springframework.transaction.annotation.ProxyTransactionManagementConfiguration$$EnhancerBySpringCGLIB$$410f7744] is not eligible for getting processed by all BeanPostProcessors (for example: not eligible for auto-proxying)
2017-10-12 23:57:08,054 [main] INFO  o.s.c.s.PostProcessorRegistrationDelegate$BeanPostProcessorChecker 325 - Bean 'org.springframework.cloud.netflix.metrics.MetricsInterceptorConfiguration$MetricsRestTemplateConfiguration' of type [org.springframework.cloud.netflix.metrics.MetricsInterceptorConfiguration$MetricsRestTemplateConfiguration$$EnhancerBySpringCGLIB$$733c1d85] is not eligible for getting processed by all BeanPostProcessors (for example: not eligible for auto-proxying)
2017-10-12 23:57:08,086 [main] INFO  o.s.c.s.PostProcessorRegistrationDelegate$BeanPostProcessorChecker 325 - Bean 'org.springframework.cloud.autoconfigure.ConfigurationPropertiesRebinderAutoConfiguration' of type [org.springframework.cloud.autoconfigure.ConfigurationPropertiesRebinderAutoConfiguration$$EnhancerBySpringCGLIB$$5d297a41] is not eligible for getting processed by all BeanPostProcessors (for example: not eligible for auto-proxying)
2017-10-12 23:57:08,649 [main] INFO  o.s.b.c.e.t.TomcatEmbeddedServletContainer 89 - Tomcat initialized with port(s): 8092 (http)
2017-10-12 23:57:08,663 [main] INFO  o.a.catalina.core.StandardService 179 - Starting service [Tomcat]
2017-10-12 23:57:08,664 [main] INFO  o.a.catalina.core.StandardEngine 179 - Starting Servlet Engine: Apache Tomcat/8.5.20
2017-10-12 23:57:08,787 [localhost-startStop-1] INFO  o.a.c.c.C.[Tomcat].[localhost].[/] 179 - Initializing Spring embedded WebApplicationContext
2017-10-12 23:57:08,788 [localhost-startStop-1] INFO  o.s.web.context.ContextLoader 276 - Root WebApplicationContext: initialization completed in 3011 ms
2017-10-12 23:57:09,163 [localhost-startStop-1] INFO  o.s.b.w.s.ServletRegistrationBean 190 - Mapping servlet: 'dispatcherServlet' to [/]
2017-10-12 23:57:09,168 [localhost-startStop-1] INFO  o.s.b.w.s.FilterRegistrationBean 258 - Mapping filter: 'metricsFilter' to: [/*]
2017-10-12 23:57:09,169 [localhost-startStop-1] INFO  o.s.b.w.s.FilterRegistrationBean 258 - Mapping filter: 'characterEncodingFilter' to: [/*]
2017-10-12 23:57:09,169 [localhost-startStop-1] INFO  o.s.b.w.s.FilterRegistrationBean 258 - Mapping filter: 'hiddenHttpMethodFilter' to: [/*]
2017-10-12 23:57:09,169 [localhost-startStop-1] INFO  o.s.b.w.s.FilterRegistrationBean 258 - Mapping filter: 'httpPutFormContentFilter' to: [/*]
2017-10-12 23:57:09,170 [localhost-startStop-1] INFO  o.s.b.w.s.FilterRegistrationBean 258 - Mapping filter: 'requestContextFilter' to: [/*]
2017-10-12 23:57:09,170 [localhost-startStop-1] INFO  o.s.b.w.s.FilterRegistrationBean 258 - Mapping filter: 'webRequestLoggingFilter' to: [/*]
2017-10-12 23:57:09,170 [localhost-startStop-1] INFO  o.s.b.w.s.FilterRegistrationBean 258 - Mapping filter: 'applicationContextIdFilter' to: [/*]
2017-10-12 23:57:09,758 [main] INFO  o.s.c.a.AnnotationConfigApplicationContext 583 - Refreshing org.springframework.context.annotation.AnnotationConfigApplicationContext@1b47b7f5: startup date [Thu Oct 12 23:57:09 CST 2017]; parent: org.springframework.boot.context.embedded.AnnotationConfigEmbeddedWebApplicationContext@5ecba515
2017-10-12 23:57:09,781 [main] INFO  o.s.b.f.a.AutowiredAnnotationBeanPostProcessor 155 - JSR-330 'javax.inject.Inject' annotation found and supported for autowiring
2017-10-12 23:57:11,076 [main] INFO  o.s.w.s.m.m.a.RequestMappingHandlerAdapter 534 - Looking for @ControllerAdvice: org.springframework.boot.context.embedded.AnnotationConfigEmbeddedWebApplicationContext@5ecba515: startup date [Thu Oct 12 23:57:05 CST 2017]; parent: org.springframework.context.annotation.AnnotationConfigApplicationContext@616ac46a
2017-10-12 23:57:11,204 [main] INFO  o.s.w.s.m.m.a.RequestMappingHandlerMapping 543 - Mapped "{[/pay],methods=[POST]}" onto public java.lang.String com.gzw.controller.OrderController.pay(java.lang.String)
2017-10-12 23:57:11,205 [main] INFO  o.s.w.s.m.m.a.RequestMappingHandlerMapping 543 - Mapped "{[/kill],methods=[POST]}" onto public java.lang.String com.gzw.controller.OrderController.kill(java.lang.Integer,javax.servlet.http.HttpServletRequest)
2017-10-12 23:57:11,206 [main] INFO  o.s.w.s.m.m.a.RequestMappingHandlerMapping 543 - Mapped "{[/getOrderByOrderNo],methods=[POST]}" onto public java.lang.String com.gzw.controller.OrderController.getOrderByOrderNo(java.lang.String)
2017-10-12 23:57:11,206 [main] INFO  o.s.w.s.m.m.a.RequestMappingHandlerMapping 543 - Mapped "{[/getOrderByUserId],methods=[POST]}" onto public java.lang.String com.gzw.controller.OrderController.getOrderByUserId(java.lang.Integer)
2017-10-12 23:57:11,207 [main] INFO  o.s.w.s.m.m.a.RequestMappingHandlerMapping 543 - Mapped "{[/addSeckill],methods=[POST]}" onto public java.lang.String com.gzw.controller.SecKillController.addSeckill(com.gzw.daomain.SecKill)
2017-10-12 23:57:11,207 [main] INFO  o.s.w.s.m.m.a.RequestMappingHandlerMapping 543 - Mapped "{[/getSeckill],methods=[POST]}" onto public java.lang.String com.gzw.controller.SecKillController.getSeckill(java.lang.Integer)
2017-10-12 23:57:11,208 [main] INFO  o.s.w.s.m.m.a.RequestMappingHandlerMapping 543 - Mapped "{[/getSeckillList],methods=[POST]}" onto public java.lang.String com.gzw.controller.SecKillController.getSeckillList(java.lang.Integer,java.lang.Integer)
2017-10-12 23:57:11,210 [main] INFO  o.s.w.s.m.m.a.RequestMappingHandlerMapping 543 - Mapped "{[/do_register],methods=[POST]}" onto public java.lang.String com.gzw.controller.UserController.register(com.gzw.daomain.User)
2017-10-12 23:57:11,210 [main] INFO  o.s.w.s.m.m.a.RequestMappingHandlerMapping 543 - Mapped "{[/user],methods=[GET]}" onto public java.lang.String com.gzw.controller.UserController.getUserInfo(javax.servlet.http.HttpServletRequest)
2017-10-12 23:57:11,211 [main] INFO  o.s.w.s.m.m.a.RequestMappingHandlerMapping 543 - Mapped "{[/do_login],methods=[POST]}" onto public java.lang.String com.gzw.controller.UserController.login(com.gzw.daomain.User)
2017-10-12 23:57:11,214 [main] INFO  o.s.w.s.m.m.a.RequestMappingHandlerMapping 543 - Mapped "{[/error]}" onto public org.springframework.http.ResponseEntity<java.util.Map<java.lang.String, java.lang.Object>> org.springframework.boot.autoconfigure.web.BasicErrorController.error(javax.servlet.http.HttpServletRequest)
2017-10-12 23:57:11,218 [main] INFO  o.s.w.s.m.m.a.RequestMappingHandlerMapping 543 - Mapped "{[/error],produces=[text/html]}" onto public org.springframework.web.servlet.ModelAndView org.springframework.boot.autoconfigure.web.BasicErrorController.errorHtml(javax.servlet.http.HttpServletRequest,javax.servlet.http.HttpServletResponse)
2017-10-12 23:57:11,300 [main] INFO  o.s.w.s.h.SimpleUrlHandlerMapping 362 - Mapped URL path [/webjars/**] onto handler of type [class org.springframework.web.servlet.resource.ResourceHttpRequestHandler]
2017-10-12 23:57:11,302 [main] INFO  o.s.w.s.h.SimpleUrlHandlerMapping 362 - Mapped URL path [/**] onto handler of type [class org.springframework.web.servlet.resource.ResourceHttpRequestHandler]
2017-10-12 23:57:11,435 [main] INFO  o.s.w.s.h.SimpleUrlHandlerMapping 362 - Mapped URL path [/**/favicon.ico] onto handler of type [class org.springframework.web.servlet.resource.ResourceHttpRequestHandler]
2017-10-12 23:57:13,180 [main] INFO  o.s.b.a.e.mvc.EndpointHandlerMapping 543 - Mapped "{[/health || /health.json],methods=[GET],produces=[application/vnd.spring-boot.actuator.v1+json || application/json]}" onto public java.lang.Object org.springframework.boot.actuate.endpoint.mvc.HealthMvcEndpoint.invoke(javax.servlet.http.HttpServletRequest,java.security.Principal)
2017-10-12 23:57:13,181 [main] INFO  o.s.b.a.e.mvc.EndpointHandlerMapping 543 - Mapped "{[/trace || /trace.json],methods=[GET],produces=[application/vnd.spring-boot.actuator.v1+json || application/json]}" onto public java.lang.Object org.springframework.boot.actuate.endpoint.mvc.EndpointMvcAdapter.invoke()
2017-10-12 23:57:13,181 [main] INFO  o.s.b.a.e.mvc.EndpointHandlerMapping 543 - Mapped "{[/archaius || /archaius.json],methods=[GET],produces=[application/vnd.spring-boot.actuator.v1+json || application/json]}" onto public java.lang.Object org.springframework.boot.actuate.endpoint.mvc.EndpointMvcAdapter.invoke()
2017-10-12 23:57:13,182 [main] INFO  o.s.b.a.e.mvc.EndpointHandlerMapping 543 - Mapped "{[/restart || /restart.json],methods=[POST]}" onto public java.lang.Object org.springframework.cloud.context.restart.RestartMvcEndpoint.invoke()
2017-10-12 23:57:13,182 [main] INFO  o.s.b.a.e.mvc.EndpointHandlerMapping 543 - Mapped "{[/service-registry/instance-status],methods=[GET]}" onto public org.springframework.http.ResponseEntity org.springframework.cloud.client.serviceregistry.endpoint.ServiceRegistryEndpoint.getStatus()
2017-10-12 23:57:13,183 [main] INFO  o.s.b.a.e.mvc.EndpointHandlerMapping 543 - Mapped "{[/service-registry/instance-status],methods=[POST]}" onto public org.springframework.http.ResponseEntity<?> org.springframework.cloud.client.serviceregistry.endpoint.ServiceRegistryEndpoint.setStatus(java.lang.String)
2017-10-12 23:57:13,183 [main] INFO  o.s.b.a.e.mvc.EndpointHandlerMapping 543 - Mapped "{[/metrics/{name:.*}],methods=[GET],produces=[application/vnd.spring-boot.actuator.v1+json || application/json]}" onto public java.lang.Object org.springframework.boot.actuate.endpoint.mvc.MetricsMvcEndpoint.value(java.lang.String)
2017-10-12 23:57:13,184 [main] INFO  o.s.b.a.e.mvc.EndpointHandlerMapping 543 - Mapped "{[/metrics || /metrics.json],methods=[GET],produces=[application/vnd.spring-boot.actuator.v1+json || application/json]}" onto public java.lang.Object org.springframework.boot.actuate.endpoint.mvc.EndpointMvcAdapter.invoke()
2017-10-12 23:57:13,184 [main] INFO  o.s.b.a.e.mvc.EndpointHandlerMapping 543 - Mapped "{[/dump || /dump.json],methods=[GET],produces=[application/vnd.spring-boot.actuator.v1+json || application/json]}" onto public java.lang.Object org.springframework.boot.actuate.endpoint.mvc.EndpointMvcAdapter.invoke()
2017-10-12 23:57:13,185 [main] INFO  o.s.b.a.e.mvc.EndpointHandlerMapping 543 - Mapped "{[/resume || /resume.json],methods=[POST]}" onto public java.lang.Object org.springframework.cloud.endpoint.GenericPostableMvcEndpoint.invoke()
2017-10-12 23:57:13,186 [main] INFO  o.s.b.a.e.mvc.EndpointHandlerMapping 543 - Mapped "{[/autoconfig || /autoconfig.json],methods=[GET],produces=[application/vnd.spring-boot.actuator.v1+json || application/json]}" onto public java.lang.Object org.springframework.boot.actuate.endpoint.mvc.EndpointMvcAdapter.invoke()
2017-10-12 23:57:13,186 [main] INFO  o.s.b.a.e.mvc.EndpointHandlerMapping 543 - Mapped "{[/refresh || /refresh.json],methods=[POST]}" onto public java.lang.Object org.springframework.cloud.endpoint.GenericPostableMvcEndpoint.invoke()
2017-10-12 23:57:13,188 [main] INFO  o.s.b.a.e.mvc.EndpointHandlerMapping 543 - Mapped "{[/auditevents || /auditevents.json],methods=[GET],produces=[application/vnd.spring-boot.actuator.v1+json || application/json]}" onto public org.springframework.http.ResponseEntity<?> org.springframework.boot.actuate.endpoint.mvc.AuditEventsMvcEndpoint.findByPrincipalAndAfterAndType(java.lang.String,java.util.Date,java.lang.String)
2017-10-12 23:57:13,188 [main] INFO  o.s.b.a.e.mvc.EndpointHandlerMapping 543 - Mapped "{[/env],methods=[POST]}" onto public java.lang.Object org.springframework.cloud.context.environment.EnvironmentManagerMvcEndpoint.value(java.util.Map<java.lang.String, java.lang.String>)
2017-10-12 23:57:13,189 [main] INFO  o.s.b.a.e.mvc.EndpointHandlerMapping 543 - Mapped "{[/env/reset],methods=[POST]}" onto public java.util.Map<java.lang.String, java.lang.Object> org.springframework.cloud.context.environment.EnvironmentManagerMvcEndpoint.reset()
2017-10-12 23:57:13,191 [main] INFO  o.s.b.a.e.mvc.EndpointHandlerMapping 543 - Mapped "{[/pause || /pause.json],methods=[POST]}" onto public java.lang.Object org.springframework.cloud.endpoint.GenericPostableMvcEndpoint.invoke()
2017-10-12 23:57:13,192 [main] INFO  o.s.b.a.e.mvc.EndpointHandlerMapping 543 - Mapped "{[/beans || /beans.json],methods=[GET],produces=[application/vnd.spring-boot.actuator.v1+json || application/json]}" onto public java.lang.Object org.springframework.boot.actuate.endpoint.mvc.EndpointMvcAdapter.invoke()
2017-10-12 23:57:13,192 [main] INFO  o.s.b.a.e.mvc.EndpointHandlerMapping 543 - Mapped "{[/features || /features.json],methods=[GET],produces=[application/vnd.spring-boot.actuator.v1+json || application/json]}" onto public java.lang.Object org.springframework.boot.actuate.endpoint.mvc.EndpointMvcAdapter.invoke()
2017-10-12 23:57:13,193 [main] INFO  o.s.b.a.e.mvc.EndpointHandlerMapping 543 - Mapped "{[/mappings || /mappings.json],methods=[GET],produces=[application/vnd.spring-boot.actuator.v1+json || application/json]}" onto public java.lang.Object org.springframework.boot.actuate.endpoint.mvc.EndpointMvcAdapter.invoke()
2017-10-12 23:57:13,195 [main] INFO  o.s.b.a.e.mvc.EndpointHandlerMapping 543 - Mapped "{[/heapdump || /heapdump.json],methods=[GET],produces=[application/octet-stream]}" onto public void org.springframework.boot.actuate.endpoint.mvc.HeapdumpMvcEndpoint.invoke(boolean,javax.servlet.http.HttpServletRequest,javax.servlet.http.HttpServletResponse) throws java.io.IOException,javax.servlet.ServletException
2017-10-12 23:57:13,196 [main] INFO  o.s.b.a.e.mvc.EndpointHandlerMapping 543 - Mapped "{[/configprops || /configprops.json],methods=[GET],produces=[application/vnd.spring-boot.actuator.v1+json || application/json]}" onto public java.lang.Object org.springframework.boot.actuate.endpoint.mvc.EndpointMvcAdapter.invoke()
2017-10-12 23:57:13,196 [main] INFO  o.s.b.a.e.mvc.EndpointHandlerMapping 543 - Mapped "{[/info || /info.json],methods=[GET],produces=[application/vnd.spring-boot.actuator.v1+json || application/json]}" onto public java.lang.Object org.springframework.boot.actuate.endpoint.mvc.EndpointMvcAdapter.invoke()
2017-10-12 23:57:13,198 [main] INFO  o.s.b.a.e.mvc.EndpointHandlerMapping 543 - Mapped "{[/env/{name:.*}],methods=[GET],produces=[application/vnd.spring-boot.actuator.v1+json || application/json]}" onto public java.lang.Object org.springframework.boot.actuate.endpoint.mvc.EnvironmentMvcEndpoint.value(java.lang.String)
2017-10-12 23:57:13,198 [main] INFO  o.s.b.a.e.mvc.EndpointHandlerMapping 543 - Mapped "{[/env || /env.json],methods=[GET],produces=[application/vnd.spring-boot.actuator.v1+json || application/json]}" onto public java.lang.Object org.springframework.boot.actuate.endpoint.mvc.EndpointMvcAdapter.invoke()
2017-10-12 23:57:13,200 [main] INFO  o.s.b.a.e.mvc.EndpointHandlerMapping 543 - Mapped "{[/loggers/{name:.*}],methods=[GET],produces=[application/vnd.spring-boot.actuator.v1+json || application/json]}" onto public java.lang.Object org.springframework.boot.actuate.endpoint.mvc.LoggersMvcEndpoint.get(java.lang.String)
2017-10-12 23:57:13,201 [main] INFO  o.s.b.a.e.mvc.EndpointHandlerMapping 543 - Mapped "{[/loggers/{name:.*}],methods=[POST],consumes=[application/vnd.spring-boot.actuator.v1+json || application/json],produces=[application/vnd.spring-boot.actuator.v1+json || application/json]}" onto public java.lang.Object org.springframework.boot.actuate.endpoint.mvc.LoggersMvcEndpoint.set(java.lang.String,java.util.Map<java.lang.String, java.lang.String>)
2017-10-12 23:57:13,201 [main] INFO  o.s.b.a.e.mvc.EndpointHandlerMapping 543 - Mapped "{[/loggers || /loggers.json],methods=[GET],produces=[application/vnd.spring-boot.actuator.v1+json || application/json]}" onto public java.lang.Object org.springframework.boot.actuate.endpoint.mvc.EndpointMvcAdapter.invoke()
2017-10-12 23:57:13,810 [main] WARN  c.n.c.sources.URLConfigurationSource 121 - No URLs will be polled as dynamic configuration sources.
2017-10-12 23:57:13,810 [main] INFO  c.n.c.sources.URLConfigurationSource 122 - To enable URLs as dynamic configuration sources, define System property archaius.configurationSource.additionalUrls or make config.properties available on classpath.
2017-10-12 23:57:13,818 [main] WARN  c.n.c.sources.URLConfigurationSource 121 - No URLs will be polled as dynamic configuration sources.
2017-10-12 23:57:13,818 [main] INFO  c.n.c.sources.URLConfigurationSource 122 - To enable URLs as dynamic configuration sources, define System property archaius.configurationSource.additionalUrls or make config.properties available on classpath.
2017-10-12 23:57:14,044 [main] INFO  o.s.j.e.a.AnnotationMBeanExporter 431 - Registering beans for JMX exposure on startup
2017-10-12 23:57:14,057 [main] INFO  o.s.j.e.a.AnnotationMBeanExporter 916 - Bean with name 'environmentManager' has been autodetected for JMX exposure
2017-10-12 23:57:14,061 [main] INFO  o.s.j.e.a.AnnotationMBeanExporter 916 - Bean with name 'configurationPropertiesRebinder' has been autodetected for JMX exposure
2017-10-12 23:57:14,062 [main] INFO  o.s.j.e.a.AnnotationMBeanExporter 916 - Bean with name 'refreshEndpoint' has been autodetected for JMX exposure
2017-10-12 23:57:14,062 [main] INFO  o.s.j.e.a.AnnotationMBeanExporter 916 - Bean with name 'restartEndpoint' has been autodetected for JMX exposure
2017-10-12 23:57:14,063 [main] INFO  o.s.j.e.a.AnnotationMBeanExporter 916 - Bean with name 'serviceRegistryEndpoint' has been autodetected for JMX exposure
2017-10-12 23:57:14,066 [main] INFO  o.s.j.e.a.AnnotationMBeanExporter 916 - Bean with name 'refreshScope' has been autodetected for JMX exposure
2017-10-12 23:57:14,072 [main] INFO  o.s.j.e.a.AnnotationMBeanExporter 678 - Located managed bean 'environmentManager': registering with JMX server as MBean [org.springframework.cloud.context.environment:name=environmentManager,type=EnvironmentManager]
2017-10-12 23:57:14,095 [main] INFO  o.s.j.e.a.AnnotationMBeanExporter 678 - Located managed bean 'restartEndpoint': registering with JMX server as MBean [org.springframework.cloud.context.restart:name=restartEndpoint,type=RestartEndpoint]
2017-10-12 23:57:14,107 [main] INFO  o.s.j.e.a.AnnotationMBeanExporter 678 - Located managed bean 'serviceRegistryEndpoint': registering with JMX server as MBean [org.springframework.cloud.client.serviceregistry.endpoint:name=serviceRegistryEndpoint,type=ServiceRegistryEndpoint]
2017-10-12 23:57:14,116 [main] INFO  o.s.j.e.a.AnnotationMBeanExporter 678 - Located managed bean 'refreshScope': registering with JMX server as MBean [org.springframework.cloud.context.scope.refresh:name=refreshScope,type=RefreshScope]
2017-10-12 23:57:14,129 [main] INFO  o.s.j.e.a.AnnotationMBeanExporter 678 - Located managed bean 'configurationPropertiesRebinder': registering with JMX server as MBean [org.springframework.cloud.context.properties:name=configurationPropertiesRebinder,context=5ecba515,type=ConfigurationPropertiesRebinder]
2017-10-12 23:57:14,135 [main] INFO  o.s.j.e.a.AnnotationMBeanExporter 678 - Located managed bean 'refreshEndpoint': registering with JMX server as MBean [org.springframework.cloud.endpoint:name=refreshEndpoint,type=RefreshEndpoint]
2017-10-12 23:57:14,136 [main] INFO  o.s.b.a.e.jmx.EndpointMBeanExporter 431 - Registering beans for JMX exposure on startup
2017-10-12 23:57:14,497 [main] INFO  o.s.c.s.DefaultLifecycleProcessor 343 - Starting beans in phase 0
2017-10-12 23:57:14,508 [main] INFO  o.s.c.n.eureka.InstanceInfoFactory 70 - Setting initial instance status as: STARTING
2017-10-12 23:57:14,572 [main] INFO  c.netflix.discovery.DiscoveryClient 344 - Initializing Eureka in region us-east-1
2017-10-12 23:57:14,888 [main] INFO  c.n.d.p.DiscoveryJerseyProvider 70 - Using JSON encoding codec LegacyJacksonJson
2017-10-12 23:57:14,888 [main] INFO  c.n.d.p.DiscoveryJerseyProvider 71 - Using JSON decoding codec LegacyJacksonJson
2017-10-12 23:57:15,021 [main] INFO  c.n.d.p.DiscoveryJerseyProvider 80 - Using XML encoding codec XStreamXml
2017-10-12 23:57:15,021 [main] INFO  c.n.d.p.DiscoveryJerseyProvider 81 - Using XML decoding codec XStreamXml
2017-10-12 23:57:15,342 [main] INFO  c.n.d.s.r.aws.ConfigClusterResolver 43 - Resolving eureka endpoints via configuration
2017-10-12 23:57:15,370 [main] INFO  c.netflix.discovery.DiscoveryClient 920 - Disable delta property : false
2017-10-12 23:57:15,371 [main] INFO  c.netflix.discovery.DiscoveryClient 921 - Single vip registry refresh property : null
2017-10-12 23:57:15,371 [main] INFO  c.netflix.discovery.DiscoveryClient 922 - Force full registry fetch : false
2017-10-12 23:57:15,371 [main] INFO  c.netflix.discovery.DiscoveryClient 923 - Application is null : false
2017-10-12 23:57:15,371 [main] INFO  c.netflix.discovery.DiscoveryClient 924 - Registered Applications size is zero : true
2017-10-12 23:57:15,371 [main] INFO  c.netflix.discovery.DiscoveryClient 926 - Application version is -1: true
2017-10-12 23:57:15,372 [main] INFO  c.netflix.discovery.DiscoveryClient 1009 - Getting all instance registry info from the eureka server
2017-10-12 23:57:15,681 [main] INFO  c.netflix.discovery.DiscoveryClient 1018 - The response status is 200
2017-10-12 23:57:15,682 [main] INFO  c.netflix.discovery.DiscoveryClient 1244 - Starting heartbeat executor: renew interval is: 30
2017-10-12 23:57:15,685 [main] INFO  c.n.discovery.InstanceInfoReplicator 59 - InstanceInfoReplicator onDemand update allowed rate per min is 4
2017-10-12 23:57:15,689 [main] INFO  c.netflix.discovery.DiscoveryClient 425 - Discovery Client initialized at timestamp 1507823835688 with initial instances count: 2
2017-10-12 23:57:15,713 [main] INFO  o.s.c.n.e.s.EurekaServiceRegistry 40 - Registering application seckill with eureka with status UP
2017-10-12 23:57:15,714 [main] INFO  c.netflix.discovery.DiscoveryClient 1279 - Saw local status change event StatusChangeEvent [timestamp=1507823835714, current=UP, previous=STARTING]
2017-10-12 23:57:15,716 [DiscoveryClient-InstanceInfoReplicator-0] INFO  c.netflix.discovery.DiscoveryClient 795 - DiscoveryClient_SECKILL/192.168.11.105:seckill:8092: registering service...
2017-10-12 23:57:15,720 [main] INFO  o.s.b.a.e.jmx.EndpointMBeanExporter 678 - Located managed bean 'auditEventsEndpoint': registering with JMX server as MBean [org.springframework.boot:type=Endpoint,name=auditEventsEndpoint]
2017-10-12 23:57:15,729 [main] INFO  o.s.b.a.e.jmx.EndpointMBeanExporter 678 - Located managed bean 'featuresEndpoint': registering with JMX server as MBean [org.springframework.boot:type=Endpoint,name=featuresEndpoint]
2017-10-12 23:57:15,751 [main] INFO  o.s.b.a.e.jmx.EndpointMBeanExporter 678 - Located managed bean 'requestMappingEndpoint': registering with JMX server as MBean [org.springframework.boot:type=Endpoint,name=requestMappingEndpoint]
2017-10-12 23:57:15,756 [main] INFO  o.s.b.a.e.jmx.EndpointMBeanExporter 678 - Located managed bean 'environmentEndpoint': registering with JMX server as MBean [org.springframework.boot:type=Endpoint,name=environmentEndpoint]
2017-10-12 23:57:15,759 [main] INFO  o.s.b.a.e.jmx.EndpointMBeanExporter 678 - Located managed bean 'healthEndpoint': registering with JMX server as MBean [org.springframework.boot:type=Endpoint,name=healthEndpoint]
2017-10-12 23:57:15,762 [main] INFO  o.s.b.a.e.jmx.EndpointMBeanExporter 678 - Located managed bean 'beansEndpoint': registering with JMX server as MBean [org.springframework.boot:type=Endpoint,name=beansEndpoint]
2017-10-12 23:57:15,766 [main] INFO  o.s.b.a.e.jmx.EndpointMBeanExporter 678 - Located managed bean 'infoEndpoint': registering with JMX server as MBean [org.springframework.boot:type=Endpoint,name=infoEndpoint]
2017-10-12 23:57:15,770 [main] INFO  o.s.b.a.e.jmx.EndpointMBeanExporter 678 - Located managed bean 'loggersEndpoint': registering with JMX server as MBean [org.springframework.boot:type=Endpoint,name=loggersEndpoint]
2017-10-12 23:57:15,779 [DiscoveryClient-InstanceInfoReplicator-0] INFO  c.netflix.discovery.DiscoveryClient 804 - DiscoveryClient_SECKILL/192.168.11.105:seckill:8092 - registration status: 204
2017-10-12 23:57:15,780 [main] INFO  o.s.b.a.e.jmx.EndpointMBeanExporter 678 - Located managed bean 'metricsEndpoint': registering with JMX server as MBean [org.springframework.boot:type=Endpoint,name=metricsEndpoint]
2017-10-12 23:57:15,784 [main] INFO  o.s.b.a.e.jmx.EndpointMBeanExporter 678 - Located managed bean 'traceEndpoint': registering with JMX server as MBean [org.springframework.boot:type=Endpoint,name=traceEndpoint]
2017-10-12 23:57:15,787 [main] INFO  o.s.b.a.e.jmx.EndpointMBeanExporter 678 - Located managed bean 'dumpEndpoint': registering with JMX server as MBean [org.springframework.boot:type=Endpoint,name=dumpEndpoint]
2017-10-12 23:57:15,789 [main] INFO  o.s.b.a.e.jmx.EndpointMBeanExporter 678 - Located managed bean 'autoConfigurationReportEndpoint': registering with JMX server as MBean [org.springframework.boot:type=Endpoint,name=autoConfigurationReportEndpoint]
2017-10-12 23:57:15,792 [main] INFO  o.s.b.a.e.jmx.EndpointMBeanExporter 678 - Located managed bean 'configurationPropertiesReportEndpoint': registering with JMX server as MBean [org.springframework.boot:type=Endpoint,name=configurationPropertiesReportEndpoint]
2017-10-12 23:57:15,794 [main] INFO  o.s.b.a.e.jmx.EndpointMBeanExporter 678 - Located managed bean 'archaiusEndpoint': registering with JMX server as MBean [org.springframework.boot:type=Endpoint,name=archaiusEndpoint]
2017-10-12 23:57:15,815 [main] INFO  o.a.coyote.http11.Http11NioProtocol 179 - Initializing ProtocolHandler ["http-nio-8092"]
2017-10-12 23:57:15,826 [main] INFO  o.a.coyote.http11.Http11NioProtocol 179 - Starting ProtocolHandler ["http-nio-8092"]
2017-10-12 23:57:15,844 [main] INFO  o.a.tomcat.util.net.NioSelectorPool 179 - Using a shared selector for servlet write/read
2017-10-12 23:57:15,864 [main] INFO  o.s.b.c.e.t.TomcatEmbeddedServletContainer 201 - Tomcat started on port(s): 8092 (http)
2017-10-12 23:57:15,865 [main] INFO  o.s.c.n.e.s.EurekaAutoServiceRegistration 117 - Updating port to 8092
2017-10-12 23:57:15,871 [main] INFO  com.gzw.SeckillApplication 57 - Started SeckillApplication in 12.849 seconds (JVM running for 13.818)
