2017-10-12 20:51:18,564 [AsyncResolver-bootstrap-executor-0] INFO  c.n.d.s.r.aws.ConfigClusterResolver 43 - Resolving eureka endpoints via configuration
2017-10-12 20:56:18,575 [AsyncResolver-bootstrap-executor-0] INFO  c.n.d.s.r.aws.ConfigClusterResolver 43 - Resolving eureka endpoints via configuration
2017-10-12 21:01:18,588 [AsyncResolver-bootstrap-executor-0] INFO  c.n.d.s.r.aws.ConfigClusterResolver 43 - Resolving eureka endpoints via configuration
2017-10-12 21:06:18,601 [AsyncResolver-bootstrap-executor-0] INFO  c.n.d.s.r.aws.ConfigClusterResolver 43 - Resolving eureka endpoints via configuration
2017-10-12 21:17:28,208 [AsyncResolver-bootstrap-executor-0] INFO  c.n.d.s.r.aws.ConfigClusterResolver 43 - Resolving eureka endpoints via configuration
2017-10-12 21:22:28,220 [AsyncResolver-bootstrap-executor-0] INFO  c.n.d.s.r.aws.ConfigClusterResolver 43 - Resolving eureka endpoints via configuration
2017-10-12 21:27:28,231 [AsyncResolver-bootstrap-executor-0] INFO  c.n.d.s.r.aws.ConfigClusterResolver 43 - Resolving eureka endpoints via configuration
2017-10-12 21:28:26,132 [Thread-9] INFO  o.s.b.c.e.AnnotationConfigEmbeddedWebApplicationContext 984 - Closing org.springframework.boot.context.embedded.AnnotationConfigEmbeddedWebApplicationContext@a50ae65: startup date [Thu Oct 12 15:52:46 CST 2017]; parent: org.springframework.context.annotation.AnnotationConfigApplicationContext@6e01f9b0
2017-10-12 21:28:26,135 [Thread-9] INFO  o.s.c.n.e.s.EurekaServiceRegistry 64 - Unregistering application seckill with eureka with status DOWN
2017-10-12 21:28:26,136 [Thread-9] WARN  c.netflix.discovery.DiscoveryClient 1277 - Saw local status change event StatusChangeEvent [timestamp=1507814906136, current=DOWN, previous=UP]
2017-10-12 21:28:26,140 [DiscoveryClient-InstanceInfoReplicator-0] INFO  c.netflix.discovery.DiscoveryClient 795 - DiscoveryClient_SECKILL/172.21.3.92:seckill:8092: registering service...
2017-10-12 21:28:26,141 [Thread-9] INFO  c.netflix.discovery.DiscoveryClient 852 - Shutting down DiscoveryClient ...
2017-10-12 21:28:26,145 [Thread-9] INFO  c.netflix.discovery.DiscoveryClient 884 - Unregistering ...
2017-10-12 21:28:26,159 [DiscoveryClient-InstanceInfoReplicator-0] INFO  c.netflix.discovery.DiscoveryClient 804 - DiscoveryClient_SECKILL/172.21.3.92:seckill:8092 - registration status: 204
2017-10-12 21:28:26,161 [Thread-9] INFO  c.netflix.discovery.DiscoveryClient 886 - DiscoveryClient_SECKILL/172.21.3.92:seckill:8092 - deregister  status: 200
2017-10-12 21:28:26,170 [Thread-9] INFO  c.netflix.discovery.DiscoveryClient 873 - Completed shut down of DiscoveryClient
2017-10-12 21:28:26,182 [Thread-9] INFO  o.s.c.s.DefaultLifecycleProcessor 358 - Stopping beans in phase 0
2017-10-12 21:28:26,193 [Thread-9] INFO  o.s.b.a.e.jmx.EndpointMBeanExporter 449 - Unregistering JMX-exposed beans on shutdown
2017-10-12 21:28:26,193 [Thread-9] INFO  o.s.b.a.e.jmx.EndpointMBeanExporter 241 - Unregistering JMX-exposed beans
2017-10-12 21:28:26,195 [Thread-9] INFO  o.s.j.e.a.AnnotationMBeanExporter 449 - Unregistering JMX-exposed beans on shutdown
2017-10-12 21:28:26,196 [Thread-9] INFO  o.s.j.e.a.AnnotationMBeanExporter 241 - Unregistering JMX-exposed beans
