2017-10-12 16:49:04,120 [main] INFO  o.s.c.a.AnnotationConfigApplicationContext 583 - Refreshing org.springframework.context.annotation.AnnotationConfigApplicationContext@59e2d8e3: startup date [Thu Oct 12 16:49:04 CST 2017]; root of context hierarchy
2017-10-12 16:49:04,600 [background-preinit] INFO  o.h.validator.internal.util.Version 30 - HV000001: Hibernate Validator 5.3.5.Final
2017-10-12 16:49:04,612 [main] INFO  o.s.b.f.a.AutowiredAnnotationBeanPostProcessor 155 - JSR-330 'javax.inject.Inject' annotation found and supported for autowiring
2017-10-12 16:49:04,831 [main] INFO  o.s.c.s.PostProcessorRegistrationDelegate$BeanPostProcessorChecker 325 - Bean 'configurationPropertiesRebinderAutoConfiguration' of type [org.springframework.cloud.autoconfigure.ConfigurationPropertiesRebinderAutoConfiguration$$EnhancerBySpringCGLIB$$e1770d9d] is not eligible for getting processed by all BeanPostProcessors (for example: not eligible for auto-proxying)
2017-10-12 16:49:05,634 [main] INFO  com.gzw.ApiGatewayApplication 593 - No active profile set, falling back to default profiles: default
2017-10-12 16:49:05,683 [main] INFO  o.s.b.c.e.AnnotationConfigEmbeddedWebApplicationContext 583 - Refreshing org.springframework.boot.context.embedded.AnnotationConfigEmbeddedWebApplicationContext@59221b97: startup date [Thu Oct 12 16:49:05 CST 2017]; parent: org.springframework.context.annotation.AnnotationConfigApplicationContext@59e2d8e3
2017-10-12 16:49:07,867 [main] INFO  o.s.d.r.c.RepositoryConfigurationDelegate 165 - Multiple Spring Data modules found, entering strict repository configuration mode!
2017-10-12 16:49:08,346 [main] INFO  o.s.cloud.context.scope.GenericScope 263 - BeanFactory id=4a886bed-0e80-3862-bced-94f3ec62df4e
2017-10-12 16:49:08,373 [main] INFO  o.s.b.f.a.AutowiredAnnotationBeanPostProcessor 155 - JSR-330 'javax.inject.Inject' annotation found and supported for autowiring
2017-10-12 16:49:08,605 [main] INFO  o.s.c.s.PostProcessorRegistrationDelegate$BeanPostProcessorChecker 325 - Bean 'org.springframework.cloud.netflix.metrics.MetricsInterceptorConfiguration$MetricsRestTemplateConfiguration' of type [org.springframework.cloud.netflix.metrics.MetricsInterceptorConfiguration$MetricsRestTemplateConfiguration$$EnhancerBySpringCGLIB$$f789b0e1] is not eligible for getting processed by all BeanPostProcessors (for example: not eligible for auto-proxying)
2017-10-12 16:49:08,801 [main] INFO  o.s.c.s.PostProcessorRegistrationDelegate$BeanPostProcessorChecker 325 - Bean 'org.springframework.cloud.autoconfigure.ConfigurationPropertiesRebinderAutoConfiguration' of type [org.springframework.cloud.autoconfigure.ConfigurationPropertiesRebinderAutoConfiguration$$EnhancerBySpringCGLIB$$e1770d9d] is not eligible for getting processed by all BeanPostProcessors (for example: not eligible for auto-proxying)
2017-10-12 16:49:09,291 [main] INFO  o.s.b.c.e.t.TomcatEmbeddedServletContainer 89 - Tomcat initialized with port(s): 8888 (http)
2017-10-12 16:49:09,303 [main] INFO  o.a.catalina.core.StandardService 179 - Starting service [Tomcat]
2017-10-12 16:49:09,304 [main] INFO  o.a.catalina.core.StandardEngine 179 - Starting Servlet Engine: Apache Tomcat/8.5.20
2017-10-12 16:49:09,406 [localhost-startStop-1] INFO  o.a.c.c.C.[Tomcat].[localhost].[/] 179 - Initializing Spring embedded WebApplicationContext
2017-10-12 16:49:09,407 [localhost-startStop-1] INFO  o.s.web.context.ContextLoader 276 - Root WebApplicationContext: initialization completed in 3724 ms
2017-10-12 16:49:10,271 [localhost-startStop-1] WARN  c.n.c.sources.URLConfigurationSource 121 - No URLs will be polled as dynamic configuration sources.
2017-10-12 16:49:10,272 [localhost-startStop-1] INFO  c.n.c.sources.URLConfigurationSource 122 - To enable URLs as dynamic configuration sources, define System property archaius.configurationSource.additionalUrls or make config.properties available on classpath.
2017-10-12 16:49:10,280 [localhost-startStop-1] INFO  c.n.config.DynamicPropertyFactory 281 - DynamicPropertyFactory is initialized with configuration sources: com.netflix.config.ConcurrentCompositeConfiguration@379ba7ef
2017-10-12 16:49:10,913 [localhost-startStop-1] INFO  o.s.b.w.s.ServletRegistrationBean 190 - Mapping servlet: 'zuulServlet' to [/zuul/*]
2017-10-12 16:49:10,915 [localhost-startStop-1] INFO  o.s.b.w.s.ServletRegistrationBean 190 - Mapping servlet: 'dispatcherServlet' to [/]
2017-10-12 16:49:10,920 [localhost-startStop-1] INFO  o.s.b.w.s.FilterRegistrationBean 258 - Mapping filter: 'metricsFilter' to: [/*]
2017-10-12 16:49:10,920 [localhost-startStop-1] INFO  o.s.b.w.s.FilterRegistrationBean 258 - Mapping filter: 'characterEncodingFilter' to: [/*]
2017-10-12 16:49:10,921 [localhost-startStop-1] INFO  o.s.b.w.s.FilterRegistrationBean 258 - Mapping filter: 'hiddenHttpMethodFilter' to: [/*]
2017-10-12 16:49:10,921 [localhost-startStop-1] INFO  o.s.b.w.s.FilterRegistrationBean 258 - Mapping filter: 'httpPutFormContentFilter' to: [/*]
2017-10-12 16:49:10,921 [localhost-startStop-1] INFO  o.s.b.w.s.FilterRegistrationBean 258 - Mapping filter: 'requestContextFilter' to: [/*]
2017-10-12 16:49:10,921 [localhost-startStop-1] INFO  o.s.b.w.s.FilterRegistrationBean 258 - Mapping filter: 'webRequestLoggingFilter' to: [/*]
2017-10-12 16:49:10,921 [localhost-startStop-1] INFO  o.s.b.w.s.FilterRegistrationBean 258 - Mapping filter: 'applicationContextIdFilter' to: [/*]
2017-10-12 16:49:10,938 [localhost-startStop-1] INFO  o.s.c.n.zuul.ZuulFilterInitializer 65 - Starting filter initializer context listener
2017-10-12 16:49:12,449 [main] INFO  o.s.w.s.m.m.a.RequestMappingHandlerAdapter 534 - Looking for @ControllerAdvice: org.springframework.boot.context.embedded.AnnotationConfigEmbeddedWebApplicationContext@59221b97: startup date [Thu Oct 12 16:49:05 CST 2017]; parent: org.springframework.context.annotation.AnnotationConfigApplicationContext@59e2d8e3
2017-10-12 16:49:12,596 [main] INFO  o.s.w.s.m.m.a.RequestMappingHandlerMapping 543 - Mapped "{[/error]}" onto public org.springframework.http.ResponseEntity<java.util.Map<java.lang.String, java.lang.Object>> org.springframework.boot.autoconfigure.web.BasicErrorController.error(javax.servlet.http.HttpServletRequest)
2017-10-12 16:49:12,598 [main] INFO  o.s.w.s.m.m.a.RequestMappingHandlerMapping 543 - Mapped "{[/error],produces=[text/html]}" onto public org.springframework.web.servlet.ModelAndView org.springframework.boot.autoconfigure.web.BasicErrorController.errorHtml(javax.servlet.http.HttpServletRequest,javax.servlet.http.HttpServletResponse)
2017-10-12 16:49:12,702 [main] INFO  o.s.w.s.h.SimpleUrlHandlerMapping 362 - Mapped URL path [/webjars/**] onto handler of type [class org.springframework.web.servlet.resource.ResourceHttpRequestHandler]
2017-10-12 16:49:12,702 [main] INFO  o.s.w.s.h.SimpleUrlHandlerMapping 362 - Mapped URL path [/**] onto handler of type [class org.springframework.web.servlet.resource.ResourceHttpRequestHandler]
2017-10-12 16:49:12,740 [main] INFO  o.s.w.s.m.m.a.ExceptionHandlerExceptionResolver 273 - Detected @ExceptionHandler methods in defaultExceptionHandlerAdvice
2017-10-12 16:49:12,804 [main] INFO  o.s.w.s.h.SimpleUrlHandlerMapping 362 - Mapped URL path [/**/favicon.ico] onto handler of type [class org.springframework.web.servlet.resource.ResourceHttpRequestHandler]
2017-10-12 16:49:14,199 [main] INFO  o.s.b.a.e.mvc.EndpointHandlerMapping 543 - Mapped "{[/env/{name:.*}],methods=[GET],produces=[application/vnd.spring-boot.actuator.v1+json || application/json]}" onto public java.lang.Object org.springframework.boot.actuate.endpoint.mvc.EnvironmentMvcEndpoint.value(java.lang.String)
2017-10-12 16:49:14,200 [main] INFO  o.s.b.a.e.mvc.EndpointHandlerMapping 543 - Mapped "{[/env || /env.json],methods=[GET],produces=[application/vnd.spring-boot.actuator.v1+json || application/json]}" onto public java.lang.Object org.springframework.boot.actuate.endpoint.mvc.EndpointMvcAdapter.invoke()
2017-10-12 16:49:14,201 [main] INFO  o.s.b.a.e.mvc.EndpointHandlerMapping 543 - Mapped "{[/health || /health.json],methods=[GET],produces=[application/vnd.spring-boot.actuator.v1+json || application/json]}" onto public java.lang.Object org.springframework.boot.actuate.endpoint.mvc.HealthMvcEndpoint.invoke(javax.servlet.http.HttpServletRequest,java.security.Principal)
2017-10-12 16:49:14,202 [main] INFO  o.s.b.a.e.mvc.EndpointHandlerMapping 543 - Mapped "{[/dump || /dump.json],methods=[GET],produces=[application/vnd.spring-boot.actuator.v1+json || application/json]}" onto public java.lang.Object org.springframework.boot.actuate.endpoint.mvc.EndpointMvcAdapter.invoke()
2017-10-12 16:49:14,221 [main] INFO  o.s.b.a.e.mvc.EndpointHandlerMapping 543 - Mapped "{[/heapdump || /heapdump.json],methods=[GET],produces=[application/octet-stream]}" onto public void org.springframework.boot.actuate.endpoint.mvc.HeapdumpMvcEndpoint.invoke(boolean,javax.servlet.http.HttpServletRequest,javax.servlet.http.HttpServletResponse) throws java.io.IOException,javax.servlet.ServletException
2017-10-12 16:49:14,222 [main] INFO  o.s.b.a.e.mvc.EndpointHandlerMapping 543 - Mapped "{[/archaius || /archaius.json],methods=[GET],produces=[application/vnd.spring-boot.actuator.v1+json || application/json]}" onto public java.lang.Object org.springframework.boot.actuate.endpoint.mvc.EndpointMvcAdapter.invoke()
2017-10-12 16:49:14,222 [main] INFO  o.s.b.a.e.mvc.EndpointHandlerMapping 543 - Mapped "{[/configprops || /configprops.json],methods=[GET],produces=[application/vnd.spring-boot.actuator.v1+json || application/json]}" onto public java.lang.Object org.springframework.boot.actuate.endpoint.mvc.EndpointMvcAdapter.invoke()
2017-10-12 16:49:14,230 [main] INFO  o.s.b.a.e.mvc.EndpointHandlerMapping 543 - Mapped "{[/mappings || /mappings.json],methods=[GET],produces=[application/vnd.spring-boot.actuator.v1+json || application/json]}" onto public java.lang.Object org.springframework.boot.actuate.endpoint.mvc.EndpointMvcAdapter.invoke()
2017-10-12 16:49:14,232 [main] INFO  o.s.b.a.e.mvc.EndpointHandlerMapping 543 - Mapped "{[/auditevents || /auditevents.json],methods=[GET],produces=[application/vnd.spring-boot.actuator.v1+json || application/json]}" onto public org.springframework.http.ResponseEntity<?> org.springframework.boot.actuate.endpoint.mvc.AuditEventsMvcEndpoint.findByPrincipalAndAfterAndType(java.lang.String,java.util.Date,java.lang.String)
2017-10-12 16:49:14,233 [main] INFO  o.s.b.a.e.mvc.EndpointHandlerMapping 543 - Mapped "{[/restart || /restart.json],methods=[POST]}" onto public java.lang.Object org.springframework.cloud.context.restart.RestartMvcEndpoint.invoke()
2017-10-12 16:49:14,236 [main] INFO  o.s.b.a.e.mvc.EndpointHandlerMapping 543 - Mapped "{[/routes || /routes.json],methods=[POST]}" onto public java.lang.Object org.springframework.cloud.netflix.zuul.RoutesMvcEndpoint.reset()
2017-10-12 16:49:14,237 [main] INFO  o.s.b.a.e.mvc.EndpointHandlerMapping 543 - Mapped "{[/routes || /routes.json],methods=[GET],produces=[application/vnd.spring-boot.actuator.v1+json || application/json]}" onto public java.lang.Object org.springframework.boot.actuate.endpoint.mvc.EndpointMvcAdapter.invoke()
2017-10-12 16:49:14,238 [main] INFO  o.s.b.a.e.mvc.EndpointHandlerMapping 543 - Mapped "{[/autoconfig || /autoconfig.json],methods=[GET],produces=[application/vnd.spring-boot.actuator.v1+json || application/json]}" onto public java.lang.Object org.springframework.boot.actuate.endpoint.mvc.EndpointMvcAdapter.invoke()
2017-10-12 16:49:14,238 [main] INFO  o.s.b.a.e.mvc.EndpointHandlerMapping 543 - Mapped "{[/features || /features.json],methods=[GET],produces=[application/vnd.spring-boot.actuator.v1+json || application/json]}" onto public java.lang.Object org.springframework.boot.actuate.endpoint.mvc.EndpointMvcAdapter.invoke()
2017-10-12 16:49:14,239 [main] INFO  o.s.b.a.e.mvc.EndpointHandlerMapping 543 - Mapped "{[/resume || /resume.json],methods=[POST]}" onto public java.lang.Object org.springframework.cloud.endpoint.GenericPostableMvcEndpoint.invoke()
2017-10-12 16:49:14,240 [main] INFO  o.s.b.a.e.mvc.EndpointHandlerMapping 543 - Mapped "{[/service-registry/instance-status],methods=[POST]}" onto public org.springframework.http.ResponseEntity<?> org.springframework.cloud.client.serviceregistry.endpoint.ServiceRegistryEndpoint.setStatus(java.lang.String)
2017-10-12 16:49:14,240 [main] INFO  o.s.b.a.e.mvc.EndpointHandlerMapping 543 - Mapped "{[/service-registry/instance-status],methods=[GET]}" onto public org.springframework.http.ResponseEntity org.springframework.cloud.client.serviceregistry.endpoint.ServiceRegistryEndpoint.getStatus()
2017-10-12 16:49:14,240 [main] INFO  o.s.b.a.e.mvc.EndpointHandlerMapping 543 - Mapped "{[/env],methods=[POST]}" onto public java.lang.Object org.springframework.cloud.context.environment.EnvironmentManagerMvcEndpoint.value(java.util.Map<java.lang.String, java.lang.String>)
2017-10-12 16:49:14,241 [main] INFO  o.s.b.a.e.mvc.EndpointHandlerMapping 543 - Mapped "{[/env/reset],methods=[POST]}" onto public java.util.Map<java.lang.String, java.lang.Object> org.springframework.cloud.context.environment.EnvironmentManagerMvcEndpoint.reset()
2017-10-12 16:49:14,244 [main] INFO  o.s.b.a.e.mvc.EndpointHandlerMapping 543 - Mapped "{[/refresh || /refresh.json],methods=[POST]}" onto public java.lang.Object org.springframework.cloud.endpoint.GenericPostableMvcEndpoint.invoke()
2017-10-12 16:49:14,245 [main] INFO  o.s.b.a.e.mvc.EndpointHandlerMapping 543 - Mapped "{[/info || /info.json],methods=[GET],produces=[application/vnd.spring-boot.actuator.v1+json || application/json]}" onto public java.lang.Object org.springframework.boot.actuate.endpoint.mvc.EndpointMvcAdapter.invoke()
2017-10-12 16:49:14,246 [main] INFO  o.s.b.a.e.mvc.EndpointHandlerMapping 543 - Mapped "{[/metrics/{name:.*}],methods=[GET],produces=[application/vnd.spring-boot.actuator.v1+json || application/json]}" onto public java.lang.Object org.springframework.boot.actuate.endpoint.mvc.MetricsMvcEndpoint.value(java.lang.String)
2017-10-12 16:49:14,246 [main] INFO  o.s.b.a.e.mvc.EndpointHandlerMapping 543 - Mapped "{[/metrics || /metrics.json],methods=[GET],produces=[application/vnd.spring-boot.actuator.v1+json || application/json]}" onto public java.lang.Object org.springframework.boot.actuate.endpoint.mvc.EndpointMvcAdapter.invoke()
2017-10-12 16:49:14,247 [main] INFO  o.s.b.a.e.mvc.EndpointHandlerMapping 543 - Mapped "{[/pause || /pause.json],methods=[POST]}" onto public java.lang.Object org.springframework.cloud.endpoint.GenericPostableMvcEndpoint.invoke()
2017-10-12 16:49:14,248 [main] INFO  o.s.b.a.e.mvc.EndpointHandlerMapping 543 - Mapped "{[/beans || /beans.json],methods=[GET],produces=[application/vnd.spring-boot.actuator.v1+json || application/json]}" onto public java.lang.Object org.springframework.boot.actuate.endpoint.mvc.EndpointMvcAdapter.invoke()
2017-10-12 16:49:14,249 [main] INFO  o.s.b.a.e.mvc.EndpointHandlerMapping 543 - Mapped "{[/trace || /trace.json],methods=[GET],produces=[application/vnd.spring-boot.actuator.v1+json || application/json]}" onto public java.lang.Object org.springframework.boot.actuate.endpoint.mvc.EndpointMvcAdapter.invoke()
2017-10-12 16:49:14,250 [main] INFO  o.s.b.a.e.mvc.EndpointHandlerMapping 543 - Mapped "{[/hystrix.stream/**]}" onto public org.springframework.web.servlet.ModelAndView org.springframework.cloud.netflix.endpoint.ServletWrappingEndpoint.handle(javax.servlet.http.HttpServletRequest,javax.servlet.http.HttpServletResponse) throws java.lang.Exception
2017-10-12 16:49:14,252 [main] INFO  o.s.b.a.e.mvc.EndpointHandlerMapping 543 - Mapped "{[/loggers/{name:.*}],methods=[GET],produces=[application/vnd.spring-boot.actuator.v1+json || application/json]}" onto public java.lang.Object org.springframework.boot.actuate.endpoint.mvc.LoggersMvcEndpoint.get(java.lang.String)
2017-10-12 16:49:14,256 [main] INFO  o.s.b.a.e.mvc.EndpointHandlerMapping 543 - Mapped "{[/loggers/{name:.*}],methods=[POST],consumes=[application/vnd.spring-boot.actuator.v1+json || application/json],produces=[application/vnd.spring-boot.actuator.v1+json || application/json]}" onto public java.lang.Object org.springframework.boot.actuate.endpoint.mvc.LoggersMvcEndpoint.set(java.lang.String,java.util.Map<java.lang.String, java.lang.String>)
2017-10-12 16:49:14,257 [main] INFO  o.s.b.a.e.mvc.EndpointHandlerMapping 543 - Mapped "{[/loggers || /loggers.json],methods=[GET],produces=[application/vnd.spring-boot.actuator.v1+json || application/json]}" onto public java.lang.Object org.springframework.boot.actuate.endpoint.mvc.EndpointMvcAdapter.invoke()
2017-10-12 16:49:14,754 [main] WARN  c.n.c.sources.URLConfigurationSource 121 - No URLs will be polled as dynamic configuration sources.
2017-10-12 16:49:14,757 [main] INFO  c.n.c.sources.URLConfigurationSource 122 - To enable URLs as dynamic configuration sources, define System property archaius.configurationSource.additionalUrls or make config.properties available on classpath.
2017-10-12 16:49:15,016 [main] INFO  o.s.j.e.a.AnnotationMBeanExporter 431 - Registering beans for JMX exposure on startup
2017-10-12 16:49:15,026 [main] INFO  o.s.j.e.a.AnnotationMBeanExporter 916 - Bean with name 'zuulEndpoint' has been autodetected for JMX exposure
2017-10-12 16:49:15,027 [main] INFO  o.s.j.e.a.AnnotationMBeanExporter 916 - Bean with name 'zuulMvcEndpoint' has been autodetected for JMX exposure
2017-10-12 16:49:15,029 [main] INFO  o.s.j.e.a.AnnotationMBeanExporter 916 - Bean with name 'environmentManager' has been autodetected for JMX exposure
2017-10-12 16:49:15,032 [main] INFO  o.s.j.e.a.AnnotationMBeanExporter 916 - Bean with name 'configurationPropertiesRebinder' has been autodetected for JMX exposure
2017-10-12 16:49:15,033 [main] INFO  o.s.j.e.a.AnnotationMBeanExporter 916 - Bean with name 'refreshEndpoint' has been autodetected for JMX exposure
2017-10-12 16:49:15,034 [main] INFO  o.s.j.e.a.AnnotationMBeanExporter 916 - Bean with name 'restartEndpoint' has been autodetected for JMX exposure
2017-10-12 16:49:15,035 [main] INFO  o.s.j.e.a.AnnotationMBeanExporter 916 - Bean with name 'serviceRegistryEndpoint' has been autodetected for JMX exposure
2017-10-12 16:49:15,036 [main] INFO  o.s.j.e.a.AnnotationMBeanExporter 916 - Bean with name 'refreshScope' has been autodetected for JMX exposure
2017-10-12 16:49:15,039 [main] INFO  o.s.j.e.a.AnnotationMBeanExporter 678 - Located managed bean 'zuulMvcEndpoint': registering with JMX server as MBean [org.springframework.cloud.netflix.zuul:name=zuulMvcEndpoint,type=RoutesMvcEndpoint]
2017-10-12 16:49:15,058 [main] INFO  o.s.j.e.a.AnnotationMBeanExporter 678 - Located managed bean 'environmentManager': registering with JMX server as MBean [org.springframework.cloud.context.environment:name=environmentManager,type=EnvironmentManager]
2017-10-12 16:49:15,062 [main] INFO  o.s.j.e.a.AnnotationMBeanExporter 678 - Located managed bean 'restartEndpoint': registering with JMX server as MBean [org.springframework.cloud.context.restart:name=restartEndpoint,type=RestartEndpoint]
2017-10-12 16:49:15,079 [main] INFO  o.s.j.e.a.AnnotationMBeanExporter 678 - Located managed bean 'serviceRegistryEndpoint': registering with JMX server as MBean [org.springframework.cloud.client.serviceregistry.endpoint:name=serviceRegistryEndpoint,type=ServiceRegistryEndpoint]
2017-10-12 16:49:15,083 [main] INFO  o.s.j.e.a.AnnotationMBeanExporter 678 - Located managed bean 'refreshScope': registering with JMX server as MBean [org.springframework.cloud.context.scope.refresh:name=refreshScope,type=RefreshScope]
2017-10-12 16:49:15,100 [main] INFO  o.s.j.e.a.AnnotationMBeanExporter 678 - Located managed bean 'zuulEndpoint': registering with JMX server as MBean [org.springframework.cloud.netflix.zuul:name=zuulEndpoint,type=RoutesEndpoint]
2017-10-12 16:49:15,101 [main] WARN  o.s.j.e.a.AnnotationMBeanExporter 849 - Bean with key 'zuulEndpoint' has been registered as an MBean but has no exposed attributes or operations
2017-10-12 16:49:15,103 [main] INFO  o.s.j.e.a.AnnotationMBeanExporter 678 - Located managed bean 'configurationPropertiesRebinder': registering with JMX server as MBean [org.springframework.cloud.context.properties:name=configurationPropertiesRebinder,context=59221b97,type=ConfigurationPropertiesRebinder]
2017-10-12 16:49:15,108 [main] INFO  o.s.j.e.a.AnnotationMBeanExporter 678 - Located managed bean 'refreshEndpoint': registering with JMX server as MBean [org.springframework.cloud.endpoint:name=refreshEndpoint,type=RefreshEndpoint]
2017-10-12 16:49:15,110 [main] INFO  o.s.b.a.e.jmx.EndpointMBeanExporter 431 - Registering beans for JMX exposure on startup
2017-10-12 16:49:15,303 [main] INFO  o.s.c.s.DefaultLifecycleProcessor 343 - Starting beans in phase 0
2017-10-12 16:49:15,330 [main] INFO  o.s.c.n.eureka.InstanceInfoFactory 70 - Setting initial instance status as: STARTING
2017-10-12 16:49:15,419 [main] INFO  c.netflix.discovery.DiscoveryClient 344 - Initializing Eureka in region us-east-1
2017-10-12 16:49:15,544 [main] INFO  c.n.d.p.DiscoveryJerseyProvider 70 - Using JSON encoding codec LegacyJacksonJson
2017-10-12 16:49:15,544 [main] INFO  c.n.d.p.DiscoveryJerseyProvider 71 - Using JSON decoding codec LegacyJacksonJson
2017-10-12 16:49:15,700 [main] INFO  c.n.d.p.DiscoveryJerseyProvider 80 - Using XML encoding codec XStreamXml
2017-10-12 16:49:15,701 [main] INFO  c.n.d.p.DiscoveryJerseyProvider 81 - Using XML decoding codec XStreamXml
2017-10-12 16:49:16,098 [main] INFO  c.n.d.s.r.aws.ConfigClusterResolver 43 - Resolving eureka endpoints via configuration
2017-10-12 16:49:16,122 [main] INFO  c.netflix.discovery.DiscoveryClient 920 - Disable delta property : false
2017-10-12 16:49:16,122 [main] INFO  c.netflix.discovery.DiscoveryClient 921 - Single vip registry refresh property : null
2017-10-12 16:49:16,123 [main] INFO  c.netflix.discovery.DiscoveryClient 922 - Force full registry fetch : false
2017-10-12 16:49:16,123 [main] INFO  c.netflix.discovery.DiscoveryClient 923 - Application is null : false
2017-10-12 16:49:16,123 [main] INFO  c.netflix.discovery.DiscoveryClient 924 - Registered Applications size is zero : true
2017-10-12 16:49:16,123 [main] INFO  c.netflix.discovery.DiscoveryClient 926 - Application version is -1: true
2017-10-12 16:49:16,123 [main] INFO  c.netflix.discovery.DiscoveryClient 1009 - Getting all instance registry info from the eureka server
2017-10-12 16:49:16,386 [main] INFO  c.netflix.discovery.DiscoveryClient 1018 - The response status is 200
2017-10-12 16:49:16,395 [main] INFO  c.netflix.discovery.DiscoveryClient 1244 - Starting heartbeat executor: renew interval is: 30
2017-10-12 16:49:16,402 [main] INFO  c.n.discovery.InstanceInfoReplicator 59 - InstanceInfoReplicator onDemand update allowed rate per min is 4
2017-10-12 16:49:16,420 [main] INFO  c.netflix.discovery.DiscoveryClient 425 - Discovery Client initialized at timestamp 1507798156419 with initial instances count: 1
2017-10-12 16:49:16,515 [main] INFO  o.s.c.n.e.s.EurekaServiceRegistry 40 - Registering application api-gateway with eureka with status UP
2017-10-12 16:49:16,516 [main] INFO  c.netflix.discovery.DiscoveryClient 1279 - Saw local status change event StatusChangeEvent [timestamp=1507798156516, current=UP, previous=STARTING]
2017-10-12 16:49:16,518 [DiscoveryClient-InstanceInfoReplicator-0] INFO  c.netflix.discovery.DiscoveryClient 795 - DiscoveryClient_API-GATEWAY/10.200.8.109:api-gateway:8888: registering service...
2017-10-12 16:49:16,525 [main] INFO  o.s.b.a.e.jmx.EndpointMBeanExporter 678 - Located managed bean 'auditEventsEndpoint': registering with JMX server as MBean [org.springframework.boot:type=Endpoint,name=auditEventsEndpoint]
2017-10-12 16:49:16,538 [main] INFO  o.s.b.a.e.jmx.EndpointMBeanExporter 678 - Located managed bean 'featuresEndpoint': registering with JMX server as MBean [org.springframework.boot:type=Endpoint,name=featuresEndpoint]
2017-10-12 16:49:16,548 [main] INFO  o.s.b.a.e.jmx.EndpointMBeanExporter 678 - Located managed bean 'requestMappingEndpoint': registering with JMX server as MBean [org.springframework.boot:type=Endpoint,name=requestMappingEndpoint]
2017-10-12 16:49:16,552 [main] INFO  o.s.b.a.e.jmx.EndpointMBeanExporter 678 - Located managed bean 'environmentEndpoint': registering with JMX server as MBean [org.springframework.boot:type=Endpoint,name=environmentEndpoint]
2017-10-12 16:49:16,556 [main] INFO  o.s.b.a.e.jmx.EndpointMBeanExporter 678 - Located managed bean 'healthEndpoint': registering with JMX server as MBean [org.springframework.boot:type=Endpoint,name=healthEndpoint]
2017-10-12 16:49:16,560 [main] INFO  o.s.b.a.e.jmx.EndpointMBeanExporter 678 - Located managed bean 'beansEndpoint': registering with JMX server as MBean [org.springframework.boot:type=Endpoint,name=beansEndpoint]
2017-10-12 16:49:16,561 [DiscoveryClient-InstanceInfoReplicator-0] INFO  c.netflix.discovery.DiscoveryClient 804 - DiscoveryClient_API-GATEWAY/10.200.8.109:api-gateway:8888 - registration status: 204
2017-10-12 16:49:16,564 [main] INFO  o.s.b.a.e.jmx.EndpointMBeanExporter 678 - Located managed bean 'infoEndpoint': registering with JMX server as MBean [org.springframework.boot:type=Endpoint,name=infoEndpoint]
2017-10-12 16:49:16,567 [main] INFO  o.s.b.a.e.jmx.EndpointMBeanExporter 678 - Located managed bean 'loggersEndpoint': registering with JMX server as MBean [org.springframework.boot:type=Endpoint,name=loggersEndpoint]
2017-10-12 16:49:16,574 [main] INFO  o.s.b.a.e.jmx.EndpointMBeanExporter 678 - Located managed bean 'metricsEndpoint': registering with JMX server as MBean [org.springframework.boot:type=Endpoint,name=metricsEndpoint]
2017-10-12 16:49:16,576 [main] INFO  o.s.b.a.e.jmx.EndpointMBeanExporter 678 - Located managed bean 'traceEndpoint': registering with JMX server as MBean [org.springframework.boot:type=Endpoint,name=traceEndpoint]
2017-10-12 16:49:16,578 [main] INFO  o.s.b.a.e.jmx.EndpointMBeanExporter 678 - Located managed bean 'dumpEndpoint': registering with JMX server as MBean [org.springframework.boot:type=Endpoint,name=dumpEndpoint]
2017-10-12 16:49:16,580 [main] INFO  o.s.b.a.e.jmx.EndpointMBeanExporter 678 - Located managed bean 'autoConfigurationReportEndpoint': registering with JMX server as MBean [org.springframework.boot:type=Endpoint,name=autoConfigurationReportEndpoint]
2017-10-12 16:49:16,582 [main] INFO  o.s.b.a.e.jmx.EndpointMBeanExporter 678 - Located managed bean 'configurationPropertiesReportEndpoint': registering with JMX server as MBean [org.springframework.boot:type=Endpoint,name=configurationPropertiesReportEndpoint]
2017-10-12 16:49:16,585 [main] INFO  o.s.b.a.e.jmx.EndpointMBeanExporter 678 - Located managed bean 'archaiusEndpoint': registering with JMX server as MBean [org.springframework.boot:type=Endpoint,name=archaiusEndpoint]
2017-10-12 16:49:16,587 [main] INFO  o.s.c.s.DefaultLifecycleProcessor 343 - Starting beans in phase 2147483647
2017-10-12 16:49:16,592 [main] INFO  o.s.c.n.h.HystrixCircuitBreakerConfiguration$HystrixMetricsPollerConfiguration 138 - Starting poller
2017-10-12 16:49:16,639 [main] INFO  o.a.coyote.http11.Http11NioProtocol 179 - Initializing ProtocolHandler ["http-nio-8888"]
2017-10-12 16:49:16,661 [main] INFO  o.a.coyote.http11.Http11NioProtocol 179 - Starting ProtocolHandler ["http-nio-8888"]
2017-10-12 16:49:16,694 [main] INFO  o.a.tomcat.util.net.NioSelectorPool 179 - Using a shared selector for servlet write/read
2017-10-12 16:49:16,738 [main] INFO  o.s.b.c.e.t.TomcatEmbeddedServletContainer 201 - Tomcat started on port(s): 8888 (http)
2017-10-12 16:49:16,739 [main] INFO  o.s.c.n.e.s.EurekaAutoServiceRegistration 117 - Updating port to 8888
2017-10-12 16:49:16,744 [main] INFO  com.gzw.ApiGatewayApplication 57 - Started ApiGatewayApplication in 13.351 seconds (JVM running for 14.591)
2017-10-12 16:51:16,545 [DiscoveryClient-HeartbeatExecutor-0] INFO  c.netflix.discovery.DiscoveryClient 819 - DiscoveryClient_API-GATEWAY/10.200.8.109:api-gateway:8888 - Re-registering apps/API-GATEWAY
2017-10-12 16:51:16,545 [DiscoveryClient-HeartbeatExecutor-0] INFO  c.netflix.discovery.DiscoveryClient 795 - DiscoveryClient_API-GATEWAY/10.200.8.109:api-gateway:8888: registering service...
2017-10-12 16:51:16,561 [DiscoveryClient-HeartbeatExecutor-0] INFO  c.netflix.discovery.DiscoveryClient 804 - DiscoveryClient_API-GATEWAY/10.200.8.109:api-gateway:8888 - registration status: 204
2017-10-12 16:51:53,165 [Thread-9] INFO  o.s.b.c.e.AnnotationConfigEmbeddedWebApplicationContext 984 - Closing org.springframework.boot.context.embedded.AnnotationConfigEmbeddedWebApplicationContext@59221b97: startup date [Thu Oct 12 16:49:05 CST 2017]; parent: org.springframework.context.annotation.AnnotationConfigApplicationContext@59e2d8e3
2017-10-12 16:51:53,168 [Thread-9] INFO  o.s.c.n.e.s.EurekaServiceRegistry 64 - Unregistering application api-gateway with eureka with status DOWN
2017-10-12 16:51:53,169 [Thread-9] WARN  c.netflix.discovery.DiscoveryClient 1277 - Saw local status change event StatusChangeEvent [timestamp=1507798313169, current=DOWN, previous=UP]
2017-10-12 16:51:53,170 [DiscoveryClient-InstanceInfoReplicator-0] INFO  c.netflix.discovery.DiscoveryClient 795 - DiscoveryClient_API-GATEWAY/10.200.8.109:api-gateway:8888: registering service...
2017-10-12 16:51:53,170 [Thread-9] INFO  c.netflix.discovery.DiscoveryClient 852 - Shutting down DiscoveryClient ...
2017-10-12 16:51:53,171 [Thread-9] INFO  c.netflix.discovery.DiscoveryClient 884 - Unregistering ...
2017-10-12 16:51:53,189 [DiscoveryClient-InstanceInfoReplicator-0] INFO  c.netflix.discovery.DiscoveryClient 804 - DiscoveryClient_API-GATEWAY/10.200.8.109:api-gateway:8888 - registration status: 204
2017-10-12 16:51:53,198 [Thread-9] INFO  c.netflix.discovery.DiscoveryClient 886 - DiscoveryClient_API-GATEWAY/10.200.8.109:api-gateway:8888 - deregister  status: 200
2017-10-12 16:51:53,214 [Thread-9] INFO  c.netflix.discovery.DiscoveryClient 873 - Completed shut down of DiscoveryClient
2017-10-12 16:51:53,222 [Thread-9] INFO  o.s.c.s.DefaultLifecycleProcessor 358 - Stopping beans in phase 2147483647
2017-10-12 16:51:53,223 [Thread-9] INFO  o.s.c.s.DefaultLifecycleProcessor 358 - Stopping beans in phase 0
2017-10-12 16:51:53,227 [Thread-9] INFO  o.s.b.a.e.jmx.EndpointMBeanExporter 449 - Unregistering JMX-exposed beans on shutdown
2017-10-12 16:51:53,230 [Thread-9] INFO  o.s.b.a.e.jmx.EndpointMBeanExporter 241 - Unregistering JMX-exposed beans
2017-10-12 16:51:53,232 [Thread-9] INFO  o.s.j.e.a.AnnotationMBeanExporter 449 - Unregistering JMX-exposed beans on shutdown
2017-10-12 16:51:53,233 [Thread-9] INFO  o.s.j.e.a.AnnotationMBeanExporter 241 - Unregistering JMX-exposed beans
2017-10-12 16:51:53,265 [Thread-9] WARN  c.n.c.sources.URLConfigurationSource 121 - No URLs will be polled as dynamic configuration sources.
2017-10-12 16:51:53,266 [Thread-9] INFO  c.n.c.sources.URLConfigurationSource 122 - To enable URLs as dynamic configuration sources, define System property archaius.configurationSource.additionalUrls or make config.properties available on classpath.
2017-10-12 16:51:53,303 [localhost-startStop-2] INFO  o.s.c.n.zuul.ZuulFilterInitializer 77 - Stopping filter initializer context listener
2017-10-12 20:57:01,217 [main] INFO  o.s.c.a.AnnotationConfigApplicationContext 583 - Refreshing org.springframework.context.annotation.AnnotationConfigApplicationContext@2fba3fc4: startup date [Thu Oct 12 20:57:01 CST 2017]; root of context hierarchy
2017-10-12 20:57:01,594 [background-preinit] INFO  o.h.validator.internal.util.Version 30 - HV000001: Hibernate Validator 5.3.5.Final
2017-10-12 20:57:01,740 [main] INFO  o.s.b.f.a.AutowiredAnnotationBeanPostProcessor 155 - JSR-330 'javax.inject.Inject' annotation found and supported for autowiring
2017-10-12 20:57:01,848 [main] INFO  o.s.c.s.PostProcessorRegistrationDelegate$BeanPostProcessorChecker 325 - Bean 'configurationPropertiesRebinderAutoConfiguration' of type [org.springframework.cloud.autoconfigure.ConfigurationPropertiesRebinderAutoConfiguration$$EnhancerBySpringCGLIB$$df87af49] is not eligible for getting processed by all BeanPostProcessors (for example: not eligible for auto-proxying)
2017-10-12 20:57:02,334 [main] INFO  com.gzw.ApiGatewayApplication 597 - The following profiles are active: test
2017-10-12 20:57:02,366 [main] INFO  o.s.b.c.e.AnnotationConfigEmbeddedWebApplicationContext 583 - Refreshing org.springframework.boot.context.embedded.AnnotationConfigEmbeddedWebApplicationContext@9257031: startup date [Thu Oct 12 20:57:02 CST 2017]; parent: org.springframework.context.annotation.AnnotationConfigApplicationContext@2fba3fc4
2017-10-12 20:57:03,708 [main] INFO  o.s.d.r.c.RepositoryConfigurationDelegate 165 - Multiple Spring Data modules found, entering strict repository configuration mode!
2017-10-12 20:57:04,131 [main] INFO  o.s.cloud.context.scope.GenericScope 263 - BeanFactory id=4a886bed-0e80-3862-bced-94f3ec62df4e
2017-10-12 20:57:04,172 [main] INFO  o.s.b.f.a.AutowiredAnnotationBeanPostProcessor 155 - JSR-330 'javax.inject.Inject' annotation found and supported for autowiring
2017-10-12 20:57:04,359 [main] INFO  o.s.c.s.PostProcessorRegistrationDelegate$BeanPostProcessorChecker 325 - Bean 'org.springframework.cloud.netflix.metrics.MetricsInterceptorConfiguration$MetricsRestTemplateConfiguration' of type [org.springframework.cloud.netflix.metrics.MetricsInterceptorConfiguration$MetricsRestTemplateConfiguration$$EnhancerBySpringCGLIB$$f59a528d] is not eligible for getting processed by all BeanPostProcessors (for example: not eligible for auto-proxying)
2017-10-12 20:57:04,559 [main] INFO  o.s.c.s.PostProcessorRegistrationDelegate$BeanPostProcessorChecker 325 - Bean 'org.springframework.cloud.autoconfigure.ConfigurationPropertiesRebinderAutoConfiguration' of type [org.springframework.cloud.autoconfigure.ConfigurationPropertiesRebinderAutoConfiguration$$EnhancerBySpringCGLIB$$df87af49] is not eligible for getting processed by all BeanPostProcessors (for example: not eligible for auto-proxying)
2017-10-12 20:57:05,044 [main] INFO  o.s.b.c.e.t.TomcatEmbeddedServletContainer 89 - Tomcat initialized with port(s): 8888 (http)
2017-10-12 20:57:05,057 [main] INFO  o.a.catalina.core.StandardService 179 - Starting service [Tomcat]
2017-10-12 20:57:05,059 [main] INFO  o.a.catalina.core.StandardEngine 179 - Starting Servlet Engine: Apache Tomcat/8.5.20
2017-10-12 20:57:05,190 [localhost-startStop-1] INFO  o.a.c.c.C.[Tomcat].[localhost].[/] 179 - Initializing Spring embedded WebApplicationContext
2017-10-12 20:57:05,191 [localhost-startStop-1] INFO  o.s.web.context.ContextLoader 276 - Root WebApplicationContext: initialization completed in 2825 ms
2017-10-12 20:57:06,011 [localhost-startStop-1] WARN  c.n.c.sources.URLConfigurationSource 121 - No URLs will be polled as dynamic configuration sources.
2017-10-12 20:57:06,012 [localhost-startStop-1] INFO  c.n.c.sources.URLConfigurationSource 122 - To enable URLs as dynamic configuration sources, define System property archaius.configurationSource.additionalUrls or make config.properties available on classpath.
2017-10-12 20:57:06,021 [localhost-startStop-1] INFO  c.n.config.DynamicPropertyFactory 281 - DynamicPropertyFactory is initialized with configuration sources: com.netflix.config.ConcurrentCompositeConfiguration@2e04bdb4
2017-10-12 20:57:06,764 [localhost-startStop-1] INFO  o.s.b.w.s.ServletRegistrationBean 190 - Mapping servlet: 'zuulServlet' to [/zuul/*]
2017-10-12 20:57:06,765 [localhost-startStop-1] INFO  o.s.b.w.s.ServletRegistrationBean 190 - Mapping servlet: 'dispatcherServlet' to [/]
2017-10-12 20:57:06,770 [localhost-startStop-1] INFO  o.s.b.w.s.FilterRegistrationBean 258 - Mapping filter: 'metricsFilter' to: [/*]
2017-10-12 20:57:06,770 [localhost-startStop-1] INFO  o.s.b.w.s.FilterRegistrationBean 258 - Mapping filter: 'characterEncodingFilter' to: [/*]
2017-10-12 20:57:06,770 [localhost-startStop-1] INFO  o.s.b.w.s.FilterRegistrationBean 258 - Mapping filter: 'hiddenHttpMethodFilter' to: [/*]
2017-10-12 20:57:06,770 [localhost-startStop-1] INFO  o.s.b.w.s.FilterRegistrationBean 258 - Mapping filter: 'httpPutFormContentFilter' to: [/*]
2017-10-12 20:57:06,771 [localhost-startStop-1] INFO  o.s.b.w.s.FilterRegistrationBean 258 - Mapping filter: 'requestContextFilter' to: [/*]
2017-10-12 20:57:06,771 [localhost-startStop-1] INFO  o.s.b.w.s.FilterRegistrationBean 258 - Mapping filter: 'webRequestLoggingFilter' to: [/*]
2017-10-12 20:57:06,771 [localhost-startStop-1] INFO  o.s.b.w.s.FilterRegistrationBean 258 - Mapping filter: 'applicationContextIdFilter' to: [/*]
2017-10-12 20:57:06,790 [localhost-startStop-1] INFO  o.s.c.n.zuul.ZuulFilterInitializer 65 - Starting filter initializer context listener
2017-10-12 20:57:08,346 [main] INFO  o.s.w.s.m.m.a.RequestMappingHandlerAdapter 534 - Looking for @ControllerAdvice: org.springframework.boot.context.embedded.AnnotationConfigEmbeddedWebApplicationContext@9257031: startup date [Thu Oct 12 20:57:02 CST 2017]; parent: org.springframework.context.annotation.AnnotationConfigApplicationContext@2fba3fc4
2017-10-12 20:57:08,614 [main] INFO  o.s.w.s.m.m.a.RequestMappingHandlerMapping 543 - Mapped "{[/error]}" onto public org.springframework.http.ResponseEntity<java.util.Map<java.lang.String, java.lang.Object>> org.springframework.boot.autoconfigure.web.BasicErrorController.error(javax.servlet.http.HttpServletRequest)
2017-10-12 20:57:08,616 [main] INFO  o.s.w.s.m.m.a.RequestMappingHandlerMapping 543 - Mapped "{[/error],produces=[text/html]}" onto public org.springframework.web.servlet.ModelAndView org.springframework.boot.autoconfigure.web.BasicErrorController.errorHtml(javax.servlet.http.HttpServletRequest,javax.servlet.http.HttpServletResponse)
2017-10-12 20:57:09,268 [main] INFO  o.s.w.s.h.SimpleUrlHandlerMapping 362 - Mapped URL path [/webjars/**] onto handler of type [class org.springframework.web.servlet.resource.ResourceHttpRequestHandler]
2017-10-12 20:57:09,269 [main] INFO  o.s.w.s.h.SimpleUrlHandlerMapping 362 - Mapped URL path [/**] onto handler of type [class org.springframework.web.servlet.resource.ResourceHttpRequestHandler]
2017-10-12 20:57:09,398 [main] INFO  o.s.w.s.m.m.a.ExceptionHandlerExceptionResolver 273 - Detected @ExceptionHandler methods in defaultExceptionHandlerAdvice
2017-10-12 20:57:09,483 [main] INFO  o.s.w.s.h.SimpleUrlHandlerMapping 362 - Mapped URL path [/**/favicon.ico] onto handler of type [class org.springframework.web.servlet.resource.ResourceHttpRequestHandler]
2017-10-12 20:57:11,062 [main] INFO  o.s.b.a.e.mvc.EndpointHandlerMapping 543 - Mapped "{[/restart || /restart.json],methods=[POST]}" onto public java.lang.Object org.springframework.cloud.context.restart.RestartMvcEndpoint.invoke()
2017-10-12 20:57:11,063 [main] INFO  o.s.b.a.e.mvc.EndpointHandlerMapping 543 - Mapped "{[/resume || /resume.json],methods=[POST]}" onto public java.lang.Object org.springframework.cloud.endpoint.GenericPostableMvcEndpoint.invoke()
2017-10-12 20:57:11,066 [main] INFO  o.s.b.a.e.mvc.EndpointHandlerMapping 543 - Mapped "{[/loggers/{name:.*}],methods=[GET],produces=[application/vnd.spring-boot.actuator.v1+json || application/json]}" onto public java.lang.Object org.springframework.boot.actuate.endpoint.mvc.LoggersMvcEndpoint.get(java.lang.String)
2017-10-12 20:57:11,066 [main] INFO  o.s.b.a.e.mvc.EndpointHandlerMapping 543 - Mapped "{[/loggers/{name:.*}],methods=[POST],consumes=[application/vnd.spring-boot.actuator.v1+json || application/json],produces=[application/vnd.spring-boot.actuator.v1+json || application/json]}" onto public java.lang.Object org.springframework.boot.actuate.endpoint.mvc.LoggersMvcEndpoint.set(java.lang.String,java.util.Map<java.lang.String, java.lang.String>)
2017-10-12 20:57:11,066 [main] INFO  o.s.b.a.e.mvc.EndpointHandlerMapping 543 - Mapped "{[/loggers || /loggers.json],methods=[GET],produces=[application/vnd.spring-boot.actuator.v1+json || application/json]}" onto public java.lang.Object org.springframework.boot.actuate.endpoint.mvc.EndpointMvcAdapter.invoke()
2017-10-12 20:57:11,067 [main] INFO  o.s.b.a.e.mvc.EndpointHandlerMapping 543 - Mapped "{[/dump || /dump.json],methods=[GET],produces=[application/vnd.spring-boot.actuator.v1+json || application/json]}" onto public java.lang.Object org.springframework.boot.actuate.endpoint.mvc.EndpointMvcAdapter.invoke()
2017-10-12 20:57:11,068 [main] INFO  o.s.b.a.e.mvc.EndpointHandlerMapping 543 - Mapped "{[/configprops || /configprops.json],methods=[GET],produces=[application/vnd.spring-boot.actuator.v1+json || application/json]}" onto public java.lang.Object org.springframework.boot.actuate.endpoint.mvc.EndpointMvcAdapter.invoke()
2017-10-12 20:57:11,070 [main] INFO  o.s.b.a.e.mvc.EndpointHandlerMapping 543 - Mapped "{[/heapdump || /heapdump.json],methods=[GET],produces=[application/octet-stream]}" onto public void org.springframework.boot.actuate.endpoint.mvc.HeapdumpMvcEndpoint.invoke(boolean,javax.servlet.http.HttpServletRequest,javax.servlet.http.HttpServletResponse) throws java.io.IOException,javax.servlet.ServletException
2017-10-12 20:57:11,070 [main] INFO  o.s.b.a.e.mvc.EndpointHandlerMapping 543 - Mapped "{[/hystrix.stream/**]}" onto public org.springframework.web.servlet.ModelAndView org.springframework.cloud.netflix.endpoint.ServletWrappingEndpoint.handle(javax.servlet.http.HttpServletRequest,javax.servlet.http.HttpServletResponse) throws java.lang.Exception
2017-10-12 20:57:11,071 [main] INFO  o.s.b.a.e.mvc.EndpointHandlerMapping 543 - Mapped "{[/env/{name:.*}],methods=[GET],produces=[application/vnd.spring-boot.actuator.v1+json || application/json]}" onto public java.lang.Object org.springframework.boot.actuate.endpoint.mvc.EnvironmentMvcEndpoint.value(java.lang.String)
2017-10-12 20:57:11,072 [main] INFO  o.s.b.a.e.mvc.EndpointHandlerMapping 543 - Mapped "{[/env || /env.json],methods=[GET],produces=[application/vnd.spring-boot.actuator.v1+json || application/json]}" onto public java.lang.Object org.springframework.boot.actuate.endpoint.mvc.EndpointMvcAdapter.invoke()
2017-10-12 20:57:11,073 [main] INFO  o.s.b.a.e.mvc.EndpointHandlerMapping 543 - Mapped "{[/pause || /pause.json],methods=[POST]}" onto public java.lang.Object org.springframework.cloud.endpoint.GenericPostableMvcEndpoint.invoke()
2017-10-12 20:57:11,075 [main] INFO  o.s.b.a.e.mvc.EndpointHandlerMapping 543 - Mapped "{[/mappings || /mappings.json],methods=[GET],produces=[application/vnd.spring-boot.actuator.v1+json || application/json]}" onto public java.lang.Object org.springframework.boot.actuate.endpoint.mvc.EndpointMvcAdapter.invoke()
2017-10-12 20:57:11,078 [main] INFO  o.s.b.a.e.mvc.EndpointHandlerMapping 543 - Mapped "{[/beans || /beans.json],methods=[GET],produces=[application/vnd.spring-boot.actuator.v1+json || application/json]}" onto public java.lang.Object org.springframework.boot.actuate.endpoint.mvc.EndpointMvcAdapter.invoke()
2017-10-12 20:57:11,079 [main] INFO  o.s.b.a.e.mvc.EndpointHandlerMapping 543 - Mapped "{[/autoconfig || /autoconfig.json],methods=[GET],produces=[application/vnd.spring-boot.actuator.v1+json || application/json]}" onto public java.lang.Object org.springframework.boot.actuate.endpoint.mvc.EndpointMvcAdapter.invoke()
2017-10-12 20:57:11,080 [main] INFO  o.s.b.a.e.mvc.EndpointHandlerMapping 543 - Mapped "{[/env],methods=[POST]}" onto public java.lang.Object org.springframework.cloud.context.environment.EnvironmentManagerMvcEndpoint.value(java.util.Map<java.lang.String, java.lang.String>)
2017-10-12 20:57:11,080 [main] INFO  o.s.b.a.e.mvc.EndpointHandlerMapping 543 - Mapped "{[/env/reset],methods=[POST]}" onto public java.util.Map<java.lang.String, java.lang.Object> org.springframework.cloud.context.environment.EnvironmentManagerMvcEndpoint.reset()
2017-10-12 20:57:11,081 [main] INFO  o.s.b.a.e.mvc.EndpointHandlerMapping 543 - Mapped "{[/features || /features.json],methods=[GET],produces=[application/vnd.spring-boot.actuator.v1+json || application/json]}" onto public java.lang.Object org.springframework.boot.actuate.endpoint.mvc.EndpointMvcAdapter.invoke()
2017-10-12 20:57:11,082 [main] INFO  o.s.b.a.e.mvc.EndpointHandlerMapping 543 - Mapped "{[/info || /info.json],methods=[GET],produces=[application/vnd.spring-boot.actuator.v1+json || application/json]}" onto public java.lang.Object org.springframework.boot.actuate.endpoint.mvc.EndpointMvcAdapter.invoke()
2017-10-12 20:57:11,085 [main] INFO  o.s.b.a.e.mvc.EndpointHandlerMapping 543 - Mapped "{[/refresh || /refresh.json],methods=[POST]}" onto public java.lang.Object org.springframework.cloud.endpoint.GenericPostableMvcEndpoint.invoke()
2017-10-12 20:57:11,085 [main] INFO  o.s.b.a.e.mvc.EndpointHandlerMapping 543 - Mapped "{[/service-registry/instance-status],methods=[POST]}" onto public org.springframework.http.ResponseEntity<?> org.springframework.cloud.client.serviceregistry.endpoint.ServiceRegistryEndpoint.setStatus(java.lang.String)
2017-10-12 20:57:11,086 [main] INFO  o.s.b.a.e.mvc.EndpointHandlerMapping 543 - Mapped "{[/service-registry/instance-status],methods=[GET]}" onto public org.springframework.http.ResponseEntity org.springframework.cloud.client.serviceregistry.endpoint.ServiceRegistryEndpoint.getStatus()
2017-10-12 20:57:11,087 [main] INFO  o.s.b.a.e.mvc.EndpointHandlerMapping 543 - Mapped "{[/metrics/{name:.*}],methods=[GET],produces=[application/vnd.spring-boot.actuator.v1+json || application/json]}" onto public java.lang.Object org.springframework.boot.actuate.endpoint.mvc.MetricsMvcEndpoint.value(java.lang.String)
2017-10-12 20:57:11,087 [main] INFO  o.s.b.a.e.mvc.EndpointHandlerMapping 543 - Mapped "{[/metrics || /metrics.json],methods=[GET],produces=[application/vnd.spring-boot.actuator.v1+json || application/json]}" onto public java.lang.Object org.springframework.boot.actuate.endpoint.mvc.EndpointMvcAdapter.invoke()
2017-10-12 20:57:11,088 [main] INFO  o.s.b.a.e.mvc.EndpointHandlerMapping 543 - Mapped "{[/health || /health.json],methods=[GET],produces=[application/vnd.spring-boot.actuator.v1+json || application/json]}" onto public java.lang.Object org.springframework.boot.actuate.endpoint.mvc.HealthMvcEndpoint.invoke(javax.servlet.http.HttpServletRequest,java.security.Principal)
2017-10-12 20:57:11,089 [main] INFO  o.s.b.a.e.mvc.EndpointHandlerMapping 543 - Mapped "{[/trace || /trace.json],methods=[GET],produces=[application/vnd.spring-boot.actuator.v1+json || application/json]}" onto public java.lang.Object org.springframework.boot.actuate.endpoint.mvc.EndpointMvcAdapter.invoke()
2017-10-12 20:57:11,090 [main] INFO  o.s.b.a.e.mvc.EndpointHandlerMapping 543 - Mapped "{[/routes || /routes.json],methods=[POST]}" onto public java.lang.Object org.springframework.cloud.netflix.zuul.RoutesMvcEndpoint.reset()
2017-10-12 20:57:11,091 [main] INFO  o.s.b.a.e.mvc.EndpointHandlerMapping 543 - Mapped "{[/routes || /routes.json],methods=[GET],produces=[application/vnd.spring-boot.actuator.v1+json || application/json]}" onto public java.lang.Object org.springframework.boot.actuate.endpoint.mvc.EndpointMvcAdapter.invoke()
2017-10-12 20:57:11,093 [main] INFO  o.s.b.a.e.mvc.EndpointHandlerMapping 543 - Mapped "{[/auditevents || /auditevents.json],methods=[GET],produces=[application/vnd.spring-boot.actuator.v1+json || application/json]}" onto public org.springframework.http.ResponseEntity<?> org.springframework.boot.actuate.endpoint.mvc.AuditEventsMvcEndpoint.findByPrincipalAndAfterAndType(java.lang.String,java.util.Date,java.lang.String)
2017-10-12 20:57:11,094 [main] INFO  o.s.b.a.e.mvc.EndpointHandlerMapping 543 - Mapped "{[/archaius || /archaius.json],methods=[GET],produces=[application/vnd.spring-boot.actuator.v1+json || application/json]}" onto public java.lang.Object org.springframework.boot.actuate.endpoint.mvc.EndpointMvcAdapter.invoke()
2017-10-12 20:57:11,529 [main] WARN  c.n.c.sources.URLConfigurationSource 121 - No URLs will be polled as dynamic configuration sources.
2017-10-12 20:57:11,529 [main] INFO  c.n.c.sources.URLConfigurationSource 122 - To enable URLs as dynamic configuration sources, define System property archaius.configurationSource.additionalUrls or make config.properties available on classpath.
2017-10-12 20:57:11,766 [main] INFO  o.s.j.e.a.AnnotationMBeanExporter 431 - Registering beans for JMX exposure on startup
2017-10-12 20:57:11,778 [main] INFO  o.s.j.e.a.AnnotationMBeanExporter 916 - Bean with name 'zuulEndpoint' has been autodetected for JMX exposure
2017-10-12 20:57:11,779 [main] INFO  o.s.j.e.a.AnnotationMBeanExporter 916 - Bean with name 'zuulMvcEndpoint' has been autodetected for JMX exposure
2017-10-12 20:57:11,781 [main] INFO  o.s.j.e.a.AnnotationMBeanExporter 916 - Bean with name 'environmentManager' has been autodetected for JMX exposure
2017-10-12 20:57:11,784 [main] INFO  o.s.j.e.a.AnnotationMBeanExporter 916 - Bean with name 'configurationPropertiesRebinder' has been autodetected for JMX exposure
2017-10-12 20:57:11,785 [main] INFO  o.s.j.e.a.AnnotationMBeanExporter 916 - Bean with name 'refreshEndpoint' has been autodetected for JMX exposure
2017-10-12 20:57:11,787 [main] INFO  o.s.j.e.a.AnnotationMBeanExporter 916 - Bean with name 'restartEndpoint' has been autodetected for JMX exposure
2017-10-12 20:57:11,788 [main] INFO  o.s.j.e.a.AnnotationMBeanExporter 916 - Bean with name 'serviceRegistryEndpoint' has been autodetected for JMX exposure
2017-10-12 20:57:11,789 [main] INFO  o.s.j.e.a.AnnotationMBeanExporter 916 - Bean with name 'refreshScope' has been autodetected for JMX exposure
2017-10-12 20:57:11,792 [main] INFO  o.s.j.e.a.AnnotationMBeanExporter 678 - Located managed bean 'zuulMvcEndpoint': registering with JMX server as MBean [org.springframework.cloud.netflix.zuul:name=zuulMvcEndpoint,type=RoutesMvcEndpoint]
2017-10-12 20:57:11,813 [main] INFO  o.s.j.e.a.AnnotationMBeanExporter 678 - Located managed bean 'environmentManager': registering with JMX server as MBean [org.springframework.cloud.context.environment:name=environmentManager,type=EnvironmentManager]
2017-10-12 20:57:11,818 [main] INFO  o.s.j.e.a.AnnotationMBeanExporter 678 - Located managed bean 'restartEndpoint': registering with JMX server as MBean [org.springframework.cloud.context.restart:name=restartEndpoint,type=RestartEndpoint]
2017-10-12 20:57:11,836 [main] INFO  o.s.j.e.a.AnnotationMBeanExporter 678 - Located managed bean 'serviceRegistryEndpoint': registering with JMX server as MBean [org.springframework.cloud.client.serviceregistry.endpoint:name=serviceRegistryEndpoint,type=ServiceRegistryEndpoint]
2017-10-12 20:57:11,840 [main] INFO  o.s.j.e.a.AnnotationMBeanExporter 678 - Located managed bean 'refreshScope': registering with JMX server as MBean [org.springframework.cloud.context.scope.refresh:name=refreshScope,type=RefreshScope]
2017-10-12 20:57:11,853 [main] INFO  o.s.j.e.a.AnnotationMBeanExporter 678 - Located managed bean 'zuulEndpoint': registering with JMX server as MBean [org.springframework.cloud.netflix.zuul:name=zuulEndpoint,type=RoutesEndpoint]
2017-10-12 20:57:11,855 [main] WARN  o.s.j.e.a.AnnotationMBeanExporter 849 - Bean with key 'zuulEndpoint' has been registered as an MBean but has no exposed attributes or operations
2017-10-12 20:57:11,857 [main] INFO  o.s.j.e.a.AnnotationMBeanExporter 678 - Located managed bean 'configurationPropertiesRebinder': registering with JMX server as MBean [org.springframework.cloud.context.properties:name=configurationPropertiesRebinder,context=9257031,type=ConfigurationPropertiesRebinder]
2017-10-12 20:57:11,863 [main] INFO  o.s.j.e.a.AnnotationMBeanExporter 678 - Located managed bean 'refreshEndpoint': registering with JMX server as MBean [org.springframework.cloud.endpoint:name=refreshEndpoint,type=RefreshEndpoint]
2017-10-12 20:57:11,864 [main] INFO  o.s.b.a.e.jmx.EndpointMBeanExporter 431 - Registering beans for JMX exposure on startup
2017-10-12 20:57:12,061 [main] INFO  o.s.c.s.DefaultLifecycleProcessor 343 - Starting beans in phase 0
2017-10-12 20:57:12,077 [main] INFO  o.s.c.n.eureka.InstanceInfoFactory 70 - Setting initial instance status as: STARTING
2017-10-12 20:57:12,140 [main] INFO  c.netflix.discovery.DiscoveryClient 344 - Initializing Eureka in region us-east-1
2017-10-12 20:57:12,259 [main] INFO  c.n.d.p.DiscoveryJerseyProvider 70 - Using JSON encoding codec LegacyJacksonJson
2017-10-12 20:57:12,259 [main] INFO  c.n.d.p.DiscoveryJerseyProvider 71 - Using JSON decoding codec LegacyJacksonJson
2017-10-12 20:57:12,426 [main] INFO  c.n.d.p.DiscoveryJerseyProvider 80 - Using XML encoding codec XStreamXml
2017-10-12 20:57:12,426 [main] INFO  c.n.d.p.DiscoveryJerseyProvider 81 - Using XML decoding codec XStreamXml
2017-10-12 20:57:12,710 [main] INFO  c.n.d.s.r.aws.ConfigClusterResolver 43 - Resolving eureka endpoints via configuration
2017-10-12 20:57:12,737 [main] INFO  c.netflix.discovery.DiscoveryClient 920 - Disable delta property : false
2017-10-12 20:57:12,738 [main] INFO  c.netflix.discovery.DiscoveryClient 921 - Single vip registry refresh property : null
2017-10-12 20:57:12,738 [main] INFO  c.netflix.discovery.DiscoveryClient 922 - Force full registry fetch : false
2017-10-12 20:57:12,738 [main] INFO  c.netflix.discovery.DiscoveryClient 923 - Application is null : false
2017-10-12 20:57:12,738 [main] INFO  c.netflix.discovery.DiscoveryClient 924 - Registered Applications size is zero : true
2017-10-12 20:57:12,739 [main] INFO  c.netflix.discovery.DiscoveryClient 926 - Application version is -1: true
2017-10-12 20:57:12,739 [main] INFO  c.netflix.discovery.DiscoveryClient 1009 - Getting all instance registry info from the eureka server
2017-10-12 20:57:12,968 [main] INFO  c.netflix.discovery.DiscoveryClient 1018 - The response status is 200
2017-10-12 20:57:12,970 [main] INFO  c.netflix.discovery.DiscoveryClient 1244 - Starting heartbeat executor: renew interval is: 30
2017-10-12 20:57:12,977 [main] INFO  c.n.discovery.InstanceInfoReplicator 59 - InstanceInfoReplicator onDemand update allowed rate per min is 4
2017-10-12 20:57:12,981 [main] INFO  c.netflix.discovery.DiscoveryClient 425 - Discovery Client initialized at timestamp 1507813032981 with initial instances count: 1
2017-10-12 20:57:13,069 [main] INFO  o.s.c.n.e.s.EurekaServiceRegistry 40 - Registering application api-gateway with eureka with status UP
2017-10-12 20:57:13,071 [main] INFO  c.netflix.discovery.DiscoveryClient 1279 - Saw local status change event StatusChangeEvent [timestamp=1507813033070, current=UP, previous=STARTING]
2017-10-12 20:57:13,074 [DiscoveryClient-InstanceInfoReplicator-0] INFO  c.netflix.discovery.DiscoveryClient 795 - DiscoveryClient_API-GATEWAY/192.168.11.105:api-gateway:8888: registering service...
2017-10-12 20:57:13,081 [main] INFO  o.s.b.a.e.jmx.EndpointMBeanExporter 678 - Located managed bean 'auditEventsEndpoint': registering with JMX server as MBean [org.springframework.boot:type=Endpoint,name=auditEventsEndpoint]
2017-10-12 20:57:13,090 [main] INFO  o.s.b.a.e.jmx.EndpointMBeanExporter 678 - Located managed bean 'featuresEndpoint': registering with JMX server as MBean [org.springframework.boot:type=Endpoint,name=featuresEndpoint]
2017-10-12 20:57:13,105 [main] INFO  o.s.b.a.e.jmx.EndpointMBeanExporter 678 - Located managed bean 'requestMappingEndpoint': registering with JMX server as MBean [org.springframework.boot:type=Endpoint,name=requestMappingEndpoint]
2017-10-12 20:57:13,109 [main] INFO  o.s.b.a.e.jmx.EndpointMBeanExporter 678 - Located managed bean 'environmentEndpoint': registering with JMX server as MBean [org.springframework.boot:type=Endpoint,name=environmentEndpoint]
2017-10-12 20:57:13,114 [main] INFO  o.s.b.a.e.jmx.EndpointMBeanExporter 678 - Located managed bean 'healthEndpoint': registering with JMX server as MBean [org.springframework.boot:type=Endpoint,name=healthEndpoint]
2017-10-12 20:57:13,117 [main] INFO  o.s.b.a.e.jmx.EndpointMBeanExporter 678 - Located managed bean 'beansEndpoint': registering with JMX server as MBean [org.springframework.boot:type=Endpoint,name=beansEndpoint]
2017-10-12 20:57:13,118 [DiscoveryClient-InstanceInfoReplicator-0] INFO  c.netflix.discovery.DiscoveryClient 804 - DiscoveryClient_API-GATEWAY/192.168.11.105:api-gateway:8888 - registration status: 204
2017-10-12 20:57:13,121 [main] INFO  o.s.b.a.e.jmx.EndpointMBeanExporter 678 - Located managed bean 'infoEndpoint': registering with JMX server as MBean [org.springframework.boot:type=Endpoint,name=infoEndpoint]
2017-10-12 20:57:13,124 [main] INFO  o.s.b.a.e.jmx.EndpointMBeanExporter 678 - Located managed bean 'loggersEndpoint': registering with JMX server as MBean [org.springframework.boot:type=Endpoint,name=loggersEndpoint]
2017-10-12 20:57:13,131 [main] INFO  o.s.b.a.e.jmx.EndpointMBeanExporter 678 - Located managed bean 'metricsEndpoint': registering with JMX server as MBean [org.springframework.boot:type=Endpoint,name=metricsEndpoint]
2017-10-12 20:57:13,133 [main] INFO  o.s.b.a.e.jmx.EndpointMBeanExporter 678 - Located managed bean 'traceEndpoint': registering with JMX server as MBean [org.springframework.boot:type=Endpoint,name=traceEndpoint]
2017-10-12 20:57:13,136 [main] INFO  o.s.b.a.e.jmx.EndpointMBeanExporter 678 - Located managed bean 'dumpEndpoint': registering with JMX server as MBean [org.springframework.boot:type=Endpoint,name=dumpEndpoint]
2017-10-12 20:57:13,138 [main] INFO  o.s.b.a.e.jmx.EndpointMBeanExporter 678 - Located managed bean 'autoConfigurationReportEndpoint': registering with JMX server as MBean [org.springframework.boot:type=Endpoint,name=autoConfigurationReportEndpoint]
2017-10-12 20:57:13,140 [main] INFO  o.s.b.a.e.jmx.EndpointMBeanExporter 678 - Located managed bean 'configurationPropertiesReportEndpoint': registering with JMX server as MBean [org.springframework.boot:type=Endpoint,name=configurationPropertiesReportEndpoint]
2017-10-12 20:57:13,142 [main] INFO  o.s.b.a.e.jmx.EndpointMBeanExporter 678 - Located managed bean 'archaiusEndpoint': registering with JMX server as MBean [org.springframework.boot:type=Endpoint,name=archaiusEndpoint]
2017-10-12 20:57:13,144 [main] INFO  o.s.c.s.DefaultLifecycleProcessor 343 - Starting beans in phase 2147483647
2017-10-12 20:57:13,150 [main] INFO  o.s.c.n.h.HystrixCircuitBreakerConfiguration$HystrixMetricsPollerConfiguration 138 - Starting poller
2017-10-12 20:57:13,177 [main] INFO  o.a.coyote.http11.Http11NioProtocol 179 - Initializing ProtocolHandler ["http-nio-8888"]
2017-10-12 20:57:13,192 [main] INFO  o.a.coyote.http11.Http11NioProtocol 179 - Starting ProtocolHandler ["http-nio-8888"]
2017-10-12 20:57:13,216 [main] INFO  o.a.tomcat.util.net.NioSelectorPool 179 - Using a shared selector for servlet write/read
2017-10-12 20:57:13,260 [main] INFO  o.s.b.c.e.t.TomcatEmbeddedServletContainer 201 - Tomcat started on port(s): 8888 (http)
2017-10-12 20:57:13,264 [main] INFO  o.s.c.n.e.s.EurekaAutoServiceRegistration 117 - Updating port to 8888
2017-10-12 20:57:13,272 [main] INFO  com.gzw.ApiGatewayApplication 57 - Started ApiGatewayApplication in 13.495 seconds (JVM running for 14.642)
2017-10-12 21:02:12,750 [AsyncResolver-bootstrap-executor-0] INFO  c.n.d.s.r.aws.ConfigClusterResolver 43 - Resolving eureka endpoints via configuration
2017-10-12 21:07:12,763 [AsyncResolver-bootstrap-executor-0] INFO  c.n.d.s.r.aws.ConfigClusterResolver 43 - Resolving eureka endpoints via configuration
2017-10-12 21:18:22,368 [AsyncResolver-bootstrap-executor-0] INFO  c.n.d.s.r.aws.ConfigClusterResolver 43 - Resolving eureka endpoints via configuration
2017-10-12 21:23:22,379 [AsyncResolver-bootstrap-executor-0] INFO  c.n.d.s.r.aws.ConfigClusterResolver 43 - Resolving eureka endpoints via configuration
2017-10-12 21:28:22,391 [AsyncResolver-bootstrap-executor-0] INFO  c.n.d.s.r.aws.ConfigClusterResolver 43 - Resolving eureka endpoints via configuration
2017-10-12 21:28:22,692 [Thread-9] INFO  o.s.b.c.e.AnnotationConfigEmbeddedWebApplicationContext 984 - Closing org.springframework.boot.context.embedded.AnnotationConfigEmbeddedWebApplicationContext@9257031: startup date [Thu Oct 12 20:57:02 CST 2017]; parent: org.springframework.context.annotation.AnnotationConfigApplicationContext@2fba3fc4
2017-10-12 21:28:22,695 [Thread-9] INFO  o.s.c.n.e.s.EurekaServiceRegistry 64 - Unregistering application api-gateway with eureka with status DOWN
2017-10-12 21:28:22,696 [Thread-9] WARN  c.netflix.discovery.DiscoveryClient 1277 - Saw local status change event StatusChangeEvent [timestamp=1507814902696, current=DOWN, previous=UP]
2017-10-12 21:28:22,697 [DiscoveryClient-InstanceInfoReplicator-0] INFO  c.netflix.discovery.DiscoveryClient 795 - DiscoveryClient_API-GATEWAY/192.168.11.105:api-gateway:8888: registering service...
2017-10-12 21:28:22,698 [Thread-9] INFO  c.netflix.discovery.DiscoveryClient 852 - Shutting down DiscoveryClient ...
2017-10-12 21:28:22,700 [Thread-9] INFO  c.netflix.discovery.DiscoveryClient 884 - Unregistering ...
2017-10-12 21:28:22,704 [DiscoveryClient-InstanceInfoReplicator-0] INFO  c.netflix.discovery.DiscoveryClient 804 - DiscoveryClient_API-GATEWAY/192.168.11.105:api-gateway:8888 - registration status: 204
2017-10-12 21:28:22,706 [Thread-9] INFO  c.netflix.discovery.DiscoveryClient 886 - DiscoveryClient_API-GATEWAY/192.168.11.105:api-gateway:8888 - deregister  status: 200
2017-10-12 21:28:22,715 [Thread-9] INFO  c.netflix.discovery.DiscoveryClient 873 - Completed shut down of DiscoveryClient
2017-10-12 21:28:22,718 [Thread-9] INFO  o.s.c.s.DefaultLifecycleProcessor 358 - Stopping beans in phase 2147483647
2017-10-12 21:28:22,722 [Thread-9] INFO  o.s.c.s.DefaultLifecycleProcessor 358 - Stopping beans in phase 0
2017-10-12 21:28:22,733 [Thread-9] INFO  o.s.b.a.e.jmx.EndpointMBeanExporter 449 - Unregistering JMX-exposed beans on shutdown
2017-10-12 21:28:22,734 [Thread-9] INFO  o.s.b.a.e.jmx.EndpointMBeanExporter 241 - Unregistering JMX-exposed beans
2017-10-12 21:28:22,737 [Thread-9] INFO  o.s.j.e.a.AnnotationMBeanExporter 449 - Unregistering JMX-exposed beans on shutdown
2017-10-12 21:28:22,738 [Thread-9] INFO  o.s.j.e.a.AnnotationMBeanExporter 241 - Unregistering JMX-exposed beans
2017-10-12 21:28:22,771 [Thread-9] WARN  c.n.c.sources.URLConfigurationSource 121 - No URLs will be polled as dynamic configuration sources.
2017-10-12 21:28:22,771 [Thread-9] INFO  c.n.c.sources.URLConfigurationSource 122 - To enable URLs as dynamic configuration sources, define System property archaius.configurationSource.additionalUrls or make config.properties available on classpath.
2017-10-12 21:28:22,797 [localhost-startStop-2] INFO  o.s.c.n.zuul.ZuulFilterInitializer 77 - Stopping filter initializer context listener
