2017-10-12 16:49:50,566 [main] INFO  o.s.c.a.AnnotationConfigApplicationContext 583 - Refreshing org.springframework.context.annotation.AnnotationConfigApplicationContext@3116c353: startup date [Thu Oct 12 16:49:50 CST 2017]; root of context hierarchy
2017-10-12 16:49:51,211 [main] INFO  o.s.b.f.a.AutowiredAnnotationBeanPostProcessor 155 - JSR-330 'javax.inject.Inject' annotation found and supported for autowiring
2017-10-12 16:49:51,346 [main] INFO  o.s.c.s.PostProcessorRegistrationDelegate$BeanPostProcessorChecker 325 - Bean 'configurationPropertiesRebinderAutoConfiguration' of type [org.springframework.cloud.autoconfigure.ConfigurationPropertiesRebinderAutoConfiguration$$EnhancerBySpringCGLIB$$3887baef] is not eligible for getting processed by all BeanPostProcessors (for example: not eligible for auto-proxying)
2017-10-12 16:49:51,549 [background-preinit] INFO  o.h.validator.internal.util.Version 30 - HV000001: Hibernate Validator 5.3.5.Final
2017-10-12 16:49:52,277 [main] INFO  com.gzw.ApiGatewayApplicationTests 593 - No active profile set, falling back to default profiles: default
2017-10-12 16:49:52,285 [main] INFO  o.s.w.c.s.GenericWebApplicationContext 583 - Refreshing org.springframework.web.context.support.GenericWebApplicationContext@192f2f27: startup date [Thu Oct 12 16:49:52 CST 2017]; parent: org.springframework.context.annotation.AnnotationConfigApplicationContext@3116c353
2017-10-12 16:49:53,764 [main] INFO  o.s.d.r.c.RepositoryConfigurationDelegate 165 - Multiple Spring Data modules found, entering strict repository configuration mode!
2017-10-12 16:49:54,569 [main] INFO  o.s.cloud.context.scope.GenericScope 263 - BeanFactory id=59038e11-ddf3-3f54-a207-22675e217e25
2017-10-12 16:49:54,691 [main] INFO  o.s.b.f.a.AutowiredAnnotationBeanPostProcessor 155 - JSR-330 'javax.inject.Inject' annotation found and supported for autowiring
2017-10-12 16:49:54,968 [main] INFO  o.s.c.s.PostProcessorRegistrationDelegate$BeanPostProcessorChecker 325 - Bean 'org.springframework.cloud.netflix.metrics.MetricsInterceptorConfiguration$MetricsRestTemplateConfiguration' of type [org.springframework.cloud.netflix.metrics.MetricsInterceptorConfiguration$MetricsRestTemplateConfiguration$$EnhancerBySpringCGLIB$$4e9a5e33] is not eligible for getting processed by all BeanPostProcessors (for example: not eligible for auto-proxying)
2017-10-12 16:49:55,278 [main] INFO  o.s.c.s.PostProcessorRegistrationDelegate$BeanPostProcessorChecker 325 - Bean 'org.springframework.cloud.autoconfigure.ConfigurationPropertiesRebinderAutoConfiguration' of type [org.springframework.cloud.autoconfigure.ConfigurationPropertiesRebinderAutoConfiguration$$EnhancerBySpringCGLIB$$3887baef] is not eligible for getting processed by all BeanPostProcessors (for example: not eligible for auto-proxying)
2017-10-12 16:49:56,422 [main] WARN  c.n.c.sources.URLConfigurationSource 121 - No URLs will be polled as dynamic configuration sources.
2017-10-12 16:49:56,425 [main] INFO  c.n.c.sources.URLConfigurationSource 122 - To enable URLs as dynamic configuration sources, define System property archaius.configurationSource.additionalUrls or make config.properties available on classpath.
2017-10-12 16:49:56,445 [main] INFO  c.n.config.DynamicPropertyFactory 281 - DynamicPropertyFactory is initialized with configuration sources: com.netflix.config.ConcurrentCompositeConfiguration@51a16adf
2017-10-12 16:49:59,380 [main] INFO  o.s.w.s.m.m.a.RequestMappingHandlerAdapter 534 - Looking for @ControllerAdvice: org.springframework.web.context.support.GenericWebApplicationContext@192f2f27: startup date [Thu Oct 12 16:49:52 CST 2017]; parent: org.springframework.context.annotation.AnnotationConfigApplicationContext@3116c353
2017-10-12 16:49:59,666 [main] INFO  o.s.w.s.m.m.a.RequestMappingHandlerMapping 543 - Mapped "{[/error]}" onto public org.springframework.http.ResponseEntity<java.util.Map<java.lang.String, java.lang.Object>> org.springframework.boot.autoconfigure.web.BasicErrorController.error(javax.servlet.http.HttpServletRequest)
2017-10-12 16:49:59,668 [main] INFO  o.s.w.s.m.m.a.RequestMappingHandlerMapping 543 - Mapped "{[/error],produces=[text/html]}" onto public org.springframework.web.servlet.ModelAndView org.springframework.boot.autoconfigure.web.BasicErrorController.errorHtml(javax.servlet.http.HttpServletRequest,javax.servlet.http.HttpServletResponse)
2017-10-12 16:49:59,793 [main] INFO  o.s.w.s.h.SimpleUrlHandlerMapping 362 - Mapped URL path [/webjars/**] onto handler of type [class org.springframework.web.servlet.resource.ResourceHttpRequestHandler]
2017-10-12 16:49:59,794 [main] INFO  o.s.w.s.h.SimpleUrlHandlerMapping 362 - Mapped URL path [/**] onto handler of type [class org.springframework.web.servlet.resource.ResourceHttpRequestHandler]
2017-10-12 16:49:59,859 [main] INFO  o.s.w.s.m.m.a.ExceptionHandlerExceptionResolver 273 - Detected @ExceptionHandler methods in defaultExceptionHandlerAdvice
2017-10-12 16:49:59,976 [main] INFO  o.s.w.s.h.SimpleUrlHandlerMapping 362 - Mapped URL path [/**/favicon.ico] onto handler of type [class org.springframework.web.servlet.resource.ResourceHttpRequestHandler]
2017-10-12 16:50:01,527 [main] INFO  o.s.b.a.e.mvc.EndpointHandlerMapping 543 - Mapped "{[/heapdump || /heapdump.json],methods=[GET],produces=[application/octet-stream]}" onto public void org.springframework.boot.actuate.endpoint.mvc.HeapdumpMvcEndpoint.invoke(boolean,javax.servlet.http.HttpServletRequest,javax.servlet.http.HttpServletResponse) throws java.io.IOException,javax.servlet.ServletException
2017-10-12 16:50:01,532 [main] INFO  o.s.b.a.e.mvc.EndpointHandlerMapping 543 - Mapped "{[/metrics/{name:.*}],methods=[GET],produces=[application/vnd.spring-boot.actuator.v1+json || application/json]}" onto public java.lang.Object org.springframework.boot.actuate.endpoint.mvc.MetricsMvcEndpoint.value(java.lang.String)
2017-10-12 16:50:01,533 [main] INFO  o.s.b.a.e.mvc.EndpointHandlerMapping 543 - Mapped "{[/metrics || /metrics.json],methods=[GET],produces=[application/vnd.spring-boot.actuator.v1+json || application/json]}" onto public java.lang.Object org.springframework.boot.actuate.endpoint.mvc.EndpointMvcAdapter.invoke()
2017-10-12 16:50:01,537 [main] INFO  o.s.b.a.e.mvc.EndpointHandlerMapping 543 - Mapped "{[/beans || /beans.json],methods=[GET],produces=[application/vnd.spring-boot.actuator.v1+json || application/json]}" onto public java.lang.Object org.springframework.boot.actuate.endpoint.mvc.EndpointMvcAdapter.invoke()
2017-10-12 16:50:01,539 [main] INFO  o.s.b.a.e.mvc.EndpointHandlerMapping 543 - Mapped "{[/routes || /routes.json],methods=[POST]}" onto public java.lang.Object org.springframework.cloud.netflix.zuul.RoutesMvcEndpoint.reset()
2017-10-12 16:50:01,541 [main] INFO  o.s.b.a.e.mvc.EndpointHandlerMapping 543 - Mapped "{[/routes || /routes.json],methods=[GET],produces=[application/vnd.spring-boot.actuator.v1+json || application/json]}" onto public java.lang.Object org.springframework.boot.actuate.endpoint.mvc.EndpointMvcAdapter.invoke()
2017-10-12 16:50:01,546 [main] INFO  o.s.b.a.e.mvc.EndpointHandlerMapping 543 - Mapped "{[/pause || /pause.json],methods=[POST]}" onto public java.lang.Object org.springframework.cloud.endpoint.GenericPostableMvcEndpoint.invoke()
2017-10-12 16:50:01,547 [main] INFO  o.s.b.a.e.mvc.EndpointHandlerMapping 543 - Mapped "{[/resume || /resume.json],methods=[POST]}" onto public java.lang.Object org.springframework.cloud.endpoint.GenericPostableMvcEndpoint.invoke()
2017-10-12 16:50:01,553 [main] INFO  o.s.b.a.e.mvc.EndpointHandlerMapping 543 - Mapped "{[/env/{name:.*}],methods=[GET],produces=[application/vnd.spring-boot.actuator.v1+json || application/json]}" onto public java.lang.Object org.springframework.boot.actuate.endpoint.mvc.EnvironmentMvcEndpoint.value(java.lang.String)
2017-10-12 16:50:01,554 [main] INFO  o.s.b.a.e.mvc.EndpointHandlerMapping 543 - Mapped "{[/env || /env.json],methods=[GET],produces=[application/vnd.spring-boot.actuator.v1+json || application/json]}" onto public java.lang.Object org.springframework.boot.actuate.endpoint.mvc.EndpointMvcAdapter.invoke()
2017-10-12 16:50:01,555 [main] INFO  o.s.b.a.e.mvc.EndpointHandlerMapping 543 - Mapped "{[/features || /features.json],methods=[GET],produces=[application/vnd.spring-boot.actuator.v1+json || application/json]}" onto public java.lang.Object org.springframework.boot.actuate.endpoint.mvc.EndpointMvcAdapter.invoke()
2017-10-12 16:50:01,560 [main] INFO  o.s.b.a.e.mvc.EndpointHandlerMapping 543 - Mapped "{[/dump || /dump.json],methods=[GET],produces=[application/vnd.spring-boot.actuator.v1+json || application/json]}" onto public java.lang.Object org.springframework.boot.actuate.endpoint.mvc.EndpointMvcAdapter.invoke()
2017-10-12 16:50:01,562 [main] INFO  o.s.b.a.e.mvc.EndpointHandlerMapping 543 - Mapped "{[/configprops || /configprops.json],methods=[GET],produces=[application/vnd.spring-boot.actuator.v1+json || application/json]}" onto public java.lang.Object org.springframework.boot.actuate.endpoint.mvc.EndpointMvcAdapter.invoke()
2017-10-12 16:50:01,568 [main] INFO  o.s.b.a.e.mvc.EndpointHandlerMapping 543 - Mapped "{[/info || /info.json],methods=[GET],produces=[application/vnd.spring-boot.actuator.v1+json || application/json]}" onto public java.lang.Object org.springframework.boot.actuate.endpoint.mvc.EndpointMvcAdapter.invoke()
2017-10-12 16:50:01,571 [main] INFO  o.s.b.a.e.mvc.EndpointHandlerMapping 543 - Mapped "{[/restart || /restart.json],methods=[POST]}" onto public java.lang.Object org.springframework.cloud.context.restart.RestartMvcEndpoint.invoke()
2017-10-12 16:50:01,575 [main] INFO  o.s.b.a.e.mvc.EndpointHandlerMapping 543 - Mapped "{[/mappings || /mappings.json],methods=[GET],produces=[application/vnd.spring-boot.actuator.v1+json || application/json]}" onto public java.lang.Object org.springframework.boot.actuate.endpoint.mvc.EndpointMvcAdapter.invoke()
2017-10-12 16:50:01,577 [main] INFO  o.s.b.a.e.mvc.EndpointHandlerMapping 543 - Mapped "{[/archaius || /archaius.json],methods=[GET],produces=[application/vnd.spring-boot.actuator.v1+json || application/json]}" onto public java.lang.Object org.springframework.boot.actuate.endpoint.mvc.EndpointMvcAdapter.invoke()
2017-10-12 16:50:01,578 [main] INFO  o.s.b.a.e.mvc.EndpointHandlerMapping 543 - Mapped "{[/autoconfig || /autoconfig.json],methods=[GET],produces=[application/vnd.spring-boot.actuator.v1+json || application/json]}" onto public java.lang.Object org.springframework.boot.actuate.endpoint.mvc.EndpointMvcAdapter.invoke()
2017-10-12 16:50:01,580 [main] INFO  o.s.b.a.e.mvc.EndpointHandlerMapping 543 - Mapped "{[/service-registry/instance-status],methods=[POST]}" onto public org.springframework.http.ResponseEntity<?> org.springframework.cloud.client.serviceregistry.endpoint.ServiceRegistryEndpoint.setStatus(java.lang.String)
2017-10-12 16:50:01,581 [main] INFO  o.s.b.a.e.mvc.EndpointHandlerMapping 543 - Mapped "{[/service-registry/instance-status],methods=[GET]}" onto public org.springframework.http.ResponseEntity org.springframework.cloud.client.serviceregistry.endpoint.ServiceRegistryEndpoint.getStatus()
2017-10-12 16:50:01,583 [main] INFO  o.s.b.a.e.mvc.EndpointHandlerMapping 543 - Mapped "{[/trace || /trace.json],methods=[GET],produces=[application/vnd.spring-boot.actuator.v1+json || application/json]}" onto public java.lang.Object org.springframework.boot.actuate.endpoint.mvc.EndpointMvcAdapter.invoke()
2017-10-12 16:50:01,595 [main] INFO  o.s.b.a.e.mvc.EndpointHandlerMapping 543 - Mapped "{[/hystrix.stream/**]}" onto public org.springframework.web.servlet.ModelAndView org.springframework.cloud.netflix.endpoint.ServletWrappingEndpoint.handle(javax.servlet.http.HttpServletRequest,javax.servlet.http.HttpServletResponse) throws java.lang.Exception
2017-10-12 16:50:01,599 [main] INFO  o.s.b.a.e.mvc.EndpointHandlerMapping 543 - Mapped "{[/refresh || /refresh.json],methods=[POST]}" onto public java.lang.Object org.springframework.cloud.endpoint.GenericPostableMvcEndpoint.invoke()
2017-10-12 16:50:01,601 [main] INFO  o.s.b.a.e.mvc.EndpointHandlerMapping 543 - Mapped "{[/health || /health.json],methods=[GET],produces=[application/vnd.spring-boot.actuator.v1+json || application/json]}" onto public java.lang.Object org.springframework.boot.actuate.endpoint.mvc.HealthMvcEndpoint.invoke(javax.servlet.http.HttpServletRequest,java.security.Principal)
2017-10-12 16:50:01,603 [main] INFO  o.s.b.a.e.mvc.EndpointHandlerMapping 543 - Mapped "{[/env],methods=[POST]}" onto public java.lang.Object org.springframework.cloud.context.environment.EnvironmentManagerMvcEndpoint.value(java.util.Map<java.lang.String, java.lang.String>)
2017-10-12 16:50:01,605 [main] INFO  o.s.b.a.e.mvc.EndpointHandlerMapping 543 - Mapped "{[/env/reset],methods=[POST]}" onto public java.util.Map<java.lang.String, java.lang.Object> org.springframework.cloud.context.environment.EnvironmentManagerMvcEndpoint.reset()
2017-10-12 16:50:01,669 [main] INFO  o.s.b.a.e.mvc.EndpointHandlerMapping 543 - Mapped "{[/loggers/{name:.*}],methods=[GET],produces=[application/vnd.spring-boot.actuator.v1+json || application/json]}" onto public java.lang.Object org.springframework.boot.actuate.endpoint.mvc.LoggersMvcEndpoint.get(java.lang.String)
2017-10-12 16:50:01,673 [main] INFO  o.s.b.a.e.mvc.EndpointHandlerMapping 543 - Mapped "{[/loggers/{name:.*}],methods=[POST],consumes=[application/vnd.spring-boot.actuator.v1+json || application/json],produces=[application/vnd.spring-boot.actuator.v1+json || application/json]}" onto public java.lang.Object org.springframework.boot.actuate.endpoint.mvc.LoggersMvcEndpoint.set(java.lang.String,java.util.Map<java.lang.String, java.lang.String>)
2017-10-12 16:50:01,675 [main] INFO  o.s.b.a.e.mvc.EndpointHandlerMapping 543 - Mapped "{[/loggers || /loggers.json],methods=[GET],produces=[application/vnd.spring-boot.actuator.v1+json || application/json]}" onto public java.lang.Object org.springframework.boot.actuate.endpoint.mvc.EndpointMvcAdapter.invoke()
2017-10-12 16:50:01,680 [main] INFO  o.s.b.a.e.mvc.EndpointHandlerMapping 543 - Mapped "{[/auditevents || /auditevents.json],methods=[GET],produces=[application/vnd.spring-boot.actuator.v1+json || application/json]}" onto public org.springframework.http.ResponseEntity<?> org.springframework.boot.actuate.endpoint.mvc.AuditEventsMvcEndpoint.findByPrincipalAndAfterAndType(java.lang.String,java.util.Date,java.lang.String)
2017-10-12 16:50:02,677 [main] WARN  c.n.c.sources.URLConfigurationSource 121 - No URLs will be polled as dynamic configuration sources.
2017-10-12 16:50:02,679 [main] INFO  c.n.c.sources.URLConfigurationSource 122 - To enable URLs as dynamic configuration sources, define System property archaius.configurationSource.additionalUrls or make config.properties available on classpath.
2017-10-12 16:50:03,142 [main] INFO  o.s.c.s.DefaultLifecycleProcessor 343 - Starting beans in phase 0
2017-10-12 16:50:03,143 [main] INFO  o.s.c.s.DefaultLifecycleProcessor 343 - Starting beans in phase 2147483647
2017-10-12 16:50:03,149 [main] INFO  o.s.c.n.h.HystrixCircuitBreakerConfiguration$HystrixMetricsPollerConfiguration 138 - Starting poller
2017-10-12 16:50:03,212 [main] INFO  o.s.c.n.eureka.InstanceInfoFactory 70 - Setting initial instance status as: STARTING
2017-10-12 16:50:03,332 [main] INFO  c.netflix.discovery.DiscoveryClient 344 - Initializing Eureka in region us-east-1
2017-10-12 16:50:03,532 [main] INFO  c.n.d.p.DiscoveryJerseyProvider 70 - Using JSON encoding codec LegacyJacksonJson
2017-10-12 16:50:03,533 [main] INFO  c.n.d.p.DiscoveryJerseyProvider 71 - Using JSON decoding codec LegacyJacksonJson
2017-10-12 16:50:03,781 [main] INFO  c.n.d.p.DiscoveryJerseyProvider 80 - Using XML encoding codec XStreamXml
2017-10-12 16:50:03,782 [main] INFO  c.n.d.p.DiscoveryJerseyProvider 81 - Using XML decoding codec XStreamXml
2017-10-12 16:50:04,182 [main] INFO  c.n.d.s.r.aws.ConfigClusterResolver 43 - Resolving eureka endpoints via configuration
2017-10-12 16:50:04,241 [main] INFO  c.netflix.discovery.DiscoveryClient 920 - Disable delta property : false
2017-10-12 16:50:04,243 [main] INFO  c.netflix.discovery.DiscoveryClient 921 - Single vip registry refresh property : null
2017-10-12 16:50:04,244 [main] INFO  c.netflix.discovery.DiscoveryClient 922 - Force full registry fetch : false
2017-10-12 16:50:04,245 [main] INFO  c.netflix.discovery.DiscoveryClient 923 - Application is null : false
2017-10-12 16:50:04,246 [main] INFO  c.netflix.discovery.DiscoveryClient 924 - Registered Applications size is zero : true
2017-10-12 16:50:04,247 [main] INFO  c.netflix.discovery.DiscoveryClient 926 - Application version is -1: true
2017-10-12 16:50:04,247 [main] INFO  c.netflix.discovery.DiscoveryClient 1009 - Getting all instance registry info from the eureka server
2017-10-12 16:50:04,592 [main] INFO  c.netflix.discovery.DiscoveryClient 1018 - The response status is 200
2017-10-12 16:50:04,595 [main] INFO  c.netflix.discovery.DiscoveryClient 1244 - Starting heartbeat executor: renew interval is: 30
2017-10-12 16:50:04,600 [main] INFO  c.n.discovery.InstanceInfoReplicator 59 - InstanceInfoReplicator onDemand update allowed rate per min is 4
2017-10-12 16:50:04,605 [main] INFO  c.netflix.discovery.DiscoveryClient 425 - Discovery Client initialized at timestamp 1507798204605 with initial instances count: 1
2017-10-12 16:50:04,755 [main] INFO  com.gzw.ApiGatewayApplicationTests 57 - Started ApiGatewayApplicationTests in 15.1 seconds (JVM running for 16.656)
2017-10-12 16:50:04,866 [Thread-8] INFO  o.s.w.c.s.GenericWebApplicationContext 984 - Closing org.springframework.web.context.support.GenericWebApplicationContext@192f2f27: startup date [Thu Oct 12 16:49:52 CST 2017]; parent: org.springframework.context.annotation.AnnotationConfigApplicationContext@3116c353
2017-10-12 16:50:04,868 [Thread-8] INFO  o.s.c.n.e.s.EurekaServiceRegistry 64 - Unregistering application api-gateway with eureka with status DOWN
2017-10-12 16:50:04,870 [Thread-8] WARN  c.netflix.discovery.DiscoveryClient 1277 - Saw local status change event StatusChangeEvent [timestamp=1507798204870, current=DOWN, previous=STARTING]
2017-10-12 16:50:04,872 [Thread-8] INFO  c.netflix.discovery.DiscoveryClient 852 - Shutting down DiscoveryClient ...
2017-10-12 16:50:04,872 [Thread-8] INFO  c.netflix.discovery.DiscoveryClient 884 - Unregistering ...
2017-10-12 16:50:04,872 [DiscoveryClient-InstanceInfoReplicator-0] INFO  c.netflix.discovery.DiscoveryClient 795 - DiscoveryClient_API-GATEWAY/10.200.8.109:api-gateway:-1: registering service...
2017-10-12 16:50:04,890 [Thread-8] INFO  c.netflix.discovery.DiscoveryClient 886 - DiscoveryClient_API-GATEWAY/10.200.8.109:api-gateway:-1 - deregister  status: 404
2017-10-12 16:50:04,898 [Thread-8] INFO  c.netflix.discovery.DiscoveryClient 873 - Completed shut down of DiscoveryClient
2017-10-12 16:50:04,901 [Thread-8] INFO  o.s.c.s.DefaultLifecycleProcessor 358 - Stopping beans in phase 2147483647
2017-10-12 16:50:04,906 [Thread-8] INFO  o.s.c.s.DefaultLifecycleProcessor 358 - Stopping beans in phase 0
2017-10-12 16:50:04,946 [Thread-8] WARN  c.n.c.sources.URLConfigurationSource 121 - No URLs will be polled as dynamic configuration sources.
2017-10-12 16:50:04,948 [Thread-8] INFO  c.n.c.sources.URLConfigurationSource 122 - To enable URLs as dynamic configuration sources, define System property archaius.configurationSource.additionalUrls or make config.properties available on classpath.
2017-10-12 20:27:17,758 [main] INFO  o.s.c.a.AnnotationConfigApplicationContext 583 - Refreshing org.springframework.context.annotation.AnnotationConfigApplicationContext@3116c353: startup date [Thu Oct 12 20:27:17 CST 2017]; root of context hierarchy
2017-10-12 20:27:18,149 [main] INFO  o.s.b.f.a.AutowiredAnnotationBeanPostProcessor 155 - JSR-330 'javax.inject.Inject' annotation found and supported for autowiring
2017-10-12 20:27:18,225 [main] INFO  o.s.c.s.PostProcessorRegistrationDelegate$BeanPostProcessorChecker 325 - Bean 'configurationPropertiesRebinderAutoConfiguration' of type [org.springframework.cloud.autoconfigure.ConfigurationPropertiesRebinderAutoConfiguration$$EnhancerBySpringCGLIB$$3887baef] is not eligible for getting processed by all BeanPostProcessors (for example: not eligible for auto-proxying)
2017-10-12 20:27:18,460 [main] INFO  o.h.validator.internal.util.Version 30 - HV000001: Hibernate Validator 5.3.5.Final
2017-10-12 20:27:19,071 [main] INFO  com.gzw.ApiGatewayApplicationTests 597 - The following profiles are active: test
2017-10-12 20:27:19,078 [main] INFO  o.s.w.c.s.GenericWebApplicationContext 583 - Refreshing org.springframework.web.context.support.GenericWebApplicationContext@560cbf1a: startup date [Thu Oct 12 20:27:19 CST 2017]; parent: org.springframework.context.annotation.AnnotationConfigApplicationContext@3116c353
2017-10-12 20:27:20,947 [main] INFO  o.s.d.r.c.RepositoryConfigurationDelegate 165 - Multiple Spring Data modules found, entering strict repository configuration mode!
2017-10-12 20:27:21,534 [main] INFO  o.s.cloud.context.scope.GenericScope 263 - BeanFactory id=59038e11-ddf3-3f54-a207-22675e217e25
2017-10-12 20:27:21,622 [main] INFO  o.s.b.f.a.AutowiredAnnotationBeanPostProcessor 155 - JSR-330 'javax.inject.Inject' annotation found and supported for autowiring
2017-10-12 20:27:21,890 [main] INFO  o.s.c.s.PostProcessorRegistrationDelegate$BeanPostProcessorChecker 325 - Bean 'org.springframework.cloud.netflix.metrics.MetricsInterceptorConfiguration$MetricsRestTemplateConfiguration' of type [org.springframework.cloud.netflix.metrics.MetricsInterceptorConfiguration$MetricsRestTemplateConfiguration$$EnhancerBySpringCGLIB$$4e9a5e33] is not eligible for getting processed by all BeanPostProcessors (for example: not eligible for auto-proxying)
2017-10-12 20:27:22,178 [main] INFO  o.s.c.s.PostProcessorRegistrationDelegate$BeanPostProcessorChecker 325 - Bean 'org.springframework.cloud.autoconfigure.ConfigurationPropertiesRebinderAutoConfiguration' of type [org.springframework.cloud.autoconfigure.ConfigurationPropertiesRebinderAutoConfiguration$$EnhancerBySpringCGLIB$$3887baef] is not eligible for getting processed by all BeanPostProcessors (for example: not eligible for auto-proxying)
2017-10-12 20:27:23,131 [main] WARN  c.n.c.sources.URLConfigurationSource 121 - No URLs will be polled as dynamic configuration sources.
2017-10-12 20:27:23,132 [main] INFO  c.n.c.sources.URLConfigurationSource 122 - To enable URLs as dynamic configuration sources, define System property archaius.configurationSource.additionalUrls or make config.properties available on classpath.
2017-10-12 20:27:23,151 [main] INFO  c.n.config.DynamicPropertyFactory 281 - DynamicPropertyFactory is initialized with configuration sources: com.netflix.config.ConcurrentCompositeConfiguration@79627d27
2017-10-12 20:27:25,768 [main] INFO  o.s.w.s.m.m.a.RequestMappingHandlerAdapter 534 - Looking for @ControllerAdvice: org.springframework.web.context.support.GenericWebApplicationContext@560cbf1a: startup date [Thu Oct 12 20:27:19 CST 2017]; parent: org.springframework.context.annotation.AnnotationConfigApplicationContext@3116c353
2017-10-12 20:27:25,985 [main] INFO  o.s.w.s.m.m.a.RequestMappingHandlerMapping 543 - Mapped "{[/error]}" onto public org.springframework.http.ResponseEntity<java.util.Map<java.lang.String, java.lang.Object>> org.springframework.boot.autoconfigure.web.BasicErrorController.error(javax.servlet.http.HttpServletRequest)
2017-10-12 20:27:25,987 [main] INFO  o.s.w.s.m.m.a.RequestMappingHandlerMapping 543 - Mapped "{[/error],produces=[text/html]}" onto public org.springframework.web.servlet.ModelAndView org.springframework.boot.autoconfigure.web.BasicErrorController.errorHtml(javax.servlet.http.HttpServletRequest,javax.servlet.http.HttpServletResponse)
2017-10-12 20:27:26,100 [main] INFO  o.s.w.s.h.SimpleUrlHandlerMapping 362 - Mapped URL path [/webjars/**] onto handler of type [class org.springframework.web.servlet.resource.ResourceHttpRequestHandler]
2017-10-12 20:27:26,101 [main] INFO  o.s.w.s.h.SimpleUrlHandlerMapping 362 - Mapped URL path [/**] onto handler of type [class org.springframework.web.servlet.resource.ResourceHttpRequestHandler]
2017-10-12 20:27:26,139 [main] INFO  o.s.w.s.m.m.a.ExceptionHandlerExceptionResolver 273 - Detected @ExceptionHandler methods in defaultExceptionHandlerAdvice
2017-10-12 20:27:26,196 [main] INFO  o.s.w.s.h.SimpleUrlHandlerMapping 362 - Mapped URL path [/**/favicon.ico] onto handler of type [class org.springframework.web.servlet.resource.ResourceHttpRequestHandler]
2017-10-12 20:27:27,859 [main] INFO  o.s.b.a.e.mvc.EndpointHandlerMapping 543 - Mapped "{[/hystrix.stream/**]}" onto public org.springframework.web.servlet.ModelAndView org.springframework.cloud.netflix.endpoint.ServletWrappingEndpoint.handle(javax.servlet.http.HttpServletRequest,javax.servlet.http.HttpServletResponse) throws java.lang.Exception
2017-10-12 20:27:27,860 [main] INFO  o.s.b.a.e.mvc.EndpointHandlerMapping 543 - Mapped "{[/beans || /beans.json],methods=[GET],produces=[application/vnd.spring-boot.actuator.v1+json || application/json]}" onto public java.lang.Object org.springframework.boot.actuate.endpoint.mvc.EndpointMvcAdapter.invoke()
2017-10-12 20:27:27,862 [main] INFO  o.s.b.a.e.mvc.EndpointHandlerMapping 543 - Mapped "{[/archaius || /archaius.json],methods=[GET],produces=[application/vnd.spring-boot.actuator.v1+json || application/json]}" onto public java.lang.Object org.springframework.boot.actuate.endpoint.mvc.EndpointMvcAdapter.invoke()
2017-10-12 20:27:27,863 [main] INFO  o.s.b.a.e.mvc.EndpointHandlerMapping 543 - Mapped "{[/pause || /pause.json],methods=[POST]}" onto public java.lang.Object org.springframework.cloud.endpoint.GenericPostableMvcEndpoint.invoke()
2017-10-12 20:27:27,866 [main] INFO  o.s.b.a.e.mvc.EndpointHandlerMapping 543 - Mapped "{[/resume || /resume.json],methods=[POST]}" onto public java.lang.Object org.springframework.cloud.endpoint.GenericPostableMvcEndpoint.invoke()
2017-10-12 20:27:27,868 [main] INFO  o.s.b.a.e.mvc.EndpointHandlerMapping 543 - Mapped "{[/configprops || /configprops.json],methods=[GET],produces=[application/vnd.spring-boot.actuator.v1+json || application/json]}" onto public java.lang.Object org.springframework.boot.actuate.endpoint.mvc.EndpointMvcAdapter.invoke()
2017-10-12 20:27:27,869 [main] INFO  o.s.b.a.e.mvc.EndpointHandlerMapping 543 - Mapped "{[/routes || /routes.json],methods=[POST]}" onto public java.lang.Object org.springframework.cloud.netflix.zuul.RoutesMvcEndpoint.reset()
2017-10-12 20:27:27,870 [main] INFO  o.s.b.a.e.mvc.EndpointHandlerMapping 543 - Mapped "{[/routes || /routes.json],methods=[GET],produces=[application/vnd.spring-boot.actuator.v1+json || application/json]}" onto public java.lang.Object org.springframework.boot.actuate.endpoint.mvc.EndpointMvcAdapter.invoke()
2017-10-12 20:27:27,871 [main] INFO  o.s.b.a.e.mvc.EndpointHandlerMapping 543 - Mapped "{[/autoconfig || /autoconfig.json],methods=[GET],produces=[application/vnd.spring-boot.actuator.v1+json || application/json]}" onto public java.lang.Object org.springframework.boot.actuate.endpoint.mvc.EndpointMvcAdapter.invoke()
2017-10-12 20:27:27,872 [main] INFO  o.s.b.a.e.mvc.EndpointHandlerMapping 543 - Mapped "{[/env],methods=[POST]}" onto public java.lang.Object org.springframework.cloud.context.environment.EnvironmentManagerMvcEndpoint.value(java.util.Map<java.lang.String, java.lang.String>)
2017-10-12 20:27:27,873 [main] INFO  o.s.b.a.e.mvc.EndpointHandlerMapping 543 - Mapped "{[/env/reset],methods=[POST]}" onto public java.util.Map<java.lang.String, java.lang.Object> org.springframework.cloud.context.environment.EnvironmentManagerMvcEndpoint.reset()
2017-10-12 20:27:27,874 [main] INFO  o.s.b.a.e.mvc.EndpointHandlerMapping 543 - Mapped "{[/heapdump || /heapdump.json],methods=[GET],produces=[application/octet-stream]}" onto public void org.springframework.boot.actuate.endpoint.mvc.HeapdumpMvcEndpoint.invoke(boolean,javax.servlet.http.HttpServletRequest,javax.servlet.http.HttpServletResponse) throws java.io.IOException,javax.servlet.ServletException
2017-10-12 20:27:27,875 [main] INFO  o.s.b.a.e.mvc.EndpointHandlerMapping 543 - Mapped "{[/service-registry/instance-status],methods=[POST]}" onto public org.springframework.http.ResponseEntity<?> org.springframework.cloud.client.serviceregistry.endpoint.ServiceRegistryEndpoint.setStatus(java.lang.String)
2017-10-12 20:27:27,876 [main] INFO  o.s.b.a.e.mvc.EndpointHandlerMapping 543 - Mapped "{[/service-registry/instance-status],methods=[GET]}" onto public org.springframework.http.ResponseEntity org.springframework.cloud.client.serviceregistry.endpoint.ServiceRegistryEndpoint.getStatus()
2017-10-12 20:27:27,878 [main] INFO  o.s.b.a.e.mvc.EndpointHandlerMapping 543 - Mapped "{[/auditevents || /auditevents.json],methods=[GET],produces=[application/vnd.spring-boot.actuator.v1+json || application/json]}" onto public org.springframework.http.ResponseEntity<?> org.springframework.boot.actuate.endpoint.mvc.AuditEventsMvcEndpoint.findByPrincipalAndAfterAndType(java.lang.String,java.util.Date,java.lang.String)
2017-10-12 20:27:27,882 [main] INFO  o.s.b.a.e.mvc.EndpointHandlerMapping 543 - Mapped "{[/mappings || /mappings.json],methods=[GET],produces=[application/vnd.spring-boot.actuator.v1+json || application/json]}" onto public java.lang.Object org.springframework.boot.actuate.endpoint.mvc.EndpointMvcAdapter.invoke()
2017-10-12 20:27:27,885 [main] INFO  o.s.b.a.e.mvc.EndpointHandlerMapping 543 - Mapped "{[/dump || /dump.json],methods=[GET],produces=[application/vnd.spring-boot.actuator.v1+json || application/json]}" onto public java.lang.Object org.springframework.boot.actuate.endpoint.mvc.EndpointMvcAdapter.invoke()
2017-10-12 20:27:27,887 [main] INFO  o.s.b.a.e.mvc.EndpointHandlerMapping 543 - Mapped "{[/trace || /trace.json],methods=[GET],produces=[application/vnd.spring-boot.actuator.v1+json || application/json]}" onto public java.lang.Object org.springframework.boot.actuate.endpoint.mvc.EndpointMvcAdapter.invoke()
2017-10-12 20:27:27,890 [main] INFO  o.s.b.a.e.mvc.EndpointHandlerMapping 543 - Mapped "{[/loggers/{name:.*}],methods=[GET],produces=[application/vnd.spring-boot.actuator.v1+json || application/json]}" onto public java.lang.Object org.springframework.boot.actuate.endpoint.mvc.LoggersMvcEndpoint.get(java.lang.String)
2017-10-12 20:27:27,892 [main] INFO  o.s.b.a.e.mvc.EndpointHandlerMapping 543 - Mapped "{[/loggers/{name:.*}],methods=[POST],consumes=[application/vnd.spring-boot.actuator.v1+json || application/json],produces=[application/vnd.spring-boot.actuator.v1+json || application/json]}" onto public java.lang.Object org.springframework.boot.actuate.endpoint.mvc.LoggersMvcEndpoint.set(java.lang.String,java.util.Map<java.lang.String, java.lang.String>)
2017-10-12 20:27:27,893 [main] INFO  o.s.b.a.e.mvc.EndpointHandlerMapping 543 - Mapped "{[/loggers || /loggers.json],methods=[GET],produces=[application/vnd.spring-boot.actuator.v1+json || application/json]}" onto public java.lang.Object org.springframework.boot.actuate.endpoint.mvc.EndpointMvcAdapter.invoke()
2017-10-12 20:27:27,897 [main] INFO  o.s.b.a.e.mvc.EndpointHandlerMapping 543 - Mapped "{[/refresh || /refresh.json],methods=[POST]}" onto public java.lang.Object org.springframework.cloud.endpoint.GenericPostableMvcEndpoint.invoke()
2017-10-12 20:27:27,899 [main] INFO  o.s.b.a.e.mvc.EndpointHandlerMapping 543 - Mapped "{[/env/{name:.*}],methods=[GET],produces=[application/vnd.spring-boot.actuator.v1+json || application/json]}" onto public java.lang.Object org.springframework.boot.actuate.endpoint.mvc.EnvironmentMvcEndpoint.value(java.lang.String)
2017-10-12 20:27:27,900 [main] INFO  o.s.b.a.e.mvc.EndpointHandlerMapping 543 - Mapped "{[/env || /env.json],methods=[GET],produces=[application/vnd.spring-boot.actuator.v1+json || application/json]}" onto public java.lang.Object org.springframework.boot.actuate.endpoint.mvc.EndpointMvcAdapter.invoke()
2017-10-12 20:27:27,901 [main] INFO  o.s.b.a.e.mvc.EndpointHandlerMapping 543 - Mapped "{[/metrics/{name:.*}],methods=[GET],produces=[application/vnd.spring-boot.actuator.v1+json || application/json]}" onto public java.lang.Object org.springframework.boot.actuate.endpoint.mvc.MetricsMvcEndpoint.value(java.lang.String)
2017-10-12 20:27:27,902 [main] INFO  o.s.b.a.e.mvc.EndpointHandlerMapping 543 - Mapped "{[/metrics || /metrics.json],methods=[GET],produces=[application/vnd.spring-boot.actuator.v1+json || application/json]}" onto public java.lang.Object org.springframework.boot.actuate.endpoint.mvc.EndpointMvcAdapter.invoke()
2017-10-12 20:27:27,903 [main] INFO  o.s.b.a.e.mvc.EndpointHandlerMapping 543 - Mapped "{[/health || /health.json],methods=[GET],produces=[application/vnd.spring-boot.actuator.v1+json || application/json]}" onto public java.lang.Object org.springframework.boot.actuate.endpoint.mvc.HealthMvcEndpoint.invoke(javax.servlet.http.HttpServletRequest,java.security.Principal)
2017-10-12 20:27:27,904 [main] INFO  o.s.b.a.e.mvc.EndpointHandlerMapping 543 - Mapped "{[/info || /info.json],methods=[GET],produces=[application/vnd.spring-boot.actuator.v1+json || application/json]}" onto public java.lang.Object org.springframework.boot.actuate.endpoint.mvc.EndpointMvcAdapter.invoke()
2017-10-12 20:27:27,906 [main] INFO  o.s.b.a.e.mvc.EndpointHandlerMapping 543 - Mapped "{[/restart || /restart.json],methods=[POST]}" onto public java.lang.Object org.springframework.cloud.context.restart.RestartMvcEndpoint.invoke()
2017-10-12 20:27:27,907 [main] INFO  o.s.b.a.e.mvc.EndpointHandlerMapping 543 - Mapped "{[/features || /features.json],methods=[GET],produces=[application/vnd.spring-boot.actuator.v1+json || application/json]}" onto public java.lang.Object org.springframework.boot.actuate.endpoint.mvc.EndpointMvcAdapter.invoke()
2017-10-12 20:27:28,599 [main] WARN  c.n.c.sources.URLConfigurationSource 121 - No URLs will be polled as dynamic configuration sources.
2017-10-12 20:27:28,600 [main] INFO  c.n.c.sources.URLConfigurationSource 122 - To enable URLs as dynamic configuration sources, define System property archaius.configurationSource.additionalUrls or make config.properties available on classpath.
2017-10-12 20:27:29,082 [main] INFO  o.s.c.s.DefaultLifecycleProcessor 343 - Starting beans in phase 0
2017-10-12 20:27:29,082 [main] INFO  o.s.c.s.DefaultLifecycleProcessor 343 - Starting beans in phase 2147483647
2017-10-12 20:27:29,089 [main] INFO  o.s.c.n.h.HystrixCircuitBreakerConfiguration$HystrixMetricsPollerConfiguration 138 - Starting poller
2017-10-12 20:27:29,138 [main] INFO  o.s.c.n.eureka.InstanceInfoFactory 70 - Setting initial instance status as: STARTING
2017-10-12 20:27:29,242 [main] INFO  c.netflix.discovery.DiscoveryClient 344 - Initializing Eureka in region us-east-1
2017-10-12 20:27:29,464 [main] INFO  c.n.d.p.DiscoveryJerseyProvider 70 - Using JSON encoding codec LegacyJacksonJson
2017-10-12 20:27:29,464 [main] INFO  c.n.d.p.DiscoveryJerseyProvider 71 - Using JSON decoding codec LegacyJacksonJson
2017-10-12 20:27:29,717 [main] INFO  c.n.d.p.DiscoveryJerseyProvider 80 - Using XML encoding codec XStreamXml
2017-10-12 20:27:29,719 [main] INFO  c.n.d.p.DiscoveryJerseyProvider 81 - Using XML decoding codec XStreamXml
2017-10-12 20:27:30,075 [main] INFO  c.n.d.s.r.aws.ConfigClusterResolver 43 - Resolving eureka endpoints via configuration
2017-10-12 20:27:30,128 [main] INFO  c.netflix.discovery.DiscoveryClient 920 - Disable delta property : false
2017-10-12 20:27:30,129 [main] INFO  c.netflix.discovery.DiscoveryClient 921 - Single vip registry refresh property : null
2017-10-12 20:27:30,130 [main] INFO  c.netflix.discovery.DiscoveryClient 922 - Force full registry fetch : false
2017-10-12 20:27:30,131 [main] INFO  c.netflix.discovery.DiscoveryClient 923 - Application is null : false
2017-10-12 20:27:30,132 [main] INFO  c.netflix.discovery.DiscoveryClient 924 - Registered Applications size is zero : true
2017-10-12 20:27:30,133 [main] INFO  c.netflix.discovery.DiscoveryClient 926 - Application version is -1: true
2017-10-12 20:27:30,133 [main] INFO  c.netflix.discovery.DiscoveryClient 1009 - Getting all instance registry info from the eureka server
2017-10-12 20:27:30,403 [main] INFO  c.netflix.discovery.DiscoveryClient 1018 - The response status is 200
2017-10-12 20:27:30,406 [main] INFO  c.netflix.discovery.DiscoveryClient 1244 - Starting heartbeat executor: renew interval is: 30
2017-10-12 20:27:30,412 [main] INFO  c.n.discovery.InstanceInfoReplicator 59 - InstanceInfoReplicator onDemand update allowed rate per min is 4
2017-10-12 20:27:30,416 [main] INFO  c.netflix.discovery.DiscoveryClient 425 - Discovery Client initialized at timestamp 1507811250416 with initial instances count: 1
2017-10-12 20:27:30,538 [main] INFO  com.gzw.ApiGatewayApplicationTests 57 - Started ApiGatewayApplicationTests in 13.596 seconds (JVM running for 15.094)
2017-10-12 20:27:30,620 [Thread-8] INFO  o.s.w.c.s.GenericWebApplicationContext 984 - Closing org.springframework.web.context.support.GenericWebApplicationContext@560cbf1a: startup date [Thu Oct 12 20:27:19 CST 2017]; parent: org.springframework.context.annotation.AnnotationConfigApplicationContext@3116c353
2017-10-12 20:27:30,629 [Thread-8] INFO  o.s.c.n.e.s.EurekaServiceRegistry 64 - Unregistering application api-gateway with eureka with status DOWN
2017-10-12 20:27:30,631 [Thread-8] WARN  c.netflix.discovery.DiscoveryClient 1277 - Saw local status change event StatusChangeEvent [timestamp=1507811250631, current=DOWN, previous=STARTING]
2017-10-12 20:27:30,633 [Thread-8] INFO  c.netflix.discovery.DiscoveryClient 852 - Shutting down DiscoveryClient ...
2017-10-12 20:27:30,633 [Thread-8] INFO  c.netflix.discovery.DiscoveryClient 884 - Unregistering ...
2017-10-12 20:27:30,633 [DiscoveryClient-InstanceInfoReplicator-0] INFO  c.netflix.discovery.DiscoveryClient 795 - DiscoveryClient_API-GATEWAY/192.168.11.105:api-gateway:-1: registering service...
2017-10-12 20:27:30,646 [Thread-8] INFO  c.netflix.discovery.DiscoveryClient 886 - DiscoveryClient_API-GATEWAY/192.168.11.105:api-gateway:-1 - deregister  status: 404
2017-10-12 20:27:30,655 [Thread-8] INFO  c.netflix.discovery.DiscoveryClient 873 - Completed shut down of DiscoveryClient
2017-10-12 20:27:30,657 [Thread-8] INFO  o.s.c.s.DefaultLifecycleProcessor 358 - Stopping beans in phase 2147483647
2017-10-12 20:27:30,660 [Thread-8] INFO  o.s.c.s.DefaultLifecycleProcessor 358 - Stopping beans in phase 0
2017-10-12 20:27:30,688 [DiscoveryClient-InstanceInfoReplicator-0] INFO  c.netflix.discovery.DiscoveryClient 804 - DiscoveryClient_API-GATEWAY/192.168.11.105:api-gateway:-1 - registration status: 204
2017-10-12 20:27:30,690 [Thread-8] WARN  c.n.c.sources.URLConfigurationSource 121 - No URLs will be polled as dynamic configuration sources.
2017-10-12 20:27:30,690 [Thread-8] INFO  c.n.c.sources.URLConfigurationSource 122 - To enable URLs as dynamic configuration sources, define System property archaius.configurationSource.additionalUrls or make config.properties available on classpath.
2017-10-12 20:28:11,437 [main] INFO  o.s.c.a.AnnotationConfigApplicationContext 583 - Refreshing org.springframework.context.annotation.AnnotationConfigApplicationContext@3116c353: startup date [Thu Oct 12 20:28:11 CST 2017]; root of context hierarchy
2017-10-12 20:28:11,927 [main] INFO  o.s.b.f.a.AutowiredAnnotationBeanPostProcessor 155 - JSR-330 'javax.inject.Inject' annotation found and supported for autowiring
2017-10-12 20:28:12,014 [main] INFO  o.s.c.s.PostProcessorRegistrationDelegate$BeanPostProcessorChecker 325 - Bean 'configurationPropertiesRebinderAutoConfiguration' of type [org.springframework.cloud.autoconfigure.ConfigurationPropertiesRebinderAutoConfiguration$$EnhancerBySpringCGLIB$$3887baef] is not eligible for getting processed by all BeanPostProcessors (for example: not eligible for auto-proxying)
2017-10-12 20:28:12,024 [background-preinit] INFO  o.h.validator.internal.util.Version 30 - HV000001: Hibernate Validator 5.3.5.Final
2017-10-12 20:28:12,641 [main] INFO  com.gzw.ApiGatewayApplicationTests 597 - The following profiles are active: test
2017-10-12 20:28:12,651 [main] INFO  o.s.w.c.s.GenericWebApplicationContext 583 - Refreshing org.springframework.web.context.support.GenericWebApplicationContext@8a589a2: startup date [Thu Oct 12 20:28:12 CST 2017]; parent: org.springframework.context.annotation.AnnotationConfigApplicationContext@3116c353
2017-10-12 20:28:13,917 [main] INFO  o.s.d.r.c.RepositoryConfigurationDelegate 165 - Multiple Spring Data modules found, entering strict repository configuration mode!
2017-10-12 20:28:14,422 [main] INFO  o.s.cloud.context.scope.GenericScope 263 - BeanFactory id=59038e11-ddf3-3f54-a207-22675e217e25
2017-10-12 20:28:14,550 [main] INFO  o.s.b.f.a.AutowiredAnnotationBeanPostProcessor 155 - JSR-330 'javax.inject.Inject' annotation found and supported for autowiring
2017-10-12 20:28:14,821 [main] INFO  o.s.c.s.PostProcessorRegistrationDelegate$BeanPostProcessorChecker 325 - Bean 'org.springframework.cloud.netflix.metrics.MetricsInterceptorConfiguration$MetricsRestTemplateConfiguration' of type [org.springframework.cloud.netflix.metrics.MetricsInterceptorConfiguration$MetricsRestTemplateConfiguration$$EnhancerBySpringCGLIB$$4e9a5e33] is not eligible for getting processed by all BeanPostProcessors (for example: not eligible for auto-proxying)
2017-10-12 20:28:15,083 [main] INFO  o.s.c.s.PostProcessorRegistrationDelegate$BeanPostProcessorChecker 325 - Bean 'org.springframework.cloud.autoconfigure.ConfigurationPropertiesRebinderAutoConfiguration' of type [org.springframework.cloud.autoconfigure.ConfigurationPropertiesRebinderAutoConfiguration$$EnhancerBySpringCGLIB$$3887baef] is not eligible for getting processed by all BeanPostProcessors (for example: not eligible for auto-proxying)
2017-10-12 20:28:16,102 [main] WARN  c.n.c.sources.URLConfigurationSource 121 - No URLs will be polled as dynamic configuration sources.
2017-10-12 20:28:16,103 [main] INFO  c.n.c.sources.URLConfigurationSource 122 - To enable URLs as dynamic configuration sources, define System property archaius.configurationSource.additionalUrls or make config.properties available on classpath.
2017-10-12 20:28:16,116 [main] INFO  c.n.config.DynamicPropertyFactory 281 - DynamicPropertyFactory is initialized with configuration sources: com.netflix.config.ConcurrentCompositeConfiguration@172f4514
2017-10-12 20:28:18,543 [main] INFO  o.s.w.s.m.m.a.RequestMappingHandlerAdapter 534 - Looking for @ControllerAdvice: org.springframework.web.context.support.GenericWebApplicationContext@8a589a2: startup date [Thu Oct 12 20:28:12 CST 2017]; parent: org.springframework.context.annotation.AnnotationConfigApplicationContext@3116c353
2017-10-12 20:28:18,761 [main] INFO  o.s.w.s.m.m.a.RequestMappingHandlerMapping 543 - Mapped "{[/error]}" onto public org.springframework.http.ResponseEntity<java.util.Map<java.lang.String, java.lang.Object>> org.springframework.boot.autoconfigure.web.BasicErrorController.error(javax.servlet.http.HttpServletRequest)
2017-10-12 20:28:18,764 [main] INFO  o.s.w.s.m.m.a.RequestMappingHandlerMapping 543 - Mapped "{[/error],produces=[text/html]}" onto public org.springframework.web.servlet.ModelAndView org.springframework.boot.autoconfigure.web.BasicErrorController.errorHtml(javax.servlet.http.HttpServletRequest,javax.servlet.http.HttpServletResponse)
2017-10-12 20:28:18,893 [main] INFO  o.s.w.s.h.SimpleUrlHandlerMapping 362 - Mapped URL path [/webjars/**] onto handler of type [class org.springframework.web.servlet.resource.ResourceHttpRequestHandler]
2017-10-12 20:28:18,894 [main] INFO  o.s.w.s.h.SimpleUrlHandlerMapping 362 - Mapped URL path [/**] onto handler of type [class org.springframework.web.servlet.resource.ResourceHttpRequestHandler]
2017-10-12 20:28:18,928 [main] INFO  o.s.w.s.m.m.a.ExceptionHandlerExceptionResolver 273 - Detected @ExceptionHandler methods in defaultExceptionHandlerAdvice
2017-10-12 20:28:19,007 [main] INFO  o.s.w.s.h.SimpleUrlHandlerMapping 362 - Mapped URL path [/**/favicon.ico] onto handler of type [class org.springframework.web.servlet.resource.ResourceHttpRequestHandler]
2017-10-12 20:28:20,412 [main] INFO  o.s.b.a.e.mvc.EndpointHandlerMapping 543 - Mapped "{[/loggers/{name:.*}],methods=[GET],produces=[application/vnd.spring-boot.actuator.v1+json || application/json]}" onto public java.lang.Object org.springframework.boot.actuate.endpoint.mvc.LoggersMvcEndpoint.get(java.lang.String)
2017-10-12 20:28:20,415 [main] INFO  o.s.b.a.e.mvc.EndpointHandlerMapping 543 - Mapped "{[/loggers/{name:.*}],methods=[POST],consumes=[application/vnd.spring-boot.actuator.v1+json || application/json],produces=[application/vnd.spring-boot.actuator.v1+json || application/json]}" onto public java.lang.Object org.springframework.boot.actuate.endpoint.mvc.LoggersMvcEndpoint.set(java.lang.String,java.util.Map<java.lang.String, java.lang.String>)
2017-10-12 20:28:20,416 [main] INFO  o.s.b.a.e.mvc.EndpointHandlerMapping 543 - Mapped "{[/loggers || /loggers.json],methods=[GET],produces=[application/vnd.spring-boot.actuator.v1+json || application/json]}" onto public java.lang.Object org.springframework.boot.actuate.endpoint.mvc.EndpointMvcAdapter.invoke()
2017-10-12 20:28:20,417 [main] INFO  o.s.b.a.e.mvc.EndpointHandlerMapping 543 - Mapped "{[/service-registry/instance-status],methods=[POST]}" onto public org.springframework.http.ResponseEntity<?> org.springframework.cloud.client.serviceregistry.endpoint.ServiceRegistryEndpoint.setStatus(java.lang.String)
2017-10-12 20:28:20,418 [main] INFO  o.s.b.a.e.mvc.EndpointHandlerMapping 543 - Mapped "{[/service-registry/instance-status],methods=[GET]}" onto public org.springframework.http.ResponseEntity org.springframework.cloud.client.serviceregistry.endpoint.ServiceRegistryEndpoint.getStatus()
2017-10-12 20:28:20,420 [main] INFO  o.s.b.a.e.mvc.EndpointHandlerMapping 543 - Mapped "{[/metrics/{name:.*}],methods=[GET],produces=[application/vnd.spring-boot.actuator.v1+json || application/json]}" onto public java.lang.Object org.springframework.boot.actuate.endpoint.mvc.MetricsMvcEndpoint.value(java.lang.String)
2017-10-12 20:28:20,422 [main] INFO  o.s.b.a.e.mvc.EndpointHandlerMapping 543 - Mapped "{[/metrics || /metrics.json],methods=[GET],produces=[application/vnd.spring-boot.actuator.v1+json || application/json]}" onto public java.lang.Object org.springframework.boot.actuate.endpoint.mvc.EndpointMvcAdapter.invoke()
2017-10-12 20:28:20,426 [main] INFO  o.s.b.a.e.mvc.EndpointHandlerMapping 543 - Mapped "{[/configprops || /configprops.json],methods=[GET],produces=[application/vnd.spring-boot.actuator.v1+json || application/json]}" onto public java.lang.Object org.springframework.boot.actuate.endpoint.mvc.EndpointMvcAdapter.invoke()
2017-10-12 20:28:20,428 [main] INFO  o.s.b.a.e.mvc.EndpointHandlerMapping 543 - Mapped "{[/auditevents || /auditevents.json],methods=[GET],produces=[application/vnd.spring-boot.actuator.v1+json || application/json]}" onto public org.springframework.http.ResponseEntity<?> org.springframework.boot.actuate.endpoint.mvc.AuditEventsMvcEndpoint.findByPrincipalAndAfterAndType(java.lang.String,java.util.Date,java.lang.String)
2017-10-12 20:28:20,431 [main] INFO  o.s.b.a.e.mvc.EndpointHandlerMapping 543 - Mapped "{[/autoconfig || /autoconfig.json],methods=[GET],produces=[application/vnd.spring-boot.actuator.v1+json || application/json]}" onto public java.lang.Object org.springframework.boot.actuate.endpoint.mvc.EndpointMvcAdapter.invoke()
2017-10-12 20:28:20,435 [main] INFO  o.s.b.a.e.mvc.EndpointHandlerMapping 543 - Mapped "{[/routes || /routes.json],methods=[POST]}" onto public java.lang.Object org.springframework.cloud.netflix.zuul.RoutesMvcEndpoint.reset()
2017-10-12 20:28:20,436 [main] INFO  o.s.b.a.e.mvc.EndpointHandlerMapping 543 - Mapped "{[/routes || /routes.json],methods=[GET],produces=[application/vnd.spring-boot.actuator.v1+json || application/json]}" onto public java.lang.Object org.springframework.boot.actuate.endpoint.mvc.EndpointMvcAdapter.invoke()
2017-10-12 20:28:20,437 [main] INFO  o.s.b.a.e.mvc.EndpointHandlerMapping 543 - Mapped "{[/archaius || /archaius.json],methods=[GET],produces=[application/vnd.spring-boot.actuator.v1+json || application/json]}" onto public java.lang.Object org.springframework.boot.actuate.endpoint.mvc.EndpointMvcAdapter.invoke()
2017-10-12 20:28:20,438 [main] INFO  o.s.b.a.e.mvc.EndpointHandlerMapping 543 - Mapped "{[/refresh || /refresh.json],methods=[POST]}" onto public java.lang.Object org.springframework.cloud.endpoint.GenericPostableMvcEndpoint.invoke()
2017-10-12 20:28:20,440 [main] INFO  o.s.b.a.e.mvc.EndpointHandlerMapping 543 - Mapped "{[/beans || /beans.json],methods=[GET],produces=[application/vnd.spring-boot.actuator.v1+json || application/json]}" onto public java.lang.Object org.springframework.boot.actuate.endpoint.mvc.EndpointMvcAdapter.invoke()
2017-10-12 20:28:20,442 [main] INFO  o.s.b.a.e.mvc.EndpointHandlerMapping 543 - Mapped "{[/pause || /pause.json],methods=[POST]}" onto public java.lang.Object org.springframework.cloud.endpoint.GenericPostableMvcEndpoint.invoke()
2017-10-12 20:28:20,443 [main] INFO  o.s.b.a.e.mvc.EndpointHandlerMapping 543 - Mapped "{[/health || /health.json],methods=[GET],produces=[application/vnd.spring-boot.actuator.v1+json || application/json]}" onto public java.lang.Object org.springframework.boot.actuate.endpoint.mvc.HealthMvcEndpoint.invoke(javax.servlet.http.HttpServletRequest,java.security.Principal)
2017-10-12 20:28:20,447 [main] INFO  o.s.b.a.e.mvc.EndpointHandlerMapping 543 - Mapped "{[/env],methods=[POST]}" onto public java.lang.Object org.springframework.cloud.context.environment.EnvironmentManagerMvcEndpoint.value(java.util.Map<java.lang.String, java.lang.String>)
2017-10-12 20:28:20,450 [main] INFO  o.s.b.a.e.mvc.EndpointHandlerMapping 543 - Mapped "{[/env/reset],methods=[POST]}" onto public java.util.Map<java.lang.String, java.lang.Object> org.springframework.cloud.context.environment.EnvironmentManagerMvcEndpoint.reset()
2017-10-12 20:28:20,453 [main] INFO  o.s.b.a.e.mvc.EndpointHandlerMapping 543 - Mapped "{[/env/{name:.*}],methods=[GET],produces=[application/vnd.spring-boot.actuator.v1+json || application/json]}" onto public java.lang.Object org.springframework.boot.actuate.endpoint.mvc.EnvironmentMvcEndpoint.value(java.lang.String)
2017-10-12 20:28:20,454 [main] INFO  o.s.b.a.e.mvc.EndpointHandlerMapping 543 - Mapped "{[/env || /env.json],methods=[GET],produces=[application/vnd.spring-boot.actuator.v1+json || application/json]}" onto public java.lang.Object org.springframework.boot.actuate.endpoint.mvc.EndpointMvcAdapter.invoke()
2017-10-12 20:28:20,456 [main] INFO  o.s.b.a.e.mvc.EndpointHandlerMapping 543 - Mapped "{[/features || /features.json],methods=[GET],produces=[application/vnd.spring-boot.actuator.v1+json || application/json]}" onto public java.lang.Object org.springframework.boot.actuate.endpoint.mvc.EndpointMvcAdapter.invoke()
2017-10-12 20:28:20,457 [main] INFO  o.s.b.a.e.mvc.EndpointHandlerMapping 543 - Mapped "{[/hystrix.stream/**]}" onto public org.springframework.web.servlet.ModelAndView org.springframework.cloud.netflix.endpoint.ServletWrappingEndpoint.handle(javax.servlet.http.HttpServletRequest,javax.servlet.http.HttpServletResponse) throws java.lang.Exception
2017-10-12 20:28:20,460 [main] INFO  o.s.b.a.e.mvc.EndpointHandlerMapping 543 - Mapped "{[/trace || /trace.json],methods=[GET],produces=[application/vnd.spring-boot.actuator.v1+json || application/json]}" onto public java.lang.Object org.springframework.boot.actuate.endpoint.mvc.EndpointMvcAdapter.invoke()
2017-10-12 20:28:20,462 [main] INFO  o.s.b.a.e.mvc.EndpointHandlerMapping 543 - Mapped "{[/dump || /dump.json],methods=[GET],produces=[application/vnd.spring-boot.actuator.v1+json || application/json]}" onto public java.lang.Object org.springframework.boot.actuate.endpoint.mvc.EndpointMvcAdapter.invoke()
2017-10-12 20:28:20,463 [main] INFO  o.s.b.a.e.mvc.EndpointHandlerMapping 543 - Mapped "{[/info || /info.json],methods=[GET],produces=[application/vnd.spring-boot.actuator.v1+json || application/json]}" onto public java.lang.Object org.springframework.boot.actuate.endpoint.mvc.EndpointMvcAdapter.invoke()
2017-10-12 20:28:20,469 [main] INFO  o.s.b.a.e.mvc.EndpointHandlerMapping 543 - Mapped "{[/restart || /restart.json],methods=[POST]}" onto public java.lang.Object org.springframework.cloud.context.restart.RestartMvcEndpoint.invoke()
2017-10-12 20:28:20,471 [main] INFO  o.s.b.a.e.mvc.EndpointHandlerMapping 543 - Mapped "{[/mappings || /mappings.json],methods=[GET],produces=[application/vnd.spring-boot.actuator.v1+json || application/json]}" onto public java.lang.Object org.springframework.boot.actuate.endpoint.mvc.EndpointMvcAdapter.invoke()
2017-10-12 20:28:20,472 [main] INFO  o.s.b.a.e.mvc.EndpointHandlerMapping 543 - Mapped "{[/heapdump || /heapdump.json],methods=[GET],produces=[application/octet-stream]}" onto public void org.springframework.boot.actuate.endpoint.mvc.HeapdumpMvcEndpoint.invoke(boolean,javax.servlet.http.HttpServletRequest,javax.servlet.http.HttpServletResponse) throws java.io.IOException,javax.servlet.ServletException
2017-10-12 20:28:20,474 [main] INFO  o.s.b.a.e.mvc.EndpointHandlerMapping 543 - Mapped "{[/resume || /resume.json],methods=[POST]}" onto public java.lang.Object org.springframework.cloud.endpoint.GenericPostableMvcEndpoint.invoke()
2017-10-12 20:28:21,249 [main] WARN  c.n.c.sources.URLConfigurationSource 121 - No URLs will be polled as dynamic configuration sources.
2017-10-12 20:28:21,250 [main] INFO  c.n.c.sources.URLConfigurationSource 122 - To enable URLs as dynamic configuration sources, define System property archaius.configurationSource.additionalUrls or make config.properties available on classpath.
2017-10-12 20:28:21,724 [main] INFO  o.s.c.s.DefaultLifecycleProcessor 343 - Starting beans in phase 0
2017-10-12 20:28:21,725 [main] INFO  o.s.c.s.DefaultLifecycleProcessor 343 - Starting beans in phase 2147483647
2017-10-12 20:28:21,732 [main] INFO  o.s.c.n.h.HystrixCircuitBreakerConfiguration$HystrixMetricsPollerConfiguration 138 - Starting poller
2017-10-12 20:28:21,797 [main] INFO  o.s.c.n.eureka.InstanceInfoFactory 70 - Setting initial instance status as: STARTING
2017-10-12 20:28:21,925 [main] INFO  c.netflix.discovery.DiscoveryClient 344 - Initializing Eureka in region us-east-1
2017-10-12 20:28:22,116 [main] INFO  c.n.d.p.DiscoveryJerseyProvider 70 - Using JSON encoding codec LegacyJacksonJson
2017-10-12 20:28:22,118 [main] INFO  c.n.d.p.DiscoveryJerseyProvider 71 - Using JSON decoding codec LegacyJacksonJson
2017-10-12 20:28:22,339 [main] INFO  c.n.d.p.DiscoveryJerseyProvider 80 - Using XML encoding codec XStreamXml
2017-10-12 20:28:22,340 [main] INFO  c.n.d.p.DiscoveryJerseyProvider 81 - Using XML decoding codec XStreamXml
2017-10-12 20:28:22,655 [main] INFO  c.n.d.s.r.aws.ConfigClusterResolver 43 - Resolving eureka endpoints via configuration
2017-10-12 20:28:22,691 [main] INFO  c.netflix.discovery.DiscoveryClient 920 - Disable delta property : false
2017-10-12 20:28:22,691 [main] INFO  c.netflix.discovery.DiscoveryClient 921 - Single vip registry refresh property : null
2017-10-12 20:28:22,692 [main] INFO  c.netflix.discovery.DiscoveryClient 922 - Force full registry fetch : false
2017-10-12 20:28:22,693 [main] INFO  c.netflix.discovery.DiscoveryClient 923 - Application is null : false
2017-10-12 20:28:22,693 [main] INFO  c.netflix.discovery.DiscoveryClient 924 - Registered Applications size is zero : true
2017-10-12 20:28:22,695 [main] INFO  c.netflix.discovery.DiscoveryClient 926 - Application version is -1: true
2017-10-12 20:28:22,696 [main] INFO  c.netflix.discovery.DiscoveryClient 1009 - Getting all instance registry info from the eureka server
2017-10-12 20:28:22,984 [main] INFO  c.netflix.discovery.DiscoveryClient 1018 - The response status is 200
2017-10-12 20:28:22,988 [main] INFO  c.netflix.discovery.DiscoveryClient 1244 - Starting heartbeat executor: renew interval is: 30
2017-10-12 20:28:22,992 [main] INFO  c.n.discovery.InstanceInfoReplicator 59 - InstanceInfoReplicator onDemand update allowed rate per min is 4
2017-10-12 20:28:22,999 [main] INFO  c.netflix.discovery.DiscoveryClient 425 - Discovery Client initialized at timestamp 1507811302998 with initial instances count: 2
2017-10-12 20:28:23,158 [main] INFO  com.gzw.ApiGatewayApplicationTests 57 - Started ApiGatewayApplicationTests in 12.343 seconds (JVM running for 13.741)
2017-10-12 20:28:23,249 [Thread-8] INFO  o.s.w.c.s.GenericWebApplicationContext 984 - Closing org.springframework.web.context.support.GenericWebApplicationContext@8a589a2: startup date [Thu Oct 12 20:28:12 CST 2017]; parent: org.springframework.context.annotation.AnnotationConfigApplicationContext@3116c353
2017-10-12 20:28:23,254 [Thread-8] INFO  o.s.c.n.e.s.EurekaServiceRegistry 64 - Unregistering application api-gateway with eureka with status DOWN
2017-10-12 20:28:23,256 [Thread-8] WARN  c.netflix.discovery.DiscoveryClient 1277 - Saw local status change event StatusChangeEvent [timestamp=1507811303256, current=DOWN, previous=STARTING]
2017-10-12 20:28:23,258 [Thread-8] INFO  c.netflix.discovery.DiscoveryClient 852 - Shutting down DiscoveryClient ...
2017-10-12 20:28:23,259 [DiscoveryClient-InstanceInfoReplicator-0] INFO  c.netflix.discovery.DiscoveryClient 795 - DiscoveryClient_API-GATEWAY/192.168.11.105:api-gateway:-1: registering service...
2017-10-12 20:28:23,259 [Thread-8] INFO  c.netflix.discovery.DiscoveryClient 884 - Unregistering ...
2017-10-12 20:28:23,271 [Thread-8] INFO  c.netflix.discovery.DiscoveryClient 886 - DiscoveryClient_API-GATEWAY/192.168.11.105:api-gateway:-1 - deregister  status: 200
2017-10-12 20:28:23,277 [Thread-8] INFO  c.netflix.discovery.DiscoveryClient 873 - Completed shut down of DiscoveryClient
2017-10-12 20:28:23,279 [Thread-8] INFO  o.s.c.s.DefaultLifecycleProcessor 358 - Stopping beans in phase 2147483647
2017-10-12 20:28:23,281 [Thread-8] INFO  o.s.c.s.DefaultLifecycleProcessor 358 - Stopping beans in phase 0
2017-10-12 20:28:23,304 [Thread-8] WARN  c.n.c.sources.URLConfigurationSource 121 - No URLs will be polled as dynamic configuration sources.
2017-10-12 20:28:23,304 [Thread-8] INFO  c.n.c.sources.URLConfigurationSource 122 - To enable URLs as dynamic configuration sources, define System property archaius.configurationSource.additionalUrls or make config.properties available on classpath.
