2017-10-13 14:58:25,080 [main] INFO  o.s.c.a.AnnotationConfigApplicationContext 583 - Refreshing org.springframework.context.annotation.AnnotationConfigApplicationContext@3224a577: startup date [Fri Oct 13 14:58:25 CST 2017]; root of context hierarchy
2017-10-13 14:58:25,531 [main] INFO  o.s.b.f.a.AutowiredAnnotationBeanPostProcessor 155 - JSR-330 'javax.inject.Inject' annotation found and supported for autowiring
2017-10-13 14:58:25,651 [background-preinit] INFO  o.h.validator.internal.util.Version 30 - HV000001: Hibernate Validator 5.3.5.Final
2017-10-13 14:58:25,654 [main] INFO  o.s.c.s.PostProcessorRegistrationDelegate$BeanPostProcessorChecker 325 - Bean 'configurationPropertiesRebinderAutoConfiguration' of type [org.springframework.cloud.autoconfigure.ConfigurationPropertiesRebinderAutoConfiguration$$EnhancerBySpringCGLIB$$e0cc21d2] is not eligible for getting processed by all BeanPostProcessors (for example: not eligible for auto-proxying)
2017-10-13 14:58:26,320 [main] INFO  com.gzw.ApiGatewayApplicationTests 597 - The following profiles are active: test
2017-10-13 14:58:26,328 [main] INFO  o.s.w.c.s.GenericWebApplicationContext 583 - Refreshing org.springframework.web.context.support.GenericWebApplicationContext@726386ed: startup date [Fri Oct 13 14:58:26 CST 2017]; parent: org.springframework.context.annotation.AnnotationConfigApplicationContext@3224a577
2017-10-13 14:58:27,467 [main] INFO  o.s.d.r.c.RepositoryConfigurationDelegate 165 - Multiple Spring Data modules found, entering strict repository configuration mode!
2017-10-13 14:58:27,964 [main] INFO  o.s.cloud.context.scope.GenericScope 263 - BeanFactory id=59038e11-ddf3-3f54-a207-22675e217e25
2017-10-13 14:58:28,073 [main] INFO  o.s.b.f.a.AutowiredAnnotationBeanPostProcessor 155 - JSR-330 'javax.inject.Inject' annotation found and supported for autowiring
2017-10-13 14:58:28,375 [main] INFO  o.s.c.s.PostProcessorRegistrationDelegate$BeanPostProcessorChecker 325 - Bean 'org.springframework.cloud.netflix.metrics.MetricsInterceptorConfiguration$MetricsRestTemplateConfiguration' of type [org.springframework.cloud.netflix.metrics.MetricsInterceptorConfiguration$MetricsRestTemplateConfiguration$$EnhancerBySpringCGLIB$$f6dec516] is not eligible for getting processed by all BeanPostProcessors (for example: not eligible for auto-proxying)
2017-10-13 14:58:28,627 [main] INFO  o.s.c.s.PostProcessorRegistrationDelegate$BeanPostProcessorChecker 325 - Bean 'org.springframework.cloud.autoconfigure.ConfigurationPropertiesRebinderAutoConfiguration' of type [org.springframework.cloud.autoconfigure.ConfigurationPropertiesRebinderAutoConfiguration$$EnhancerBySpringCGLIB$$e0cc21d2] is not eligible for getting processed by all BeanPostProcessors (for example: not eligible for auto-proxying)
2017-10-13 14:58:29,583 [main] WARN  c.n.c.sources.URLConfigurationSource 121 - No URLs will be polled as dynamic configuration sources.
2017-10-13 14:58:29,584 [main] INFO  c.n.c.sources.URLConfigurationSource 122 - To enable URLs as dynamic configuration sources, define System property archaius.configurationSource.additionalUrls or make config.properties available on classpath.
2017-10-13 14:58:29,598 [main] INFO  c.n.config.DynamicPropertyFactory 281 - DynamicPropertyFactory is initialized with configuration sources: com.netflix.config.ConcurrentCompositeConfiguration@58feb6b0
2017-10-13 14:58:32,005 [main] INFO  o.s.w.s.m.m.a.RequestMappingHandlerAdapter 534 - Looking for @ControllerAdvice: org.springframework.web.context.support.GenericWebApplicationContext@726386ed: startup date [Fri Oct 13 14:58:26 CST 2017]; parent: org.springframework.context.annotation.AnnotationConfigApplicationContext@3224a577
2017-10-13 14:58:32,214 [main] INFO  o.s.w.s.m.m.a.RequestMappingHandlerMapping 543 - Mapped "{[/error]}" onto public org.springframework.http.ResponseEntity<java.util.Map<java.lang.String, java.lang.Object>> org.springframework.boot.autoconfigure.web.BasicErrorController.error(javax.servlet.http.HttpServletRequest)
2017-10-13 14:58:32,216 [main] INFO  o.s.w.s.m.m.a.RequestMappingHandlerMapping 543 - Mapped "{[/error],produces=[text/html]}" onto public org.springframework.web.servlet.ModelAndView org.springframework.boot.autoconfigure.web.BasicErrorController.errorHtml(javax.servlet.http.HttpServletRequest,javax.servlet.http.HttpServletResponse)
2017-10-13 14:58:32,336 [main] INFO  o.s.w.s.h.SimpleUrlHandlerMapping 362 - Mapped URL path [/webjars/**] onto handler of type [class org.springframework.web.servlet.resource.ResourceHttpRequestHandler]
2017-10-13 14:58:32,336 [main] INFO  o.s.w.s.h.SimpleUrlHandlerMapping 362 - Mapped URL path [/**] onto handler of type [class org.springframework.web.servlet.resource.ResourceHttpRequestHandler]
2017-10-13 14:58:32,373 [main] INFO  o.s.w.s.m.m.a.ExceptionHandlerExceptionResolver 273 - Detected @ExceptionHandler methods in defaultExceptionHandlerAdvice
2017-10-13 14:58:32,470 [main] INFO  o.s.w.s.h.SimpleUrlHandlerMapping 362 - Mapped URL path [/**/favicon.ico] onto handler of type [class org.springframework.web.servlet.resource.ResourceHttpRequestHandler]
2017-10-13 14:58:33,872 [main] INFO  o.s.b.a.e.mvc.EndpointHandlerMapping 543 - Mapped "{[/heapdump || /heapdump.json],methods=[GET],produces=[application/octet-stream]}" onto public void org.springframework.boot.actuate.endpoint.mvc.HeapdumpMvcEndpoint.invoke(boolean,javax.servlet.http.HttpServletRequest,javax.servlet.http.HttpServletResponse) throws java.io.IOException,javax.servlet.ServletException
2017-10-13 14:58:33,874 [main] INFO  o.s.b.a.e.mvc.EndpointHandlerMapping 543 - Mapped "{[/refresh || /refresh.json],methods=[POST]}" onto public java.lang.Object org.springframework.cloud.endpoint.GenericPostableMvcEndpoint.invoke()
2017-10-13 14:58:33,876 [main] INFO  o.s.b.a.e.mvc.EndpointHandlerMapping 543 - Mapped "{[/restart || /restart.json],methods=[POST]}" onto public java.lang.Object org.springframework.cloud.context.restart.RestartMvcEndpoint.invoke()
2017-10-13 14:58:33,878 [main] INFO  o.s.b.a.e.mvc.EndpointHandlerMapping 543 - Mapped "{[/pause || /pause.json],methods=[POST]}" onto public java.lang.Object org.springframework.cloud.endpoint.GenericPostableMvcEndpoint.invoke()
2017-10-13 14:58:33,892 [main] INFO  o.s.b.a.e.mvc.EndpointHandlerMapping 543 - Mapped "{[/dump || /dump.json],methods=[GET],produces=[application/vnd.spring-boot.actuator.v1+json || application/json]}" onto public java.lang.Object org.springframework.boot.actuate.endpoint.mvc.EndpointMvcAdapter.invoke()
2017-10-13 14:58:33,896 [main] INFO  o.s.b.a.e.mvc.EndpointHandlerMapping 543 - Mapped "{[/autoconfig || /autoconfig.json],methods=[GET],produces=[application/vnd.spring-boot.actuator.v1+json || application/json]}" onto public java.lang.Object org.springframework.boot.actuate.endpoint.mvc.EndpointMvcAdapter.invoke()
2017-10-13 14:58:33,898 [main] INFO  o.s.b.a.e.mvc.EndpointHandlerMapping 543 - Mapped "{[/archaius || /archaius.json],methods=[GET],produces=[application/vnd.spring-boot.actuator.v1+json || application/json]}" onto public java.lang.Object org.springframework.boot.actuate.endpoint.mvc.EndpointMvcAdapter.invoke()
2017-10-13 14:58:33,900 [main] INFO  o.s.b.a.e.mvc.EndpointHandlerMapping 543 - Mapped "{[/routes || /routes.json],methods=[POST]}" onto public java.lang.Object org.springframework.cloud.netflix.zuul.RoutesMvcEndpoint.reset()
2017-10-13 14:58:33,902 [main] INFO  o.s.b.a.e.mvc.EndpointHandlerMapping 543 - Mapped "{[/routes || /routes.json],methods=[GET],produces=[application/vnd.spring-boot.actuator.v1+json || application/json]}" onto public java.lang.Object org.springframework.boot.actuate.endpoint.mvc.EndpointMvcAdapter.invoke()
2017-10-13 14:58:33,903 [main] INFO  o.s.b.a.e.mvc.EndpointHandlerMapping 543 - Mapped "{[/trace || /trace.json],methods=[GET],produces=[application/vnd.spring-boot.actuator.v1+json || application/json]}" onto public java.lang.Object org.springframework.boot.actuate.endpoint.mvc.EndpointMvcAdapter.invoke()
2017-10-13 14:58:33,905 [main] INFO  o.s.b.a.e.mvc.EndpointHandlerMapping 543 - Mapped "{[/service-registry/instance-status],methods=[POST]}" onto public org.springframework.http.ResponseEntity<?> org.springframework.cloud.client.serviceregistry.endpoint.ServiceRegistryEndpoint.setStatus(java.lang.String)
2017-10-13 14:58:33,908 [main] INFO  o.s.b.a.e.mvc.EndpointHandlerMapping 543 - Mapped "{[/service-registry/instance-status],methods=[GET]}" onto public org.springframework.http.ResponseEntity org.springframework.cloud.client.serviceregistry.endpoint.ServiceRegistryEndpoint.getStatus()
2017-10-13 14:58:33,910 [main] INFO  o.s.b.a.e.mvc.EndpointHandlerMapping 543 - Mapped "{[/mappings || /mappings.json],methods=[GET],produces=[application/vnd.spring-boot.actuator.v1+json || application/json]}" onto public java.lang.Object org.springframework.boot.actuate.endpoint.mvc.EndpointMvcAdapter.invoke()
2017-10-13 14:58:33,914 [main] INFO  o.s.b.a.e.mvc.EndpointHandlerMapping 543 - Mapped "{[/resume || /resume.json],methods=[POST]}" onto public java.lang.Object org.springframework.cloud.endpoint.GenericPostableMvcEndpoint.invoke()
2017-10-13 14:58:33,915 [main] INFO  o.s.b.a.e.mvc.EndpointHandlerMapping 543 - Mapped "{[/auditevents || /auditevents.json],methods=[GET],produces=[application/vnd.spring-boot.actuator.v1+json || application/json]}" onto public org.springframework.http.ResponseEntity<?> org.springframework.boot.actuate.endpoint.mvc.AuditEventsMvcEndpoint.findByPrincipalAndAfterAndType(java.lang.String,java.util.Date,java.lang.String)
2017-10-13 14:58:33,917 [main] INFO  o.s.b.a.e.mvc.EndpointHandlerMapping 543 - Mapped "{[/hystrix.stream/**]}" onto public org.springframework.web.servlet.ModelAndView org.springframework.cloud.netflix.endpoint.ServletWrappingEndpoint.handle(javax.servlet.http.HttpServletRequest,javax.servlet.http.HttpServletResponse) throws java.lang.Exception
2017-10-13 14:58:33,921 [main] INFO  o.s.b.a.e.mvc.EndpointHandlerMapping 543 - Mapped "{[/env/{name:.*}],methods=[GET],produces=[application/vnd.spring-boot.actuator.v1+json || application/json]}" onto public java.lang.Object org.springframework.boot.actuate.endpoint.mvc.EnvironmentMvcEndpoint.value(java.lang.String)
2017-10-13 14:58:33,922 [main] INFO  o.s.b.a.e.mvc.EndpointHandlerMapping 543 - Mapped "{[/env || /env.json],methods=[GET],produces=[application/vnd.spring-boot.actuator.v1+json || application/json]}" onto public java.lang.Object org.springframework.boot.actuate.endpoint.mvc.EndpointMvcAdapter.invoke()
2017-10-13 14:58:33,924 [main] INFO  o.s.b.a.e.mvc.EndpointHandlerMapping 543 - Mapped "{[/features || /features.json],methods=[GET],produces=[application/vnd.spring-boot.actuator.v1+json || application/json]}" onto public java.lang.Object org.springframework.boot.actuate.endpoint.mvc.EndpointMvcAdapter.invoke()
2017-10-13 14:58:33,926 [main] INFO  o.s.b.a.e.mvc.EndpointHandlerMapping 543 - Mapped "{[/configprops || /configprops.json],methods=[GET],produces=[application/vnd.spring-boot.actuator.v1+json || application/json]}" onto public java.lang.Object org.springframework.boot.actuate.endpoint.mvc.EndpointMvcAdapter.invoke()
2017-10-13 14:58:33,932 [main] INFO  o.s.b.a.e.mvc.EndpointHandlerMapping 543 - Mapped "{[/loggers/{name:.*}],methods=[GET],produces=[application/vnd.spring-boot.actuator.v1+json || application/json]}" onto public java.lang.Object org.springframework.boot.actuate.endpoint.mvc.LoggersMvcEndpoint.get(java.lang.String)
2017-10-13 14:58:33,938 [main] INFO  o.s.b.a.e.mvc.EndpointHandlerMapping 543 - Mapped "{[/loggers/{name:.*}],methods=[POST],consumes=[application/vnd.spring-boot.actuator.v1+json || application/json],produces=[application/vnd.spring-boot.actuator.v1+json || application/json]}" onto public java.lang.Object org.springframework.boot.actuate.endpoint.mvc.LoggersMvcEndpoint.set(java.lang.String,java.util.Map<java.lang.String, java.lang.String>)
2017-10-13 14:58:33,939 [main] INFO  o.s.b.a.e.mvc.EndpointHandlerMapping 543 - Mapped "{[/loggers || /loggers.json],methods=[GET],produces=[application/vnd.spring-boot.actuator.v1+json || application/json]}" onto public java.lang.Object org.springframework.boot.actuate.endpoint.mvc.EndpointMvcAdapter.invoke()
2017-10-13 14:58:33,940 [main] INFO  o.s.b.a.e.mvc.EndpointHandlerMapping 543 - Mapped "{[/beans || /beans.json],methods=[GET],produces=[application/vnd.spring-boot.actuator.v1+json || application/json]}" onto public java.lang.Object org.springframework.boot.actuate.endpoint.mvc.EndpointMvcAdapter.invoke()
2017-10-13 14:58:33,942 [main] INFO  o.s.b.a.e.mvc.EndpointHandlerMapping 543 - Mapped "{[/env],methods=[POST]}" onto public java.lang.Object org.springframework.cloud.context.environment.EnvironmentManagerMvcEndpoint.value(java.util.Map<java.lang.String, java.lang.String>)
2017-10-13 14:58:33,943 [main] INFO  o.s.b.a.e.mvc.EndpointHandlerMapping 543 - Mapped "{[/env/reset],methods=[POST]}" onto public java.util.Map<java.lang.String, java.lang.Object> org.springframework.cloud.context.environment.EnvironmentManagerMvcEndpoint.reset()
2017-10-13 14:58:33,945 [main] INFO  o.s.b.a.e.mvc.EndpointHandlerMapping 543 - Mapped "{[/metrics/{name:.*}],methods=[GET],produces=[application/vnd.spring-boot.actuator.v1+json || application/json]}" onto public java.lang.Object org.springframework.boot.actuate.endpoint.mvc.MetricsMvcEndpoint.value(java.lang.String)
2017-10-13 14:58:33,946 [main] INFO  o.s.b.a.e.mvc.EndpointHandlerMapping 543 - Mapped "{[/metrics || /metrics.json],methods=[GET],produces=[application/vnd.spring-boot.actuator.v1+json || application/json]}" onto public java.lang.Object org.springframework.boot.actuate.endpoint.mvc.EndpointMvcAdapter.invoke()
2017-10-13 14:58:33,948 [main] INFO  o.s.b.a.e.mvc.EndpointHandlerMapping 543 - Mapped "{[/health || /health.json],methods=[GET],produces=[application/vnd.spring-boot.actuator.v1+json || application/json]}" onto public java.lang.Object org.springframework.boot.actuate.endpoint.mvc.HealthMvcEndpoint.invoke(javax.servlet.http.HttpServletRequest,java.security.Principal)
2017-10-13 14:58:33,950 [main] INFO  o.s.b.a.e.mvc.EndpointHandlerMapping 543 - Mapped "{[/info || /info.json],methods=[GET],produces=[application/vnd.spring-boot.actuator.v1+json || application/json]}" onto public java.lang.Object org.springframework.boot.actuate.endpoint.mvc.EndpointMvcAdapter.invoke()
2017-10-13 14:58:34,590 [main] WARN  c.n.c.sources.URLConfigurationSource 121 - No URLs will be polled as dynamic configuration sources.
2017-10-13 14:58:34,591 [main] INFO  c.n.c.sources.URLConfigurationSource 122 - To enable URLs as dynamic configuration sources, define System property archaius.configurationSource.additionalUrls or make config.properties available on classpath.
2017-10-13 14:58:34,930 [main] INFO  o.s.c.s.DefaultLifecycleProcessor 343 - Starting beans in phase 0
2017-10-13 14:58:34,932 [main] INFO  o.s.c.s.DefaultLifecycleProcessor 343 - Starting beans in phase 2147483647
2017-10-13 14:58:34,940 [main] INFO  o.s.c.n.h.HystrixCircuitBreakerConfiguration$HystrixMetricsPollerConfiguration 138 - Starting poller
2017-10-13 14:58:34,989 [main] INFO  o.s.c.n.eureka.InstanceInfoFactory 70 - Setting initial instance status as: STARTING
2017-10-13 14:58:35,077 [main] INFO  c.netflix.discovery.DiscoveryClient 344 - Initializing Eureka in region us-east-1
2017-10-13 14:58:35,224 [main] INFO  c.n.d.p.DiscoveryJerseyProvider 70 - Using JSON encoding codec LegacyJacksonJson
2017-10-13 14:58:35,225 [main] INFO  c.n.d.p.DiscoveryJerseyProvider 71 - Using JSON decoding codec LegacyJacksonJson
2017-10-13 14:58:35,404 [main] INFO  c.n.d.p.DiscoveryJerseyProvider 80 - Using XML encoding codec XStreamXml
2017-10-13 14:58:35,407 [main] INFO  c.n.d.p.DiscoveryJerseyProvider 81 - Using XML decoding codec XStreamXml
2017-10-13 14:58:35,722 [main] INFO  c.n.d.s.r.aws.ConfigClusterResolver 43 - Resolving eureka endpoints via configuration
2017-10-13 14:58:35,769 [main] INFO  c.netflix.discovery.DiscoveryClient 920 - Disable delta property : false
2017-10-13 14:58:35,770 [main] INFO  c.netflix.discovery.DiscoveryClient 921 - Single vip registry refresh property : null
2017-10-13 14:58:35,770 [main] INFO  c.netflix.discovery.DiscoveryClient 922 - Force full registry fetch : false
2017-10-13 14:58:35,771 [main] INFO  c.netflix.discovery.DiscoveryClient 923 - Application is null : false
2017-10-13 14:58:35,771 [main] INFO  c.netflix.discovery.DiscoveryClient 924 - Registered Applications size is zero : true
2017-10-13 14:58:35,772 [main] INFO  c.netflix.discovery.DiscoveryClient 926 - Application version is -1: true
2017-10-13 14:58:35,773 [main] INFO  c.netflix.discovery.DiscoveryClient 1009 - Getting all instance registry info from the eureka server
2017-10-13 14:58:36,061 [main] INFO  c.netflix.discovery.DiscoveryClient 1018 - The response status is 200
2017-10-13 14:58:36,065 [main] INFO  c.netflix.discovery.DiscoveryClient 1244 - Starting heartbeat executor: renew interval is: 30
2017-10-13 14:58:36,069 [main] INFO  c.n.discovery.InstanceInfoReplicator 59 - InstanceInfoReplicator onDemand update allowed rate per min is 4
2017-10-13 14:58:36,072 [main] INFO  c.netflix.discovery.DiscoveryClient 425 - Discovery Client initialized at timestamp 1507877916072 with initial instances count: 3
2017-10-13 14:58:36,201 [main] INFO  com.gzw.ApiGatewayApplicationTests 57 - Started ApiGatewayApplicationTests in 11.882 seconds (JVM running for 12.947)
2017-10-13 14:58:36,316 [Thread-8] INFO  o.s.w.c.s.GenericWebApplicationContext 984 - Closing org.springframework.web.context.support.GenericWebApplicationContext@726386ed: startup date [Fri Oct 13 14:58:26 CST 2017]; parent: org.springframework.context.annotation.AnnotationConfigApplicationContext@3224a577
2017-10-13 14:58:36,318 [Thread-8] INFO  o.s.c.n.e.s.EurekaServiceRegistry 64 - Unregistering application api-gateway with eureka with status DOWN
2017-10-13 14:58:36,321 [Thread-8] WARN  c.netflix.discovery.DiscoveryClient 1277 - Saw local status change event StatusChangeEvent [timestamp=1507877916321, current=DOWN, previous=STARTING]
2017-10-13 14:58:36,322 [Thread-8] INFO  c.netflix.discovery.DiscoveryClient 852 - Shutting down DiscoveryClient ...
2017-10-13 14:58:36,323 [DiscoveryClient-InstanceInfoReplicator-0] INFO  c.netflix.discovery.DiscoveryClient 795 - DiscoveryClient_API-GATEWAY/172.21.1.205:api-gateway:-1: registering service...
2017-10-13 14:58:36,323 [Thread-8] INFO  c.netflix.discovery.DiscoveryClient 884 - Unregistering ...
2017-10-13 14:58:36,350 [Thread-8] INFO  c.netflix.discovery.DiscoveryClient 886 - DiscoveryClient_API-GATEWAY/172.21.1.205:api-gateway:-1 - deregister  status: 404
2017-10-13 14:58:36,357 [Thread-8] INFO  c.netflix.discovery.DiscoveryClient 873 - Completed shut down of DiscoveryClient
2017-10-13 14:58:36,359 [Thread-8] INFO  o.s.c.s.DefaultLifecycleProcessor 358 - Stopping beans in phase 2147483647
2017-10-13 14:58:36,362 [Thread-8] INFO  o.s.c.s.DefaultLifecycleProcessor 358 - Stopping beans in phase 0
2017-10-13 14:58:36,389 [Thread-8] WARN  c.n.c.sources.URLConfigurationSource 121 - No URLs will be polled as dynamic configuration sources.
2017-10-13 14:58:36,390 [Thread-8] INFO  c.n.c.sources.URLConfigurationSource 122 - To enable URLs as dynamic configuration sources, define System property archaius.configurationSource.additionalUrls or make config.properties available on classpath.
2017-10-13 15:02:14,792 [main] INFO  o.s.c.a.AnnotationConfigApplicationContext 583 - Refreshing org.springframework.context.annotation.AnnotationConfigApplicationContext@3224a577: startup date [Fri Oct 13 15:02:14 CST 2017]; root of context hierarchy
2017-10-13 15:02:15,148 [main] INFO  o.s.b.f.a.AutowiredAnnotationBeanPostProcessor 155 - JSR-330 'javax.inject.Inject' annotation found and supported for autowiring
2017-10-13 15:02:15,262 [main] INFO  o.s.c.s.PostProcessorRegistrationDelegate$BeanPostProcessorChecker 325 - Bean 'configurationPropertiesRebinderAutoConfiguration' of type [org.springframework.cloud.autoconfigure.ConfigurationPropertiesRebinderAutoConfiguration$$EnhancerBySpringCGLIB$$e0cc21d2] is not eligible for getting processed by all BeanPostProcessors (for example: not eligible for auto-proxying)
2017-10-13 15:02:15,376 [background-preinit] INFO  o.h.validator.internal.util.Version 30 - HV000001: Hibernate Validator 5.3.5.Final
2017-10-13 15:02:15,983 [main] INFO  com.gzw.ApiGatewayApplicationTests 597 - The following profiles are active: test
2017-10-13 15:02:15,992 [main] INFO  o.s.w.c.s.GenericWebApplicationContext 583 - Refreshing org.springframework.web.context.support.GenericWebApplicationContext@30c31dd7: startup date [Fri Oct 13 15:02:15 CST 2017]; parent: org.springframework.context.annotation.AnnotationConfigApplicationContext@3224a577
2017-10-13 15:02:17,144 [main] INFO  o.s.d.r.c.RepositoryConfigurationDelegate 165 - Multiple Spring Data modules found, entering strict repository configuration mode!
2017-10-13 15:02:17,611 [main] INFO  o.s.cloud.context.scope.GenericScope 263 - BeanFactory id=59038e11-ddf3-3f54-a207-22675e217e25
2017-10-13 15:02:17,741 [main] INFO  o.s.b.f.a.AutowiredAnnotationBeanPostProcessor 155 - JSR-330 'javax.inject.Inject' annotation found and supported for autowiring
2017-10-13 15:02:18,034 [main] INFO  o.s.c.s.PostProcessorRegistrationDelegate$BeanPostProcessorChecker 325 - Bean 'org.springframework.cloud.netflix.metrics.MetricsInterceptorConfiguration$MetricsRestTemplateConfiguration' of type [org.springframework.cloud.netflix.metrics.MetricsInterceptorConfiguration$MetricsRestTemplateConfiguration$$EnhancerBySpringCGLIB$$f6dec516] is not eligible for getting processed by all BeanPostProcessors (for example: not eligible for auto-proxying)
2017-10-13 15:02:18,308 [main] INFO  o.s.c.s.PostProcessorRegistrationDelegate$BeanPostProcessorChecker 325 - Bean 'org.springframework.cloud.autoconfigure.ConfigurationPropertiesRebinderAutoConfiguration' of type [org.springframework.cloud.autoconfigure.ConfigurationPropertiesRebinderAutoConfiguration$$EnhancerBySpringCGLIB$$e0cc21d2] is not eligible for getting processed by all BeanPostProcessors (for example: not eligible for auto-proxying)
2017-10-13 15:02:19,230 [main] WARN  c.n.c.sources.URLConfigurationSource 121 - No URLs will be polled as dynamic configuration sources.
2017-10-13 15:02:19,232 [main] INFO  c.n.c.sources.URLConfigurationSource 122 - To enable URLs as dynamic configuration sources, define System property archaius.configurationSource.additionalUrls or make config.properties available on classpath.
2017-10-13 15:02:19,246 [main] INFO  c.n.config.DynamicPropertyFactory 281 - DynamicPropertyFactory is initialized with configuration sources: com.netflix.config.ConcurrentCompositeConfiguration@266e9dda
2017-10-13 15:02:21,579 [main] INFO  o.s.w.s.m.m.a.RequestMappingHandlerAdapter 534 - Looking for @ControllerAdvice: org.springframework.web.context.support.GenericWebApplicationContext@30c31dd7: startup date [Fri Oct 13 15:02:15 CST 2017]; parent: org.springframework.context.annotation.AnnotationConfigApplicationContext@3224a577
2017-10-13 15:02:21,807 [main] INFO  o.s.w.s.m.m.a.RequestMappingHandlerMapping 543 - Mapped "{[/error]}" onto public org.springframework.http.ResponseEntity<java.util.Map<java.lang.String, java.lang.Object>> org.springframework.boot.autoconfigure.web.BasicErrorController.error(javax.servlet.http.HttpServletRequest)
2017-10-13 15:02:21,809 [main] INFO  o.s.w.s.m.m.a.RequestMappingHandlerMapping 543 - Mapped "{[/error],produces=[text/html]}" onto public org.springframework.web.servlet.ModelAndView org.springframework.boot.autoconfigure.web.BasicErrorController.errorHtml(javax.servlet.http.HttpServletRequest,javax.servlet.http.HttpServletResponse)
2017-10-13 15:02:21,965 [main] INFO  o.s.w.s.h.SimpleUrlHandlerMapping 362 - Mapped URL path [/webjars/**] onto handler of type [class org.springframework.web.servlet.resource.ResourceHttpRequestHandler]
2017-10-13 15:02:21,966 [main] INFO  o.s.w.s.h.SimpleUrlHandlerMapping 362 - Mapped URL path [/**] onto handler of type [class org.springframework.web.servlet.resource.ResourceHttpRequestHandler]
2017-10-13 15:02:22,004 [main] INFO  o.s.w.s.m.m.a.ExceptionHandlerExceptionResolver 273 - Detected @ExceptionHandler methods in defaultExceptionHandlerAdvice
2017-10-13 15:02:22,085 [main] INFO  o.s.w.s.h.SimpleUrlHandlerMapping 362 - Mapped URL path [/**/favicon.ico] onto handler of type [class org.springframework.web.servlet.resource.ResourceHttpRequestHandler]
2017-10-13 15:02:23,427 [main] INFO  o.s.b.a.e.mvc.EndpointHandlerMapping 543 - Mapped "{[/restart || /restart.json],methods=[POST]}" onto public java.lang.Object org.springframework.cloud.context.restart.RestartMvcEndpoint.invoke()
2017-10-13 15:02:23,429 [main] INFO  o.s.b.a.e.mvc.EndpointHandlerMapping 543 - Mapped "{[/resume || /resume.json],methods=[POST]}" onto public java.lang.Object org.springframework.cloud.endpoint.GenericPostableMvcEndpoint.invoke()
2017-10-13 15:02:23,430 [main] INFO  o.s.b.a.e.mvc.EndpointHandlerMapping 543 - Mapped "{[/dump || /dump.json],methods=[GET],produces=[application/vnd.spring-boot.actuator.v1+json || application/json]}" onto public java.lang.Object org.springframework.boot.actuate.endpoint.mvc.EndpointMvcAdapter.invoke()
2017-10-13 15:02:23,432 [main] INFO  o.s.b.a.e.mvc.EndpointHandlerMapping 543 - Mapped "{[/archaius || /archaius.json],methods=[GET],produces=[application/vnd.spring-boot.actuator.v1+json || application/json]}" onto public java.lang.Object org.springframework.boot.actuate.endpoint.mvc.EndpointMvcAdapter.invoke()
2017-10-13 15:02:23,435 [main] INFO  o.s.b.a.e.mvc.EndpointHandlerMapping 543 - Mapped "{[/service-registry/instance-status],methods=[POST]}" onto public org.springframework.http.ResponseEntity<?> org.springframework.cloud.client.serviceregistry.endpoint.ServiceRegistryEndpoint.setStatus(java.lang.String)
2017-10-13 15:02:23,436 [main] INFO  o.s.b.a.e.mvc.EndpointHandlerMapping 543 - Mapped "{[/service-registry/instance-status],methods=[GET]}" onto public org.springframework.http.ResponseEntity org.springframework.cloud.client.serviceregistry.endpoint.ServiceRegistryEndpoint.getStatus()
2017-10-13 15:02:23,438 [main] INFO  o.s.b.a.e.mvc.EndpointHandlerMapping 543 - Mapped "{[/refresh || /refresh.json],methods=[POST]}" onto public java.lang.Object org.springframework.cloud.endpoint.GenericPostableMvcEndpoint.invoke()
2017-10-13 15:02:23,440 [main] INFO  o.s.b.a.e.mvc.EndpointHandlerMapping 543 - Mapped "{[/autoconfig || /autoconfig.json],methods=[GET],produces=[application/vnd.spring-boot.actuator.v1+json || application/json]}" onto public java.lang.Object org.springframework.boot.actuate.endpoint.mvc.EndpointMvcAdapter.invoke()
2017-10-13 15:02:23,443 [main] INFO  o.s.b.a.e.mvc.EndpointHandlerMapping 543 - Mapped "{[/hystrix.stream/**]}" onto public org.springframework.web.servlet.ModelAndView org.springframework.cloud.netflix.endpoint.ServletWrappingEndpoint.handle(javax.servlet.http.HttpServletRequest,javax.servlet.http.HttpServletResponse) throws java.lang.Exception
2017-10-13 15:02:23,445 [main] INFO  o.s.b.a.e.mvc.EndpointHandlerMapping 543 - Mapped "{[/features || /features.json],methods=[GET],produces=[application/vnd.spring-boot.actuator.v1+json || application/json]}" onto public java.lang.Object org.springframework.boot.actuate.endpoint.mvc.EndpointMvcAdapter.invoke()
2017-10-13 15:02:23,446 [main] INFO  o.s.b.a.e.mvc.EndpointHandlerMapping 543 - Mapped "{[/mappings || /mappings.json],methods=[GET],produces=[application/vnd.spring-boot.actuator.v1+json || application/json]}" onto public java.lang.Object org.springframework.boot.actuate.endpoint.mvc.EndpointMvcAdapter.invoke()
2017-10-13 15:02:23,449 [main] INFO  o.s.b.a.e.mvc.EndpointHandlerMapping 543 - Mapped "{[/info || /info.json],methods=[GET],produces=[application/vnd.spring-boot.actuator.v1+json || application/json]}" onto public java.lang.Object org.springframework.boot.actuate.endpoint.mvc.EndpointMvcAdapter.invoke()
2017-10-13 15:02:23,451 [main] INFO  o.s.b.a.e.mvc.EndpointHandlerMapping 543 - Mapped "{[/health || /health.json],methods=[GET],produces=[application/vnd.spring-boot.actuator.v1+json || application/json]}" onto public java.lang.Object org.springframework.boot.actuate.endpoint.mvc.HealthMvcEndpoint.invoke(javax.servlet.http.HttpServletRequest,java.security.Principal)
2017-10-13 15:02:23,455 [main] INFO  o.s.b.a.e.mvc.EndpointHandlerMapping 543 - Mapped "{[/env],methods=[POST]}" onto public java.lang.Object org.springframework.cloud.context.environment.EnvironmentManagerMvcEndpoint.value(java.util.Map<java.lang.String, java.lang.String>)
2017-10-13 15:02:23,456 [main] INFO  o.s.b.a.e.mvc.EndpointHandlerMapping 543 - Mapped "{[/env/reset],methods=[POST]}" onto public java.util.Map<java.lang.String, java.lang.Object> org.springframework.cloud.context.environment.EnvironmentManagerMvcEndpoint.reset()
2017-10-13 15:02:23,461 [main] INFO  o.s.b.a.e.mvc.EndpointHandlerMapping 543 - Mapped "{[/beans || /beans.json],methods=[GET],produces=[application/vnd.spring-boot.actuator.v1+json || application/json]}" onto public java.lang.Object org.springframework.boot.actuate.endpoint.mvc.EndpointMvcAdapter.invoke()
2017-10-13 15:02:23,463 [main] INFO  o.s.b.a.e.mvc.EndpointHandlerMapping 543 - Mapped "{[/pause || /pause.json],methods=[POST]}" onto public java.lang.Object org.springframework.cloud.endpoint.GenericPostableMvcEndpoint.invoke()
2017-10-13 15:02:23,468 [main] INFO  o.s.b.a.e.mvc.EndpointHandlerMapping 543 - Mapped "{[/env/{name:.*}],methods=[GET],produces=[application/vnd.spring-boot.actuator.v1+json || application/json]}" onto public java.lang.Object org.springframework.boot.actuate.endpoint.mvc.EnvironmentMvcEndpoint.value(java.lang.String)
2017-10-13 15:02:23,470 [main] INFO  o.s.b.a.e.mvc.EndpointHandlerMapping 543 - Mapped "{[/env || /env.json],methods=[GET],produces=[application/vnd.spring-boot.actuator.v1+json || application/json]}" onto public java.lang.Object org.springframework.boot.actuate.endpoint.mvc.EndpointMvcAdapter.invoke()
2017-10-13 15:02:23,473 [main] INFO  o.s.b.a.e.mvc.EndpointHandlerMapping 543 - Mapped "{[/trace || /trace.json],methods=[GET],produces=[application/vnd.spring-boot.actuator.v1+json || application/json]}" onto public java.lang.Object org.springframework.boot.actuate.endpoint.mvc.EndpointMvcAdapter.invoke()
2017-10-13 15:02:23,475 [main] INFO  o.s.b.a.e.mvc.EndpointHandlerMapping 543 - Mapped "{[/heapdump || /heapdump.json],methods=[GET],produces=[application/octet-stream]}" onto public void org.springframework.boot.actuate.endpoint.mvc.HeapdumpMvcEndpoint.invoke(boolean,javax.servlet.http.HttpServletRequest,javax.servlet.http.HttpServletResponse) throws java.io.IOException,javax.servlet.ServletException
2017-10-13 15:02:23,477 [main] INFO  o.s.b.a.e.mvc.EndpointHandlerMapping 543 - Mapped "{[/metrics/{name:.*}],methods=[GET],produces=[application/vnd.spring-boot.actuator.v1+json || application/json]}" onto public java.lang.Object org.springframework.boot.actuate.endpoint.mvc.MetricsMvcEndpoint.value(java.lang.String)
2017-10-13 15:02:23,478 [main] INFO  o.s.b.a.e.mvc.EndpointHandlerMapping 543 - Mapped "{[/metrics || /metrics.json],methods=[GET],produces=[application/vnd.spring-boot.actuator.v1+json || application/json]}" onto public java.lang.Object org.springframework.boot.actuate.endpoint.mvc.EndpointMvcAdapter.invoke()
2017-10-13 15:02:23,480 [main] INFO  o.s.b.a.e.mvc.EndpointHandlerMapping 543 - Mapped "{[/auditevents || /auditevents.json],methods=[GET],produces=[application/vnd.spring-boot.actuator.v1+json || application/json]}" onto public org.springframework.http.ResponseEntity<?> org.springframework.boot.actuate.endpoint.mvc.AuditEventsMvcEndpoint.findByPrincipalAndAfterAndType(java.lang.String,java.util.Date,java.lang.String)
2017-10-13 15:02:23,481 [main] INFO  o.s.b.a.e.mvc.EndpointHandlerMapping 543 - Mapped "{[/configprops || /configprops.json],methods=[GET],produces=[application/vnd.spring-boot.actuator.v1+json || application/json]}" onto public java.lang.Object org.springframework.boot.actuate.endpoint.mvc.EndpointMvcAdapter.invoke()
2017-10-13 15:02:23,484 [main] INFO  o.s.b.a.e.mvc.EndpointHandlerMapping 543 - Mapped "{[/loggers/{name:.*}],methods=[GET],produces=[application/vnd.spring-boot.actuator.v1+json || application/json]}" onto public java.lang.Object org.springframework.boot.actuate.endpoint.mvc.LoggersMvcEndpoint.get(java.lang.String)
2017-10-13 15:02:23,486 [main] INFO  o.s.b.a.e.mvc.EndpointHandlerMapping 543 - Mapped "{[/loggers/{name:.*}],methods=[POST],consumes=[application/vnd.spring-boot.actuator.v1+json || application/json],produces=[application/vnd.spring-boot.actuator.v1+json || application/json]}" onto public java.lang.Object org.springframework.boot.actuate.endpoint.mvc.LoggersMvcEndpoint.set(java.lang.String,java.util.Map<java.lang.String, java.lang.String>)
2017-10-13 15:02:23,487 [main] INFO  o.s.b.a.e.mvc.EndpointHandlerMapping 543 - Mapped "{[/loggers || /loggers.json],methods=[GET],produces=[application/vnd.spring-boot.actuator.v1+json || application/json]}" onto public java.lang.Object org.springframework.boot.actuate.endpoint.mvc.EndpointMvcAdapter.invoke()
2017-10-13 15:02:23,492 [main] INFO  o.s.b.a.e.mvc.EndpointHandlerMapping 543 - Mapped "{[/routes || /routes.json],methods=[POST]}" onto public java.lang.Object org.springframework.cloud.netflix.zuul.RoutesMvcEndpoint.reset()
2017-10-13 15:02:23,492 [main] INFO  o.s.b.a.e.mvc.EndpointHandlerMapping 543 - Mapped "{[/routes || /routes.json],methods=[GET],produces=[application/vnd.spring-boot.actuator.v1+json || application/json]}" onto public java.lang.Object org.springframework.boot.actuate.endpoint.mvc.EndpointMvcAdapter.invoke()
2017-10-13 15:02:24,110 [main] WARN  c.n.c.sources.URLConfigurationSource 121 - No URLs will be polled as dynamic configuration sources.
2017-10-13 15:02:24,111 [main] INFO  c.n.c.sources.URLConfigurationSource 122 - To enable URLs as dynamic configuration sources, define System property archaius.configurationSource.additionalUrls or make config.properties available on classpath.
2017-10-13 15:02:24,531 [main] INFO  o.s.c.s.DefaultLifecycleProcessor 343 - Starting beans in phase 0
2017-10-13 15:02:24,532 [main] INFO  o.s.c.s.DefaultLifecycleProcessor 343 - Starting beans in phase 2147483647
2017-10-13 15:02:24,538 [main] INFO  o.s.c.n.h.HystrixCircuitBreakerConfiguration$HystrixMetricsPollerConfiguration 138 - Starting poller
2017-10-13 15:02:24,587 [main] INFO  o.s.c.n.eureka.InstanceInfoFactory 70 - Setting initial instance status as: STARTING
2017-10-13 15:02:24,716 [main] INFO  c.netflix.discovery.DiscoveryClient 344 - Initializing Eureka in region us-east-1
2017-10-13 15:02:24,888 [main] INFO  c.n.d.p.DiscoveryJerseyProvider 70 - Using JSON encoding codec LegacyJacksonJson
2017-10-13 15:02:24,890 [main] INFO  c.n.d.p.DiscoveryJerseyProvider 71 - Using JSON decoding codec LegacyJacksonJson
2017-10-13 15:02:25,118 [main] INFO  c.n.d.p.DiscoveryJerseyProvider 80 - Using XML encoding codec XStreamXml
2017-10-13 15:02:25,120 [main] INFO  c.n.d.p.DiscoveryJerseyProvider 81 - Using XML decoding codec XStreamXml
2017-10-13 15:02:25,435 [main] INFO  c.n.d.s.r.aws.ConfigClusterResolver 43 - Resolving eureka endpoints via configuration
2017-10-13 15:02:25,505 [main] INFO  c.netflix.discovery.DiscoveryClient 920 - Disable delta property : false
2017-10-13 15:02:25,506 [main] INFO  c.netflix.discovery.DiscoveryClient 921 - Single vip registry refresh property : null
2017-10-13 15:02:25,507 [main] INFO  c.netflix.discovery.DiscoveryClient 922 - Force full registry fetch : false
2017-10-13 15:02:25,508 [main] INFO  c.netflix.discovery.DiscoveryClient 923 - Application is null : false
2017-10-13 15:02:25,509 [main] INFO  c.netflix.discovery.DiscoveryClient 924 - Registered Applications size is zero : true
2017-10-13 15:02:25,518 [main] INFO  c.netflix.discovery.DiscoveryClient 926 - Application version is -1: true
2017-10-13 15:02:25,521 [main] INFO  c.netflix.discovery.DiscoveryClient 1009 - Getting all instance registry info from the eureka server
2017-10-13 15:02:25,853 [main] INFO  c.netflix.discovery.DiscoveryClient 1018 - The response status is 200
2017-10-13 15:02:25,856 [main] INFO  c.netflix.discovery.DiscoveryClient 1244 - Starting heartbeat executor: renew interval is: 30
2017-10-13 15:02:25,861 [main] INFO  c.n.discovery.InstanceInfoReplicator 59 - InstanceInfoReplicator onDemand update allowed rate per min is 4
2017-10-13 15:02:25,867 [main] INFO  c.netflix.discovery.DiscoveryClient 425 - Discovery Client initialized at timestamp 1507878145867 with initial instances count: 3
2017-10-13 15:02:26,035 [main] INFO  com.gzw.ApiGatewayApplicationTests 57 - Started ApiGatewayApplicationTests in 12.036 seconds (JVM running for 13.174)
2017-10-13 15:02:26,131 [Thread-8] INFO  o.s.w.c.s.GenericWebApplicationContext 984 - Closing org.springframework.web.context.support.GenericWebApplicationContext@30c31dd7: startup date [Fri Oct 13 15:02:15 CST 2017]; parent: org.springframework.context.annotation.AnnotationConfigApplicationContext@3224a577
2017-10-13 15:02:26,133 [Thread-8] INFO  o.s.c.n.e.s.EurekaServiceRegistry 64 - Unregistering application api-gateway with eureka with status DOWN
2017-10-13 15:02:26,135 [Thread-8] WARN  c.netflix.discovery.DiscoveryClient 1277 - Saw local status change event StatusChangeEvent [timestamp=1507878146135, current=DOWN, previous=STARTING]
2017-10-13 15:02:26,137 [DiscoveryClient-InstanceInfoReplicator-0] INFO  c.netflix.discovery.DiscoveryClient 795 - DiscoveryClient_API-GATEWAY/172.21.1.205:api-gateway:-1: registering service...
2017-10-13 15:02:26,137 [Thread-8] INFO  c.netflix.discovery.DiscoveryClient 852 - Shutting down DiscoveryClient ...
2017-10-13 15:02:26,138 [Thread-8] INFO  c.netflix.discovery.DiscoveryClient 884 - Unregistering ...
2017-10-13 15:02:26,150 [Thread-8] INFO  c.netflix.discovery.DiscoveryClient 886 - DiscoveryClient_API-GATEWAY/172.21.1.205:api-gateway:-1 - deregister  status: 404
2017-10-13 15:02:26,156 [Thread-8] INFO  c.netflix.discovery.DiscoveryClient 873 - Completed shut down of DiscoveryClient
2017-10-13 15:02:26,158 [Thread-8] INFO  o.s.c.s.DefaultLifecycleProcessor 358 - Stopping beans in phase 2147483647
2017-10-13 15:02:26,160 [Thread-8] INFO  o.s.c.s.DefaultLifecycleProcessor 358 - Stopping beans in phase 0
2017-10-13 15:02:26,191 [Thread-8] WARN  c.n.c.sources.URLConfigurationSource 121 - No URLs will be polled as dynamic configuration sources.
2017-10-13 15:02:26,192 [Thread-8] INFO  c.n.c.sources.URLConfigurationSource 122 - To enable URLs as dynamic configuration sources, define System property archaius.configurationSource.additionalUrls or make config.properties available on classpath.
2017-10-13 15:02:26,217 [DiscoveryClient-InstanceInfoReplicator-0] INFO  c.netflix.discovery.DiscoveryClient 804 - DiscoveryClient_API-GATEWAY/172.21.1.205:api-gateway:-1 - registration status: 204
2017-10-13 15:28:32,232 [main] INFO  o.s.c.a.AnnotationConfigApplicationContext 583 - Refreshing org.springframework.context.annotation.AnnotationConfigApplicationContext@3224a577: startup date [Fri Oct 13 15:28:32 CST 2017]; root of context hierarchy
2017-10-13 15:28:32,740 [main] INFO  o.s.b.f.a.AutowiredAnnotationBeanPostProcessor 155 - JSR-330 'javax.inject.Inject' annotation found and supported for autowiring
2017-10-13 15:28:32,860 [main] INFO  o.s.c.s.PostProcessorRegistrationDelegate$BeanPostProcessorChecker 325 - Bean 'configurationPropertiesRebinderAutoConfiguration' of type [org.springframework.cloud.autoconfigure.ConfigurationPropertiesRebinderAutoConfiguration$$EnhancerBySpringCGLIB$$e0cc21d2] is not eligible for getting processed by all BeanPostProcessors (for example: not eligible for auto-proxying)
2017-10-13 15:28:33,012 [background-preinit] INFO  o.h.validator.internal.util.Version 30 - HV000001: Hibernate Validator 5.3.5.Final
2017-10-13 15:28:33,737 [main] INFO  com.gzw.ApiGatewayApplicationTests 597 - The following profiles are active: test
2017-10-13 15:28:33,744 [main] INFO  o.s.w.c.s.GenericWebApplicationContext 583 - Refreshing org.springframework.web.context.support.GenericWebApplicationContext@596df867: startup date [Fri Oct 13 15:28:33 CST 2017]; parent: org.springframework.context.annotation.AnnotationConfigApplicationContext@3224a577
2017-10-13 15:28:35,230 [main] INFO  o.s.d.r.c.RepositoryConfigurationDelegate 165 - Multiple Spring Data modules found, entering strict repository configuration mode!
2017-10-13 15:28:35,854 [main] INFO  o.s.cloud.context.scope.GenericScope 263 - BeanFactory id=59038e11-ddf3-3f54-a207-22675e217e25
2017-10-13 15:28:35,984 [main] INFO  o.s.b.f.a.AutowiredAnnotationBeanPostProcessor 155 - JSR-330 'javax.inject.Inject' annotation found and supported for autowiring
2017-10-13 15:28:36,329 [main] INFO  o.s.c.s.PostProcessorRegistrationDelegate$BeanPostProcessorChecker 325 - Bean 'org.springframework.cloud.netflix.metrics.MetricsInterceptorConfiguration$MetricsRestTemplateConfiguration' of type [org.springframework.cloud.netflix.metrics.MetricsInterceptorConfiguration$MetricsRestTemplateConfiguration$$EnhancerBySpringCGLIB$$f6dec516] is not eligible for getting processed by all BeanPostProcessors (for example: not eligible for auto-proxying)
2017-10-13 15:28:36,784 [main] INFO  o.s.c.s.PostProcessorRegistrationDelegate$BeanPostProcessorChecker 325 - Bean 'org.springframework.cloud.autoconfigure.ConfigurationPropertiesRebinderAutoConfiguration' of type [org.springframework.cloud.autoconfigure.ConfigurationPropertiesRebinderAutoConfiguration$$EnhancerBySpringCGLIB$$e0cc21d2] is not eligible for getting processed by all BeanPostProcessors (for example: not eligible for auto-proxying)
2017-10-13 15:28:37,939 [main] WARN  c.n.c.sources.URLConfigurationSource 121 - No URLs will be polled as dynamic configuration sources.
2017-10-13 15:28:37,941 [main] INFO  c.n.c.sources.URLConfigurationSource 122 - To enable URLs as dynamic configuration sources, define System property archaius.configurationSource.additionalUrls or make config.properties available on classpath.
2017-10-13 15:28:38,023 [main] INFO  c.n.config.DynamicPropertyFactory 281 - DynamicPropertyFactory is initialized with configuration sources: com.netflix.config.ConcurrentCompositeConfiguration@475f5672
2017-10-13 15:28:40,733 [main] INFO  o.s.w.s.m.m.a.RequestMappingHandlerAdapter 534 - Looking for @ControllerAdvice: org.springframework.web.context.support.GenericWebApplicationContext@596df867: startup date [Fri Oct 13 15:28:33 CST 2017]; parent: org.springframework.context.annotation.AnnotationConfigApplicationContext@3224a577
2017-10-13 15:28:41,008 [main] INFO  o.s.w.s.m.m.a.RequestMappingHandlerMapping 543 - Mapped "{[/error]}" onto public org.springframework.http.ResponseEntity<java.util.Map<java.lang.String, java.lang.Object>> org.springframework.boot.autoconfigure.web.BasicErrorController.error(javax.servlet.http.HttpServletRequest)
2017-10-13 15:28:41,014 [main] INFO  o.s.w.s.m.m.a.RequestMappingHandlerMapping 543 - Mapped "{[/error],produces=[text/html]}" onto public org.springframework.web.servlet.ModelAndView org.springframework.boot.autoconfigure.web.BasicErrorController.errorHtml(javax.servlet.http.HttpServletRequest,javax.servlet.http.HttpServletResponse)
2017-10-13 15:28:41,192 [main] INFO  o.s.w.s.h.SimpleUrlHandlerMapping 362 - Mapped URL path [/webjars/**] onto handler of type [class org.springframework.web.servlet.resource.ResourceHttpRequestHandler]
2017-10-13 15:28:41,192 [main] INFO  o.s.w.s.h.SimpleUrlHandlerMapping 362 - Mapped URL path [/**] onto handler of type [class org.springframework.web.servlet.resource.ResourceHttpRequestHandler]
2017-10-13 15:28:41,249 [main] INFO  o.s.w.s.m.m.a.ExceptionHandlerExceptionResolver 273 - Detected @ExceptionHandler methods in defaultExceptionHandlerAdvice
2017-10-13 15:28:41,393 [main] INFO  o.s.w.s.h.SimpleUrlHandlerMapping 362 - Mapped URL path [/**/favicon.ico] onto handler of type [class org.springframework.web.servlet.resource.ResourceHttpRequestHandler]
2017-10-13 15:28:43,018 [main] INFO  o.s.b.a.e.mvc.EndpointHandlerMapping 543 - Mapped "{[/pause || /pause.json],methods=[POST]}" onto public java.lang.Object org.springframework.cloud.endpoint.GenericPostableMvcEndpoint.invoke()
2017-10-13 15:28:43,020 [main] INFO  o.s.b.a.e.mvc.EndpointHandlerMapping 543 - Mapped "{[/info || /info.json],methods=[GET],produces=[application/vnd.spring-boot.actuator.v1+json || application/json]}" onto public java.lang.Object org.springframework.boot.actuate.endpoint.mvc.EndpointMvcAdapter.invoke()
2017-10-13 15:28:43,022 [main] INFO  o.s.b.a.e.mvc.EndpointHandlerMapping 543 - Mapped "{[/archaius || /archaius.json],methods=[GET],produces=[application/vnd.spring-boot.actuator.v1+json || application/json]}" onto public java.lang.Object org.springframework.boot.actuate.endpoint.mvc.EndpointMvcAdapter.invoke()
2017-10-13 15:28:43,024 [main] INFO  o.s.b.a.e.mvc.EndpointHandlerMapping 543 - Mapped "{[/beans || /beans.json],methods=[GET],produces=[application/vnd.spring-boot.actuator.v1+json || application/json]}" onto public java.lang.Object org.springframework.boot.actuate.endpoint.mvc.EndpointMvcAdapter.invoke()
2017-10-13 15:28:43,026 [main] INFO  o.s.b.a.e.mvc.EndpointHandlerMapping 543 - Mapped "{[/mappings || /mappings.json],methods=[GET],produces=[application/vnd.spring-boot.actuator.v1+json || application/json]}" onto public java.lang.Object org.springframework.boot.actuate.endpoint.mvc.EndpointMvcAdapter.invoke()
2017-10-13 15:28:43,028 [main] INFO  o.s.b.a.e.mvc.EndpointHandlerMapping 543 - Mapped "{[/routes || /routes.json],methods=[POST]}" onto public java.lang.Object org.springframework.cloud.netflix.zuul.RoutesMvcEndpoint.reset()
2017-10-13 15:28:43,029 [main] INFO  o.s.b.a.e.mvc.EndpointHandlerMapping 543 - Mapped "{[/routes || /routes.json],methods=[GET],produces=[application/vnd.spring-boot.actuator.v1+json || application/json]}" onto public java.lang.Object org.springframework.boot.actuate.endpoint.mvc.EndpointMvcAdapter.invoke()
2017-10-13 15:28:43,031 [main] INFO  o.s.b.a.e.mvc.EndpointHandlerMapping 543 - Mapped "{[/env],methods=[POST]}" onto public java.lang.Object org.springframework.cloud.context.environment.EnvironmentManagerMvcEndpoint.value(java.util.Map<java.lang.String, java.lang.String>)
2017-10-13 15:28:43,036 [main] INFO  o.s.b.a.e.mvc.EndpointHandlerMapping 543 - Mapped "{[/env/reset],methods=[POST]}" onto public java.util.Map<java.lang.String, java.lang.Object> org.springframework.cloud.context.environment.EnvironmentManagerMvcEndpoint.reset()
2017-10-13 15:28:43,038 [main] INFO  o.s.b.a.e.mvc.EndpointHandlerMapping 543 - Mapped "{[/restart || /restart.json],methods=[POST]}" onto public java.lang.Object org.springframework.cloud.context.restart.RestartMvcEndpoint.invoke()
2017-10-13 15:28:43,040 [main] INFO  o.s.b.a.e.mvc.EndpointHandlerMapping 543 - Mapped "{[/resume || /resume.json],methods=[POST]}" onto public java.lang.Object org.springframework.cloud.endpoint.GenericPostableMvcEndpoint.invoke()
2017-10-13 15:28:43,043 [main] INFO  o.s.b.a.e.mvc.EndpointHandlerMapping 543 - Mapped "{[/refresh || /refresh.json],methods=[POST]}" onto public java.lang.Object org.springframework.cloud.endpoint.GenericPostableMvcEndpoint.invoke()
2017-10-13 15:28:43,046 [main] INFO  o.s.b.a.e.mvc.EndpointHandlerMapping 543 - Mapped "{[/configprops || /configprops.json],methods=[GET],produces=[application/vnd.spring-boot.actuator.v1+json || application/json]}" onto public java.lang.Object org.springframework.boot.actuate.endpoint.mvc.EndpointMvcAdapter.invoke()
2017-10-13 15:28:43,048 [main] INFO  o.s.b.a.e.mvc.EndpointHandlerMapping 543 - Mapped "{[/service-registry/instance-status],methods=[POST]}" onto public org.springframework.http.ResponseEntity<?> org.springframework.cloud.client.serviceregistry.endpoint.ServiceRegistryEndpoint.setStatus(java.lang.String)
2017-10-13 15:28:43,049 [main] INFO  o.s.b.a.e.mvc.EndpointHandlerMapping 543 - Mapped "{[/service-registry/instance-status],methods=[GET]}" onto public org.springframework.http.ResponseEntity org.springframework.cloud.client.serviceregistry.endpoint.ServiceRegistryEndpoint.getStatus()
2017-10-13 15:28:43,055 [main] INFO  o.s.b.a.e.mvc.EndpointHandlerMapping 543 - Mapped "{[/loggers/{name:.*}],methods=[GET],produces=[application/vnd.spring-boot.actuator.v1+json || application/json]}" onto public java.lang.Object org.springframework.boot.actuate.endpoint.mvc.LoggersMvcEndpoint.get(java.lang.String)
2017-10-13 15:28:43,056 [main] INFO  o.s.b.a.e.mvc.EndpointHandlerMapping 543 - Mapped "{[/loggers/{name:.*}],methods=[POST],consumes=[application/vnd.spring-boot.actuator.v1+json || application/json],produces=[application/vnd.spring-boot.actuator.v1+json || application/json]}" onto public java.lang.Object org.springframework.boot.actuate.endpoint.mvc.LoggersMvcEndpoint.set(java.lang.String,java.util.Map<java.lang.String, java.lang.String>)
2017-10-13 15:28:43,057 [main] INFO  o.s.b.a.e.mvc.EndpointHandlerMapping 543 - Mapped "{[/loggers || /loggers.json],methods=[GET],produces=[application/vnd.spring-boot.actuator.v1+json || application/json]}" onto public java.lang.Object org.springframework.boot.actuate.endpoint.mvc.EndpointMvcAdapter.invoke()
2017-10-13 15:28:43,058 [main] INFO  o.s.b.a.e.mvc.EndpointHandlerMapping 543 - Mapped "{[/auditevents || /auditevents.json],methods=[GET],produces=[application/vnd.spring-boot.actuator.v1+json || application/json]}" onto public org.springframework.http.ResponseEntity<?> org.springframework.boot.actuate.endpoint.mvc.AuditEventsMvcEndpoint.findByPrincipalAndAfterAndType(java.lang.String,java.util.Date,java.lang.String)
2017-10-13 15:28:43,060 [main] INFO  o.s.b.a.e.mvc.EndpointHandlerMapping 543 - Mapped "{[/metrics/{name:.*}],methods=[GET],produces=[application/vnd.spring-boot.actuator.v1+json || application/json]}" onto public java.lang.Object org.springframework.boot.actuate.endpoint.mvc.MetricsMvcEndpoint.value(java.lang.String)
2017-10-13 15:28:43,063 [main] INFO  o.s.b.a.e.mvc.EndpointHandlerMapping 543 - Mapped "{[/metrics || /metrics.json],methods=[GET],produces=[application/vnd.spring-boot.actuator.v1+json || application/json]}" onto public java.lang.Object org.springframework.boot.actuate.endpoint.mvc.EndpointMvcAdapter.invoke()
2017-10-13 15:28:43,066 [main] INFO  o.s.b.a.e.mvc.EndpointHandlerMapping 543 - Mapped "{[/features || /features.json],methods=[GET],produces=[application/vnd.spring-boot.actuator.v1+json || application/json]}" onto public java.lang.Object org.springframework.boot.actuate.endpoint.mvc.EndpointMvcAdapter.invoke()
2017-10-13 15:28:43,068 [main] INFO  o.s.b.a.e.mvc.EndpointHandlerMapping 543 - Mapped "{[/dump || /dump.json],methods=[GET],produces=[application/vnd.spring-boot.actuator.v1+json || application/json]}" onto public java.lang.Object org.springframework.boot.actuate.endpoint.mvc.EndpointMvcAdapter.invoke()
2017-10-13 15:28:43,070 [main] INFO  o.s.b.a.e.mvc.EndpointHandlerMapping 543 - Mapped "{[/hystrix.stream/**]}" onto public org.springframework.web.servlet.ModelAndView org.springframework.cloud.netflix.endpoint.ServletWrappingEndpoint.handle(javax.servlet.http.HttpServletRequest,javax.servlet.http.HttpServletResponse) throws java.lang.Exception
2017-10-13 15:28:43,074 [main] INFO  o.s.b.a.e.mvc.EndpointHandlerMapping 543 - Mapped "{[/health || /health.json],methods=[GET],produces=[application/vnd.spring-boot.actuator.v1+json || application/json]}" onto public java.lang.Object org.springframework.boot.actuate.endpoint.mvc.HealthMvcEndpoint.invoke(javax.servlet.http.HttpServletRequest,java.security.Principal)
2017-10-13 15:28:43,075 [main] INFO  o.s.b.a.e.mvc.EndpointHandlerMapping 543 - Mapped "{[/autoconfig || /autoconfig.json],methods=[GET],produces=[application/vnd.spring-boot.actuator.v1+json || application/json]}" onto public java.lang.Object org.springframework.boot.actuate.endpoint.mvc.EndpointMvcAdapter.invoke()
2017-10-13 15:28:43,077 [main] INFO  o.s.b.a.e.mvc.EndpointHandlerMapping 543 - Mapped "{[/trace || /trace.json],methods=[GET],produces=[application/vnd.spring-boot.actuator.v1+json || application/json]}" onto public java.lang.Object org.springframework.boot.actuate.endpoint.mvc.EndpointMvcAdapter.invoke()
2017-10-13 15:28:43,079 [main] INFO  o.s.b.a.e.mvc.EndpointHandlerMapping 543 - Mapped "{[/env/{name:.*}],methods=[GET],produces=[application/vnd.spring-boot.actuator.v1+json || application/json]}" onto public java.lang.Object org.springframework.boot.actuate.endpoint.mvc.EnvironmentMvcEndpoint.value(java.lang.String)
2017-10-13 15:28:43,080 [main] INFO  o.s.b.a.e.mvc.EndpointHandlerMapping 543 - Mapped "{[/env || /env.json],methods=[GET],produces=[application/vnd.spring-boot.actuator.v1+json || application/json]}" onto public java.lang.Object org.springframework.boot.actuate.endpoint.mvc.EndpointMvcAdapter.invoke()
2017-10-13 15:28:43,082 [main] INFO  o.s.b.a.e.mvc.EndpointHandlerMapping 543 - Mapped "{[/heapdump || /heapdump.json],methods=[GET],produces=[application/octet-stream]}" onto public void org.springframework.boot.actuate.endpoint.mvc.HeapdumpMvcEndpoint.invoke(boolean,javax.servlet.http.HttpServletRequest,javax.servlet.http.HttpServletResponse) throws java.io.IOException,javax.servlet.ServletException
2017-10-13 15:28:43,923 [main] WARN  c.n.c.sources.URLConfigurationSource 121 - No URLs will be polled as dynamic configuration sources.
2017-10-13 15:28:43,924 [main] INFO  c.n.c.sources.URLConfigurationSource 122 - To enable URLs as dynamic configuration sources, define System property archaius.configurationSource.additionalUrls or make config.properties available on classpath.
2017-10-13 15:28:44,412 [main] INFO  o.s.c.s.DefaultLifecycleProcessor 343 - Starting beans in phase 0
2017-10-13 15:28:44,413 [main] INFO  o.s.c.s.DefaultLifecycleProcessor 343 - Starting beans in phase 2147483647
2017-10-13 15:28:44,424 [main] INFO  o.s.c.n.h.HystrixCircuitBreakerConfiguration$HystrixMetricsPollerConfiguration 138 - Starting poller
2017-10-13 15:28:44,503 [main] INFO  o.s.c.n.eureka.InstanceInfoFactory 70 - Setting initial instance status as: STARTING
2017-10-13 15:28:44,660 [main] INFO  c.netflix.discovery.DiscoveryClient 344 - Initializing Eureka in region us-east-1
2017-10-13 15:28:44,864 [main] INFO  c.n.d.p.DiscoveryJerseyProvider 70 - Using JSON encoding codec LegacyJacksonJson
2017-10-13 15:28:44,865 [main] INFO  c.n.d.p.DiscoveryJerseyProvider 71 - Using JSON decoding codec LegacyJacksonJson
2017-10-13 15:28:45,111 [main] INFO  c.n.d.p.DiscoveryJerseyProvider 80 - Using XML encoding codec XStreamXml
2017-10-13 15:28:45,112 [main] INFO  c.n.d.p.DiscoveryJerseyProvider 81 - Using XML decoding codec XStreamXml
2017-10-13 15:28:45,511 [main] INFO  c.n.d.s.r.aws.ConfigClusterResolver 43 - Resolving eureka endpoints via configuration
2017-10-13 15:28:45,588 [main] INFO  c.netflix.discovery.DiscoveryClient 920 - Disable delta property : false
2017-10-13 15:28:45,589 [main] INFO  c.netflix.discovery.DiscoveryClient 921 - Single vip registry refresh property : null
2017-10-13 15:28:45,590 [main] INFO  c.netflix.discovery.DiscoveryClient 922 - Force full registry fetch : false
2017-10-13 15:28:45,591 [main] INFO  c.netflix.discovery.DiscoveryClient 923 - Application is null : false
2017-10-13 15:28:45,592 [main] INFO  c.netflix.discovery.DiscoveryClient 924 - Registered Applications size is zero : true
2017-10-13 15:28:45,592 [main] INFO  c.netflix.discovery.DiscoveryClient 926 - Application version is -1: true
2017-10-13 15:28:45,593 [main] INFO  c.netflix.discovery.DiscoveryClient 1009 - Getting all instance registry info from the eureka server
2017-10-13 15:28:45,986 [main] INFO  c.netflix.discovery.DiscoveryClient 1018 - The response status is 200
2017-10-13 15:28:45,994 [main] INFO  c.netflix.discovery.DiscoveryClient 1244 - Starting heartbeat executor: renew interval is: 30
2017-10-13 15:28:46,001 [main] INFO  c.n.discovery.InstanceInfoReplicator 59 - InstanceInfoReplicator onDemand update allowed rate per min is 4
2017-10-13 15:28:46,007 [main] INFO  c.netflix.discovery.DiscoveryClient 425 - Discovery Client initialized at timestamp 1507879726006 with initial instances count: 3
2017-10-13 15:28:46,184 [main] INFO  com.gzw.ApiGatewayApplicationTests 57 - Started ApiGatewayApplicationTests in 14.836 seconds (JVM running for 16.367)
2017-10-13 15:28:46,324 [Thread-8] INFO  o.s.w.c.s.GenericWebApplicationContext 984 - Closing org.springframework.web.context.support.GenericWebApplicationContext@596df867: startup date [Fri Oct 13 15:28:33 CST 2017]; parent: org.springframework.context.annotation.AnnotationConfigApplicationContext@3224a577
2017-10-13 15:28:46,325 [Thread-8] INFO  o.s.c.n.e.s.EurekaServiceRegistry 64 - Unregistering application api-gateway with eureka with status DOWN
2017-10-13 15:28:46,327 [Thread-8] WARN  c.netflix.discovery.DiscoveryClient 1277 - Saw local status change event StatusChangeEvent [timestamp=1507879726327, current=DOWN, previous=STARTING]
2017-10-13 15:28:46,329 [Thread-8] INFO  c.netflix.discovery.DiscoveryClient 852 - Shutting down DiscoveryClient ...
2017-10-13 15:28:46,330 [DiscoveryClient-InstanceInfoReplicator-0] INFO  c.netflix.discovery.DiscoveryClient 795 - DiscoveryClient_API-GATEWAY/172.21.1.205:api-gateway:-1: registering service...
2017-10-13 15:28:46,330 [Thread-8] INFO  c.netflix.discovery.DiscoveryClient 884 - Unregistering ...
2017-10-13 15:28:46,351 [Thread-8] INFO  c.netflix.discovery.DiscoveryClient 886 - DiscoveryClient_API-GATEWAY/172.21.1.205:api-gateway:-1 - deregister  status: 404
2017-10-13 15:28:46,358 [Thread-8] INFO  c.netflix.discovery.DiscoveryClient 873 - Completed shut down of DiscoveryClient
2017-10-13 15:28:46,361 [Thread-8] INFO  o.s.c.s.DefaultLifecycleProcessor 358 - Stopping beans in phase 2147483647
2017-10-13 15:28:46,365 [Thread-8] INFO  o.s.c.s.DefaultLifecycleProcessor 358 - Stopping beans in phase 0
2017-10-13 15:28:46,405 [DiscoveryClient-InstanceInfoReplicator-0] INFO  c.netflix.discovery.DiscoveryClient 804 - DiscoveryClient_API-GATEWAY/172.21.1.205:api-gateway:-1 - registration status: 204
2017-10-13 15:28:46,423 [Thread-8] WARN  c.n.c.sources.URLConfigurationSource 121 - No URLs will be polled as dynamic configuration sources.
2017-10-13 15:28:46,426 [Thread-8] INFO  c.n.c.sources.URLConfigurationSource 122 - To enable URLs as dynamic configuration sources, define System property archaius.configurationSource.additionalUrls or make config.properties available on classpath.
