2017-10-12 22:35:53,429 [main] INFO  o.s.c.a.AnnotationConfigApplicationContext 583 - Refreshing org.springframework.context.annotation.AnnotationConfigApplicationContext@4a3631f8: startup date [Thu Oct 12 22:35:53 CST 2017]; root of context hierarchy
2017-10-12 22:35:53,755 [background-preinit] INFO  o.h.validator.internal.util.Version 30 - HV000001: Hibernate Validator 5.3.5.Final
2017-10-12 22:35:53,934 [main] INFO  o.s.b.f.a.AutowiredAnnotationBeanPostProcessor 155 - JSR-330 'javax.inject.Inject' annotation found and supported for autowiring
2017-10-12 22:35:54,012 [main] INFO  o.s.c.s.PostProcessorRegistrationDelegate$BeanPostProcessorChecker 325 - Bean 'configurationPropertiesRebinderAutoConfiguration' of type [org.springframework.cloud.autoconfigure.ConfigurationPropertiesRebinderAutoConfiguration$$EnhancerBySpringCGLIB$$ddc24342] is not eligible for getting processed by all BeanPostProcessors (for example: not eligible for auto-proxying)
2017-10-12 22:35:54,561 [main] INFO  com.gzw.SeckillApplicationTests 597 - The following profiles are active: test
2017-10-12 22:35:54,596 [main] INFO  o.s.w.c.s.GenericWebApplicationContext 583 - Refreshing org.springframework.web.context.support.GenericWebApplicationContext@3c49fab6: startup date [Thu Oct 12 22:35:54 CST 2017]; parent: org.springframework.context.annotation.AnnotationConfigApplicationContext@4a3631f8
2017-10-12 22:35:56,372 [main] INFO  o.s.d.r.c.RepositoryConfigurationDelegate 165 - Multiple Spring Data modules found, entering strict repository configuration mode!
2017-10-12 22:35:56,972 [main] INFO  o.s.cloud.context.scope.GenericScope 263 - BeanFactory id=c7f39060-8a9d-316b-83cf-57ba00f14327
2017-10-12 22:35:57,109 [main] INFO  o.s.b.f.a.AutowiredAnnotationBeanPostProcessor 155 - JSR-330 'javax.inject.Inject' annotation found and supported for autowiring
2017-10-12 22:35:57,230 [main] INFO  o.s.c.s.PostProcessorRegistrationDelegate$BeanPostProcessorChecker 325 - Bean 'com.gzw.service.PayServiceR' of type [org.springframework.cloud.netflix.feign.FeignClientFactoryBean] is not eligible for getting processed by all BeanPostProcessors (for example: not eligible for auto-proxying)
2017-10-12 22:35:57,432 [main] INFO  o.s.c.s.PostProcessorRegistrationDelegate$BeanPostProcessorChecker 325 - Bean 'org.springframework.transaction.annotation.ProxyTransactionManagementConfiguration' of type [org.springframework.transaction.annotation.ProxyTransactionManagementConfiguration$$EnhancerBySpringCGLIB$$c1a84045] is not eligible for getting processed by all BeanPostProcessors (for example: not eligible for auto-proxying)
2017-10-12 22:35:57,703 [main] INFO  o.s.c.s.PostProcessorRegistrationDelegate$BeanPostProcessorChecker 325 - Bean 'org.springframework.cloud.netflix.metrics.MetricsInterceptorConfiguration$MetricsRestTemplateConfiguration' of type [org.springframework.cloud.netflix.metrics.MetricsInterceptorConfiguration$MetricsRestTemplateConfiguration$$EnhancerBySpringCGLIB$$f3d4e686] is not eligible for getting processed by all BeanPostProcessors (for example: not eligible for auto-proxying)
2017-10-12 22:35:57,728 [main] INFO  o.s.c.s.PostProcessorRegistrationDelegate$BeanPostProcessorChecker 325 - Bean 'org.springframework.cloud.autoconfigure.ConfigurationPropertiesRebinderAutoConfiguration' of type [org.springframework.cloud.autoconfigure.ConfigurationPropertiesRebinderAutoConfiguration$$EnhancerBySpringCGLIB$$ddc24342] is not eligible for getting processed by all BeanPostProcessors (for example: not eligible for auto-proxying)
2017-10-12 22:35:58,748 [main] INFO  o.s.c.a.AnnotationConfigApplicationContext 583 - Refreshing org.springframework.context.annotation.AnnotationConfigApplicationContext@53a50b0a: startup date [Thu Oct 12 22:35:58 CST 2017]; parent: org.springframework.web.context.support.GenericWebApplicationContext@3c49fab6
2017-10-12 22:35:58,782 [main] INFO  o.s.b.f.a.AutowiredAnnotationBeanPostProcessor 155 - JSR-330 'javax.inject.Inject' annotation found and supported for autowiring
2017-10-12 22:36:00,461 [main] INFO  o.s.w.s.m.m.a.RequestMappingHandlerAdapter 534 - Looking for @ControllerAdvice: org.springframework.web.context.support.GenericWebApplicationContext@3c49fab6: startup date [Thu Oct 12 22:35:54 CST 2017]; parent: org.springframework.context.annotation.AnnotationConfigApplicationContext@4a3631f8
2017-10-12 22:36:00,713 [main] INFO  o.s.w.s.m.m.a.RequestMappingHandlerMapping 543 - Mapped "{[/getOrderByOrderNo],methods=[POST]}" onto public java.lang.String com.gzw.controller.OrderController.getOrderByOrderNo(java.lang.String)
2017-10-12 22:36:00,714 [main] INFO  o.s.w.s.m.m.a.RequestMappingHandlerMapping 543 - Mapped "{[/getOrderByUserId],methods=[POST]}" onto public java.lang.String com.gzw.controller.OrderController.getOrderByUserId(java.lang.Integer)
2017-10-12 22:36:00,716 [main] INFO  o.s.w.s.m.m.a.RequestMappingHandlerMapping 543 - Mapped "{[/kill],methods=[POST]}" onto public java.lang.String com.gzw.controller.OrderController.kill(java.lang.Integer,javax.servlet.http.HttpServletRequest)
2017-10-12 22:36:00,717 [main] INFO  o.s.w.s.m.m.a.RequestMappingHandlerMapping 543 - Mapped "{[/pay],methods=[POST]}" onto public java.lang.String com.gzw.controller.OrderController.pay(java.lang.String)
2017-10-12 22:36:00,719 [main] INFO  o.s.w.s.m.m.a.RequestMappingHandlerMapping 543 - Mapped "{[/getSeckill],methods=[POST]}" onto public java.lang.String com.gzw.controller.SecKillController.getSeckill(java.lang.Integer)
2017-10-12 22:36:00,720 [main] INFO  o.s.w.s.m.m.a.RequestMappingHandlerMapping 543 - Mapped "{[/addSeckill],methods=[POST]}" onto public java.lang.String com.gzw.controller.SecKillController.addSeckill(com.gzw.daomain.SecKill)
2017-10-12 22:36:00,720 [main] INFO  o.s.w.s.m.m.a.RequestMappingHandlerMapping 543 - Mapped "{[/getSeckillList],methods=[POST]}" onto public java.lang.String com.gzw.controller.SecKillController.getSeckillList(java.lang.Integer,java.lang.Integer)
2017-10-12 22:36:00,724 [main] INFO  o.s.w.s.m.m.a.RequestMappingHandlerMapping 543 - Mapped "{[/do_register],methods=[POST]}" onto public java.lang.String com.gzw.controller.UserController.register(com.gzw.daomain.User)
2017-10-12 22:36:00,724 [main] INFO  o.s.w.s.m.m.a.RequestMappingHandlerMapping 543 - Mapped "{[/user],methods=[GET]}" onto public java.lang.String com.gzw.controller.UserController.getUserInfo(javax.servlet.http.HttpServletRequest)
2017-10-12 22:36:00,725 [main] INFO  o.s.w.s.m.m.a.RequestMappingHandlerMapping 543 - Mapped "{[/do_login],methods=[POST]}" onto public java.lang.String com.gzw.controller.UserController.login(com.gzw.daomain.User)
2017-10-12 22:36:00,733 [main] INFO  o.s.w.s.m.m.a.RequestMappingHandlerMapping 543 - Mapped "{[/error]}" onto public org.springframework.http.ResponseEntity<java.util.Map<java.lang.String, java.lang.Object>> org.springframework.boot.autoconfigure.web.BasicErrorController.error(javax.servlet.http.HttpServletRequest)
2017-10-12 22:36:00,735 [main] INFO  o.s.w.s.m.m.a.RequestMappingHandlerMapping 543 - Mapped "{[/error],produces=[text/html]}" onto public org.springframework.web.servlet.ModelAndView org.springframework.boot.autoconfigure.web.BasicErrorController.errorHtml(javax.servlet.http.HttpServletRequest,javax.servlet.http.HttpServletResponse)
2017-10-12 22:36:00,882 [main] INFO  o.s.w.s.h.SimpleUrlHandlerMapping 362 - Mapped URL path [/webjars/**] onto handler of type [class org.springframework.web.servlet.resource.ResourceHttpRequestHandler]
2017-10-12 22:36:00,883 [main] INFO  o.s.w.s.h.SimpleUrlHandlerMapping 362 - Mapped URL path [/**] onto handler of type [class org.springframework.web.servlet.resource.ResourceHttpRequestHandler]
2017-10-12 22:36:01,020 [main] INFO  o.s.w.s.h.SimpleUrlHandlerMapping 362 - Mapped URL path [/**/favicon.ico] onto handler of type [class org.springframework.web.servlet.resource.ResourceHttpRequestHandler]
2017-10-12 22:36:02,607 [main] INFO  o.s.b.a.e.mvc.EndpointHandlerMapping 543 - Mapped "{[/heapdump || /heapdump.json],methods=[GET],produces=[application/octet-stream]}" onto public void org.springframework.boot.actuate.endpoint.mvc.HeapdumpMvcEndpoint.invoke(boolean,javax.servlet.http.HttpServletRequest,javax.servlet.http.HttpServletResponse) throws java.io.IOException,javax.servlet.ServletException
2017-10-12 22:36:02,610 [main] INFO  o.s.b.a.e.mvc.EndpointHandlerMapping 543 - Mapped "{[/mappings || /mappings.json],methods=[GET],produces=[application/vnd.spring-boot.actuator.v1+json || application/json]}" onto public java.lang.Object org.springframework.boot.actuate.endpoint.mvc.EndpointMvcAdapter.invoke()
2017-10-12 22:36:02,612 [main] INFO  o.s.b.a.e.mvc.EndpointHandlerMapping 543 - Mapped "{[/configprops || /configprops.json],methods=[GET],produces=[application/vnd.spring-boot.actuator.v1+json || application/json]}" onto public java.lang.Object org.springframework.boot.actuate.endpoint.mvc.EndpointMvcAdapter.invoke()
2017-10-12 22:36:02,614 [main] INFO  o.s.b.a.e.mvc.EndpointHandlerMapping 543 - Mapped "{[/archaius || /archaius.json],methods=[GET],produces=[application/vnd.spring-boot.actuator.v1+json || application/json]}" onto public java.lang.Object org.springframework.boot.actuate.endpoint.mvc.EndpointMvcAdapter.invoke()
2017-10-12 22:36:02,618 [main] INFO  o.s.b.a.e.mvc.EndpointHandlerMapping 543 - Mapped "{[/metrics/{name:.*}],methods=[GET],produces=[application/vnd.spring-boot.actuator.v1+json || application/json]}" onto public java.lang.Object org.springframework.boot.actuate.endpoint.mvc.MetricsMvcEndpoint.value(java.lang.String)
2017-10-12 22:36:02,620 [main] INFO  o.s.b.a.e.mvc.EndpointHandlerMapping 543 - Mapped "{[/metrics || /metrics.json],methods=[GET],produces=[application/vnd.spring-boot.actuator.v1+json || application/json]}" onto public java.lang.Object org.springframework.boot.actuate.endpoint.mvc.EndpointMvcAdapter.invoke()
2017-10-12 22:36:02,621 [main] INFO  o.s.b.a.e.mvc.EndpointHandlerMapping 543 - Mapped "{[/restart || /restart.json],methods=[POST]}" onto public java.lang.Object org.springframework.cloud.context.restart.RestartMvcEndpoint.invoke()
2017-10-12 22:36:02,624 [main] INFO  o.s.b.a.e.mvc.EndpointHandlerMapping 543 - Mapped "{[/auditevents || /auditevents.json],methods=[GET],produces=[application/vnd.spring-boot.actuator.v1+json || application/json]}" onto public org.springframework.http.ResponseEntity<?> org.springframework.boot.actuate.endpoint.mvc.AuditEventsMvcEndpoint.findByPrincipalAndAfterAndType(java.lang.String,java.util.Date,java.lang.String)
2017-10-12 22:36:02,628 [main] INFO  o.s.b.a.e.mvc.EndpointHandlerMapping 543 - Mapped "{[/env],methods=[POST]}" onto public java.lang.Object org.springframework.cloud.context.environment.EnvironmentManagerMvcEndpoint.value(java.util.Map<java.lang.String, java.lang.String>)
2017-10-12 22:36:02,630 [main] INFO  o.s.b.a.e.mvc.EndpointHandlerMapping 543 - Mapped "{[/env/reset],methods=[POST]}" onto public java.util.Map<java.lang.String, java.lang.Object> org.springframework.cloud.context.environment.EnvironmentManagerMvcEndpoint.reset()
2017-10-12 22:36:02,632 [main] INFO  o.s.b.a.e.mvc.EndpointHandlerMapping 543 - Mapped "{[/dump || /dump.json],methods=[GET],produces=[application/vnd.spring-boot.actuator.v1+json || application/json]}" onto public java.lang.Object org.springframework.boot.actuate.endpoint.mvc.EndpointMvcAdapter.invoke()
2017-10-12 22:36:02,635 [main] INFO  o.s.b.a.e.mvc.EndpointHandlerMapping 543 - Mapped "{[/autoconfig || /autoconfig.json],methods=[GET],produces=[application/vnd.spring-boot.actuator.v1+json || application/json]}" onto public java.lang.Object org.springframework.boot.actuate.endpoint.mvc.EndpointMvcAdapter.invoke()
2017-10-12 22:36:02,637 [main] INFO  o.s.b.a.e.mvc.EndpointHandlerMapping 543 - Mapped "{[/health || /health.json],methods=[GET],produces=[application/vnd.spring-boot.actuator.v1+json || application/json]}" onto public java.lang.Object org.springframework.boot.actuate.endpoint.mvc.HealthMvcEndpoint.invoke(javax.servlet.http.HttpServletRequest,java.security.Principal)
2017-10-12 22:36:02,638 [main] INFO  o.s.b.a.e.mvc.EndpointHandlerMapping 543 - Mapped "{[/info || /info.json],methods=[GET],produces=[application/vnd.spring-boot.actuator.v1+json || application/json]}" onto public java.lang.Object org.springframework.boot.actuate.endpoint.mvc.EndpointMvcAdapter.invoke()
2017-10-12 22:36:02,640 [main] INFO  o.s.b.a.e.mvc.EndpointHandlerMapping 543 - Mapped "{[/beans || /beans.json],methods=[GET],produces=[application/vnd.spring-boot.actuator.v1+json || application/json]}" onto public java.lang.Object org.springframework.boot.actuate.endpoint.mvc.EndpointMvcAdapter.invoke()
2017-10-12 22:36:02,641 [main] INFO  o.s.b.a.e.mvc.EndpointHandlerMapping 543 - Mapped "{[/resume || /resume.json],methods=[POST]}" onto public java.lang.Object org.springframework.cloud.endpoint.GenericPostableMvcEndpoint.invoke()
2017-10-12 22:36:02,642 [main] INFO  o.s.b.a.e.mvc.EndpointHandlerMapping 543 - Mapped "{[/refresh || /refresh.json],methods=[POST]}" onto public java.lang.Object org.springframework.cloud.endpoint.GenericPostableMvcEndpoint.invoke()
2017-10-12 22:36:02,643 [main] INFO  o.s.b.a.e.mvc.EndpointHandlerMapping 543 - Mapped "{[/env/{name:.*}],methods=[GET],produces=[application/vnd.spring-boot.actuator.v1+json || application/json]}" onto public java.lang.Object org.springframework.boot.actuate.endpoint.mvc.EnvironmentMvcEndpoint.value(java.lang.String)
2017-10-12 22:36:02,644 [main] INFO  o.s.b.a.e.mvc.EndpointHandlerMapping 543 - Mapped "{[/env || /env.json],methods=[GET],produces=[application/vnd.spring-boot.actuator.v1+json || application/json]}" onto public java.lang.Object org.springframework.boot.actuate.endpoint.mvc.EndpointMvcAdapter.invoke()
2017-10-12 22:36:02,647 [main] INFO  o.s.b.a.e.mvc.EndpointHandlerMapping 543 - Mapped "{[/loggers/{name:.*}],methods=[GET],produces=[application/vnd.spring-boot.actuator.v1+json || application/json]}" onto public java.lang.Object org.springframework.boot.actuate.endpoint.mvc.LoggersMvcEndpoint.get(java.lang.String)
2017-10-12 22:36:02,648 [main] INFO  o.s.b.a.e.mvc.EndpointHandlerMapping 543 - Mapped "{[/loggers/{name:.*}],methods=[POST],consumes=[application/vnd.spring-boot.actuator.v1+json || application/json],produces=[application/vnd.spring-boot.actuator.v1+json || application/json]}" onto public java.lang.Object org.springframework.boot.actuate.endpoint.mvc.LoggersMvcEndpoint.set(java.lang.String,java.util.Map<java.lang.String, java.lang.String>)
2017-10-12 22:36:02,648 [main] INFO  o.s.b.a.e.mvc.EndpointHandlerMapping 543 - Mapped "{[/loggers || /loggers.json],methods=[GET],produces=[application/vnd.spring-boot.actuator.v1+json || application/json]}" onto public java.lang.Object org.springframework.boot.actuate.endpoint.mvc.EndpointMvcAdapter.invoke()
2017-10-12 22:36:02,650 [main] INFO  o.s.b.a.e.mvc.EndpointHandlerMapping 543 - Mapped "{[/trace || /trace.json],methods=[GET],produces=[application/vnd.spring-boot.actuator.v1+json || application/json]}" onto public java.lang.Object org.springframework.boot.actuate.endpoint.mvc.EndpointMvcAdapter.invoke()
2017-10-12 22:36:02,653 [main] INFO  o.s.b.a.e.mvc.EndpointHandlerMapping 543 - Mapped "{[/service-registry/instance-status],methods=[POST]}" onto public org.springframework.http.ResponseEntity<?> org.springframework.cloud.client.serviceregistry.endpoint.ServiceRegistryEndpoint.setStatus(java.lang.String)
2017-10-12 22:36:02,654 [main] INFO  o.s.b.a.e.mvc.EndpointHandlerMapping 543 - Mapped "{[/service-registry/instance-status],methods=[GET]}" onto public org.springframework.http.ResponseEntity org.springframework.cloud.client.serviceregistry.endpoint.ServiceRegistryEndpoint.getStatus()
2017-10-12 22:36:02,656 [main] INFO  o.s.b.a.e.mvc.EndpointHandlerMapping 543 - Mapped "{[/pause || /pause.json],methods=[POST]}" onto public java.lang.Object org.springframework.cloud.endpoint.GenericPostableMvcEndpoint.invoke()
2017-10-12 22:36:02,657 [main] INFO  o.s.b.a.e.mvc.EndpointHandlerMapping 543 - Mapped "{[/features || /features.json],methods=[GET],produces=[application/vnd.spring-boot.actuator.v1+json || application/json]}" onto public java.lang.Object org.springframework.boot.actuate.endpoint.mvc.EndpointMvcAdapter.invoke()
2017-10-12 22:36:03,439 [main] WARN  c.n.c.sources.URLConfigurationSource 121 - No URLs will be polled as dynamic configuration sources.
2017-10-12 22:36:03,440 [main] INFO  c.n.c.sources.URLConfigurationSource 122 - To enable URLs as dynamic configuration sources, define System property archaius.configurationSource.additionalUrls or make config.properties available on classpath.
2017-10-12 22:36:03,452 [main] WARN  c.n.c.sources.URLConfigurationSource 121 - No URLs will be polled as dynamic configuration sources.
2017-10-12 22:36:03,453 [main] INFO  c.n.c.sources.URLConfigurationSource 122 - To enable URLs as dynamic configuration sources, define System property archaius.configurationSource.additionalUrls or make config.properties available on classpath.
2017-10-12 22:36:03,949 [main] INFO  o.s.c.s.DefaultLifecycleProcessor 343 - Starting beans in phase 0
2017-10-12 22:36:03,983 [main] INFO  com.gzw.SeckillApplicationTests 57 - Started SeckillApplicationTests in 11.709 seconds (JVM running for 13.178)
2017-10-12 22:36:04,126 [Thread-7] INFO  o.s.w.c.s.GenericWebApplicationContext 984 - Closing org.springframework.web.context.support.GenericWebApplicationContext@3c49fab6: startup date [Thu Oct 12 22:35:54 CST 2017]; parent: org.springframework.context.annotation.AnnotationConfigApplicationContext@4a3631f8
2017-10-12 22:36:04,145 [Thread-7] INFO  o.s.c.n.eureka.InstanceInfoFactory 70 - Setting initial instance status as: STARTING
2017-10-12 22:36:04,161 [Thread-7] INFO  o.s.c.n.e.s.EurekaServiceRegistry 64 - Unregistering application seckill with eureka with status DOWN
2017-10-12 22:36:04,270 [Thread-7] INFO  c.netflix.discovery.DiscoveryClient 344 - Initializing Eureka in region us-east-1
2017-10-12 22:36:04,659 [Thread-7] INFO  c.n.d.p.DiscoveryJerseyProvider 70 - Using JSON encoding codec LegacyJacksonJson
2017-10-12 22:36:04,660 [Thread-7] INFO  c.n.d.p.DiscoveryJerseyProvider 71 - Using JSON decoding codec LegacyJacksonJson
2017-10-12 22:36:04,863 [Thread-7] INFO  c.n.d.p.DiscoveryJerseyProvider 80 - Using XML encoding codec XStreamXml
2017-10-12 22:36:04,864 [Thread-7] INFO  c.n.d.p.DiscoveryJerseyProvider 81 - Using XML decoding codec XStreamXml
2017-10-12 22:36:05,216 [Thread-7] INFO  c.n.d.s.r.aws.ConfigClusterResolver 43 - Resolving eureka endpoints via configuration
2017-10-12 22:36:05,266 [Thread-7] INFO  c.netflix.discovery.DiscoveryClient 920 - Disable delta property : false
2017-10-12 22:36:05,267 [Thread-7] INFO  c.netflix.discovery.DiscoveryClient 921 - Single vip registry refresh property : null
2017-10-12 22:36:05,269 [Thread-7] INFO  c.netflix.discovery.DiscoveryClient 922 - Force full registry fetch : false
2017-10-12 22:36:05,272 [Thread-7] INFO  c.netflix.discovery.DiscoveryClient 923 - Application is null : false
2017-10-12 22:36:05,273 [Thread-7] INFO  c.netflix.discovery.DiscoveryClient 924 - Registered Applications size is zero : true
2017-10-12 22:36:05,275 [Thread-7] INFO  c.netflix.discovery.DiscoveryClient 926 - Application version is -1: true
2017-10-12 22:36:05,277 [Thread-7] INFO  c.netflix.discovery.DiscoveryClient 1009 - Getting all instance registry info from the eureka server
2017-10-12 22:36:05,510 [Thread-7] WARN  c.n.d.s.t.d.RetryableEurekaHttpClient 129 - Request execution failed with message: java.net.ConnectException: Connection refused (Connection refused)
2017-10-12 22:36:05,514 [Thread-7] WARN  c.netflix.discovery.DiscoveryClient 287 - Using default backup registry implementation which does not do anything.
2017-10-12 22:36:05,515 [Thread-7] INFO  c.netflix.discovery.DiscoveryClient 1244 - Starting heartbeat executor: renew interval is: 30
2017-10-12 22:36:05,519 [Thread-7] INFO  c.n.discovery.InstanceInfoReplicator 59 - InstanceInfoReplicator onDemand update allowed rate per min is 4
2017-10-12 22:36:05,522 [Thread-7] INFO  c.netflix.discovery.DiscoveryClient 425 - Discovery Client initialized at timestamp 1507818965522 with initial instances count: 0
2017-10-12 22:36:05,587 [Thread-7] INFO  c.netflix.discovery.DiscoveryClient 852 - Shutting down DiscoveryClient ...
2017-10-12 22:36:05,590 [Thread-7] INFO  c.netflix.discovery.DiscoveryClient 884 - Unregistering ...
2017-10-12 22:36:05,600 [Thread-7] WARN  c.n.d.s.t.d.RetryableEurekaHttpClient 129 - Request execution failed with message: java.net.ConnectException: Connection refused (Connection refused)
2017-10-12 22:36:05,606 [Thread-7] INFO  c.netflix.discovery.DiscoveryClient 873 - Completed shut down of DiscoveryClient
2017-10-12 22:36:05,610 [Thread-7] INFO  o.s.c.s.DefaultLifecycleProcessor 358 - Stopping beans in phase 0
2017-10-12 22:36:05,620 [Thread-7] INFO  o.s.c.a.AnnotationConfigApplicationContext 984 - Closing org.springframework.context.annotation.AnnotationConfigApplicationContext@53a50b0a: startup date [Thu Oct 12 22:35:58 CST 2017]; parent: org.springframework.web.context.support.GenericWebApplicationContext@3c49fab6
2017-10-12 22:36:05,621 [Thread-7] WARN  o.s.c.a.AnnotationConfigApplicationContext 994 - Exception thrown from ApplicationListener handling ContextClosedEvent
org.springframework.beans.factory.BeanCreationNotAllowedException: Error creating bean with name 'eurekaAutoServiceRegistration': Singleton bean creation not allowed while singletons of this factory are in destruction (Do not request a bean from a BeanFactory in a destroy method implementation!)
	at org.springframework.beans.factory.support.DefaultSingletonBeanRegistry.getSingleton(DefaultSingletonBeanRegistry.java:216)
	at org.springframework.beans.factory.support.AbstractBeanFactory.doGetBean(AbstractBeanFactory.java:302)
	at org.springframework.beans.factory.support.AbstractBeanFactory.getBean(AbstractBeanFactory.java:197)
	at org.springframework.context.support.AbstractApplicationContext.getBean(AbstractApplicationContext.java:1078)
	at org.springframework.context.event.ApplicationListenerMethodAdapter.getTargetBean(ApplicationListenerMethodAdapter.java:283)
	at org.springframework.context.event.ApplicationListenerMethodAdapter.doInvoke(ApplicationListenerMethodAdapter.java:253)
	at org.springframework.context.event.ApplicationListenerMethodAdapter.processEvent(ApplicationListenerMethodAdapter.java:177)
	at org.springframework.context.event.ApplicationListenerMethodAdapter.onApplicationEvent(ApplicationListenerMethodAdapter.java:140)
	at org.springframework.context.event.SimpleApplicationEventMulticaster.doInvokeListener(SimpleApplicationEventMulticaster.java:172)
	at org.springframework.context.event.SimpleApplicationEventMulticaster.invokeListener(SimpleApplicationEventMulticaster.java:165)
	at org.springframework.context.event.SimpleApplicationEventMulticaster.multicastEvent(SimpleApplicationEventMulticaster.java:139)
	at org.springframework.context.support.AbstractApplicationContext.publishEvent(AbstractApplicationContext.java:393)
	at org.springframework.context.support.AbstractApplicationContext.publishEvent(AbstractApplicationContext.java:399)
	at org.springframework.context.support.AbstractApplicationContext.publishEvent(AbstractApplicationContext.java:347)
	at org.springframework.context.support.AbstractApplicationContext.doClose(AbstractApplicationContext.java:991)
	at org.springframework.context.support.AbstractApplicationContext.close(AbstractApplicationContext.java:958)
	at org.springframework.cloud.context.named.NamedContextFactory.destroy(NamedContextFactory.java:76)
	at org.springframework.beans.factory.support.DisposableBeanAdapter.destroy(DisposableBeanAdapter.java:272)
	at org.springframework.beans.factory.support.DefaultSingletonBeanRegistry.destroyBean(DefaultSingletonBeanRegistry.java:578)
	at org.springframework.beans.factory.support.DefaultSingletonBeanRegistry.destroySingleton(DefaultSingletonBeanRegistry.java:554)
	at org.springframework.beans.factory.support.DefaultListableBeanFactory.destroySingleton(DefaultListableBeanFactory.java:961)
	at org.springframework.beans.factory.support.DefaultSingletonBeanRegistry.destroySingletons(DefaultSingletonBeanRegistry.java:523)
	at org.springframework.beans.factory.support.FactoryBeanRegistrySupport.destroySingletons(FactoryBeanRegistrySupport.java:230)
	at org.springframework.beans.factory.support.DefaultListableBeanFactory.destroySingletons(DefaultListableBeanFactory.java:968)
	at org.springframework.context.support.AbstractApplicationContext.destroyBeans(AbstractApplicationContext.java:1030)
	at org.springframework.context.support.AbstractApplicationContext.doClose(AbstractApplicationContext.java:1006)
	at org.springframework.context.support.AbstractApplicationContext$2.run(AbstractApplicationContext.java:929)
2017-10-12 22:38:47,761 [main] INFO  o.s.c.a.AnnotationConfigApplicationContext 583 - Refreshing org.springframework.context.annotation.AnnotationConfigApplicationContext@26df6e3a: startup date [Thu Oct 12 22:38:47 CST 2017]; root of context hierarchy
2017-10-12 22:38:48,028 [background-preinit] INFO  o.h.validator.internal.util.Version 30 - HV000001: Hibernate Validator 5.3.5.Final
2017-10-12 22:38:48,306 [main] INFO  o.s.b.f.a.AutowiredAnnotationBeanPostProcessor 155 - JSR-330 'javax.inject.Inject' annotation found and supported for autowiring
2017-10-12 22:38:48,416 [main] INFO  o.s.c.s.PostProcessorRegistrationDelegate$BeanPostProcessorChecker 325 - Bean 'configurationPropertiesRebinderAutoConfiguration' of type [org.springframework.cloud.autoconfigure.ConfigurationPropertiesRebinderAutoConfiguration$$EnhancerBySpringCGLIB$$6256c55c] is not eligible for getting processed by all BeanPostProcessors (for example: not eligible for auto-proxying)
2017-10-12 22:38:48,888 [main] INFO  com.gzw.SeckillApplicationTests 597 - The following profiles are active: test
2017-10-12 22:38:48,910 [main] INFO  o.s.w.c.s.GenericWebApplicationContext 583 - Refreshing org.springframework.web.context.support.GenericWebApplicationContext@26f3d90c: startup date [Thu Oct 12 22:38:48 CST 2017]; parent: org.springframework.context.annotation.AnnotationConfigApplicationContext@26df6e3a
2017-10-12 22:38:50,814 [main] INFO  o.s.d.r.c.RepositoryConfigurationDelegate 165 - Multiple Spring Data modules found, entering strict repository configuration mode!
2017-10-12 22:38:51,396 [main] INFO  o.s.cloud.context.scope.GenericScope 263 - BeanFactory id=c7f39060-8a9d-316b-83cf-57ba00f14327
2017-10-12 22:38:51,532 [main] INFO  o.s.b.f.a.AutowiredAnnotationBeanPostProcessor 155 - JSR-330 'javax.inject.Inject' annotation found and supported for autowiring
2017-10-12 22:38:51,652 [main] INFO  o.s.c.s.PostProcessorRegistrationDelegate$BeanPostProcessorChecker 325 - Bean 'com.gzw.service.PayServiceR' of type [org.springframework.cloud.netflix.feign.FeignClientFactoryBean] is not eligible for getting processed by all BeanPostProcessors (for example: not eligible for auto-proxying)
2017-10-12 22:38:51,857 [main] INFO  o.s.c.s.PostProcessorRegistrationDelegate$BeanPostProcessorChecker 325 - Bean 'org.springframework.transaction.annotation.ProxyTransactionManagementConfiguration' of type [org.springframework.transaction.annotation.ProxyTransactionManagementConfiguration$$EnhancerBySpringCGLIB$$463cc25f] is not eligible for getting processed by all BeanPostProcessors (for example: not eligible for auto-proxying)
2017-10-12 22:38:52,170 [main] INFO  o.s.c.s.PostProcessorRegistrationDelegate$BeanPostProcessorChecker 325 - Bean 'org.springframework.cloud.netflix.metrics.MetricsInterceptorConfiguration$MetricsRestTemplateConfiguration' of type [org.springframework.cloud.netflix.metrics.MetricsInterceptorConfiguration$MetricsRestTemplateConfiguration$$EnhancerBySpringCGLIB$$786968a0] is not eligible for getting processed by all BeanPostProcessors (for example: not eligible for auto-proxying)
2017-10-12 22:38:52,193 [main] INFO  o.s.c.s.PostProcessorRegistrationDelegate$BeanPostProcessorChecker 325 - Bean 'org.springframework.cloud.autoconfigure.ConfigurationPropertiesRebinderAutoConfiguration' of type [org.springframework.cloud.autoconfigure.ConfigurationPropertiesRebinderAutoConfiguration$$EnhancerBySpringCGLIB$$6256c55c] is not eligible for getting processed by all BeanPostProcessors (for example: not eligible for auto-proxying)
2017-10-12 22:38:53,181 [main] INFO  o.s.c.a.AnnotationConfigApplicationContext 583 - Refreshing org.springframework.context.annotation.AnnotationConfigApplicationContext@764a3e5d: startup date [Thu Oct 12 22:38:53 CST 2017]; parent: org.springframework.web.context.support.GenericWebApplicationContext@26f3d90c
2017-10-12 22:38:53,226 [main] INFO  o.s.b.f.a.AutowiredAnnotationBeanPostProcessor 155 - JSR-330 'javax.inject.Inject' annotation found and supported for autowiring
2017-10-12 22:38:54,763 [main] INFO  o.s.w.s.m.m.a.RequestMappingHandlerAdapter 534 - Looking for @ControllerAdvice: org.springframework.web.context.support.GenericWebApplicationContext@26f3d90c: startup date [Thu Oct 12 22:38:48 CST 2017]; parent: org.springframework.context.annotation.AnnotationConfigApplicationContext@26df6e3a
2017-10-12 22:38:54,996 [main] INFO  o.s.w.s.m.m.a.RequestMappingHandlerMapping 543 - Mapped "{[/getOrderByOrderNo],methods=[POST]}" onto public java.lang.String com.gzw.controller.OrderController.getOrderByOrderNo(java.lang.String)
2017-10-12 22:38:54,998 [main] INFO  o.s.w.s.m.m.a.RequestMappingHandlerMapping 543 - Mapped "{[/getOrderByUserId],methods=[POST]}" onto public java.lang.String com.gzw.controller.OrderController.getOrderByUserId(java.lang.Integer)
2017-10-12 22:38:54,999 [main] INFO  o.s.w.s.m.m.a.RequestMappingHandlerMapping 543 - Mapped "{[/kill],methods=[POST]}" onto public java.lang.String com.gzw.controller.OrderController.kill(java.lang.Integer,javax.servlet.http.HttpServletRequest)
2017-10-12 22:38:55,000 [main] INFO  o.s.w.s.m.m.a.RequestMappingHandlerMapping 543 - Mapped "{[/pay],methods=[POST]}" onto public java.lang.String com.gzw.controller.OrderController.pay(java.lang.String)
2017-10-12 22:38:55,003 [main] INFO  o.s.w.s.m.m.a.RequestMappingHandlerMapping 543 - Mapped "{[/addSeckill],methods=[POST]}" onto public java.lang.String com.gzw.controller.SecKillController.addSeckill(com.gzw.daomain.SecKill)
2017-10-12 22:38:55,004 [main] INFO  o.s.w.s.m.m.a.RequestMappingHandlerMapping 543 - Mapped "{[/getSeckill],methods=[POST]}" onto public java.lang.String com.gzw.controller.SecKillController.getSeckill(java.lang.Integer)
2017-10-12 22:38:55,005 [main] INFO  o.s.w.s.m.m.a.RequestMappingHandlerMapping 543 - Mapped "{[/getSeckillList],methods=[POST]}" onto public java.lang.String com.gzw.controller.SecKillController.getSeckillList(java.lang.Integer,java.lang.Integer)
2017-10-12 22:38:55,010 [main] INFO  o.s.w.s.m.m.a.RequestMappingHandlerMapping 543 - Mapped "{[/do_register],methods=[POST]}" onto public java.lang.String com.gzw.controller.UserController.register(com.gzw.daomain.User)
2017-10-12 22:38:55,011 [main] INFO  o.s.w.s.m.m.a.RequestMappingHandlerMapping 543 - Mapped "{[/user],methods=[GET]}" onto public java.lang.String com.gzw.controller.UserController.getUserInfo(javax.servlet.http.HttpServletRequest)
2017-10-12 22:38:55,012 [main] INFO  o.s.w.s.m.m.a.RequestMappingHandlerMapping 543 - Mapped "{[/do_login],methods=[POST]}" onto public java.lang.String com.gzw.controller.UserController.login(com.gzw.daomain.User)
2017-10-12 22:38:55,016 [main] INFO  o.s.w.s.m.m.a.RequestMappingHandlerMapping 543 - Mapped "{[/error]}" onto public org.springframework.http.ResponseEntity<java.util.Map<java.lang.String, java.lang.Object>> org.springframework.boot.autoconfigure.web.BasicErrorController.error(javax.servlet.http.HttpServletRequest)
2017-10-12 22:38:55,016 [main] INFO  o.s.w.s.m.m.a.RequestMappingHandlerMapping 543 - Mapped "{[/error],produces=[text/html]}" onto public org.springframework.web.servlet.ModelAndView org.springframework.boot.autoconfigure.web.BasicErrorController.errorHtml(javax.servlet.http.HttpServletRequest,javax.servlet.http.HttpServletResponse)
2017-10-12 22:38:55,146 [main] INFO  o.s.w.s.h.SimpleUrlHandlerMapping 362 - Mapped URL path [/webjars/**] onto handler of type [class org.springframework.web.servlet.resource.ResourceHttpRequestHandler]
2017-10-12 22:38:55,146 [main] INFO  o.s.w.s.h.SimpleUrlHandlerMapping 362 - Mapped URL path [/**] onto handler of type [class org.springframework.web.servlet.resource.ResourceHttpRequestHandler]
2017-10-12 22:38:55,274 [main] INFO  o.s.w.s.h.SimpleUrlHandlerMapping 362 - Mapped URL path [/**/favicon.ico] onto handler of type [class org.springframework.web.servlet.resource.ResourceHttpRequestHandler]
2017-10-12 22:38:56,764 [main] INFO  o.s.b.a.e.mvc.EndpointHandlerMapping 543 - Mapped "{[/beans || /beans.json],methods=[GET],produces=[application/vnd.spring-boot.actuator.v1+json || application/json]}" onto public java.lang.Object org.springframework.boot.actuate.endpoint.mvc.EndpointMvcAdapter.invoke()
2017-10-12 22:38:56,766 [main] INFO  o.s.b.a.e.mvc.EndpointHandlerMapping 543 - Mapped "{[/metrics/{name:.*}],methods=[GET],produces=[application/vnd.spring-boot.actuator.v1+json || application/json]}" onto public java.lang.Object org.springframework.boot.actuate.endpoint.mvc.MetricsMvcEndpoint.value(java.lang.String)
2017-10-12 22:38:56,767 [main] INFO  o.s.b.a.e.mvc.EndpointHandlerMapping 543 - Mapped "{[/metrics || /metrics.json],methods=[GET],produces=[application/vnd.spring-boot.actuator.v1+json || application/json]}" onto public java.lang.Object org.springframework.boot.actuate.endpoint.mvc.EndpointMvcAdapter.invoke()
2017-10-12 22:38:56,769 [main] INFO  o.s.b.a.e.mvc.EndpointHandlerMapping 543 - Mapped "{[/env/{name:.*}],methods=[GET],produces=[application/vnd.spring-boot.actuator.v1+json || application/json]}" onto public java.lang.Object org.springframework.boot.actuate.endpoint.mvc.EnvironmentMvcEndpoint.value(java.lang.String)
2017-10-12 22:38:56,769 [main] INFO  o.s.b.a.e.mvc.EndpointHandlerMapping 543 - Mapped "{[/env || /env.json],methods=[GET],produces=[application/vnd.spring-boot.actuator.v1+json || application/json]}" onto public java.lang.Object org.springframework.boot.actuate.endpoint.mvc.EndpointMvcAdapter.invoke()
2017-10-12 22:38:56,771 [main] INFO  o.s.b.a.e.mvc.EndpointHandlerMapping 543 - Mapped "{[/auditevents || /auditevents.json],methods=[GET],produces=[application/vnd.spring-boot.actuator.v1+json || application/json]}" onto public org.springframework.http.ResponseEntity<?> org.springframework.boot.actuate.endpoint.mvc.AuditEventsMvcEndpoint.findByPrincipalAndAfterAndType(java.lang.String,java.util.Date,java.lang.String)
2017-10-12 22:38:56,772 [main] INFO  o.s.b.a.e.mvc.EndpointHandlerMapping 543 - Mapped "{[/mappings || /mappings.json],methods=[GET],produces=[application/vnd.spring-boot.actuator.v1+json || application/json]}" onto public java.lang.Object org.springframework.boot.actuate.endpoint.mvc.EndpointMvcAdapter.invoke()
2017-10-12 22:38:56,773 [main] INFO  o.s.b.a.e.mvc.EndpointHandlerMapping 543 - Mapped "{[/trace || /trace.json],methods=[GET],produces=[application/vnd.spring-boot.actuator.v1+json || application/json]}" onto public java.lang.Object org.springframework.boot.actuate.endpoint.mvc.EndpointMvcAdapter.invoke()
2017-10-12 22:38:56,774 [main] INFO  o.s.b.a.e.mvc.EndpointHandlerMapping 543 - Mapped "{[/pause || /pause.json],methods=[POST]}" onto public java.lang.Object org.springframework.cloud.endpoint.GenericPostableMvcEndpoint.invoke()
2017-10-12 22:38:56,775 [main] INFO  o.s.b.a.e.mvc.EndpointHandlerMapping 543 - Mapped "{[/resume || /resume.json],methods=[POST]}" onto public java.lang.Object org.springframework.cloud.endpoint.GenericPostableMvcEndpoint.invoke()
2017-10-12 22:38:56,776 [main] INFO  o.s.b.a.e.mvc.EndpointHandlerMapping 543 - Mapped "{[/features || /features.json],methods=[GET],produces=[application/vnd.spring-boot.actuator.v1+json || application/json]}" onto public java.lang.Object org.springframework.boot.actuate.endpoint.mvc.EndpointMvcAdapter.invoke()
2017-10-12 22:38:56,778 [main] INFO  o.s.b.a.e.mvc.EndpointHandlerMapping 543 - Mapped "{[/configprops || /configprops.json],methods=[GET],produces=[application/vnd.spring-boot.actuator.v1+json || application/json]}" onto public java.lang.Object org.springframework.boot.actuate.endpoint.mvc.EndpointMvcAdapter.invoke()
2017-10-12 22:38:56,779 [main] INFO  o.s.b.a.e.mvc.EndpointHandlerMapping 543 - Mapped "{[/env],methods=[POST]}" onto public java.lang.Object org.springframework.cloud.context.environment.EnvironmentManagerMvcEndpoint.value(java.util.Map<java.lang.String, java.lang.String>)
2017-10-12 22:38:56,780 [main] INFO  o.s.b.a.e.mvc.EndpointHandlerMapping 543 - Mapped "{[/env/reset],methods=[POST]}" onto public java.util.Map<java.lang.String, java.lang.Object> org.springframework.cloud.context.environment.EnvironmentManagerMvcEndpoint.reset()
2017-10-12 22:38:56,781 [main] INFO  o.s.b.a.e.mvc.EndpointHandlerMapping 543 - Mapped "{[/refresh || /refresh.json],methods=[POST]}" onto public java.lang.Object org.springframework.cloud.endpoint.GenericPostableMvcEndpoint.invoke()
2017-10-12 22:38:56,782 [main] INFO  o.s.b.a.e.mvc.EndpointHandlerMapping 543 - Mapped "{[/heapdump || /heapdump.json],methods=[GET],produces=[application/octet-stream]}" onto public void org.springframework.boot.actuate.endpoint.mvc.HeapdumpMvcEndpoint.invoke(boolean,javax.servlet.http.HttpServletRequest,javax.servlet.http.HttpServletResponse) throws java.io.IOException,javax.servlet.ServletException
2017-10-12 22:38:56,784 [main] INFO  o.s.b.a.e.mvc.EndpointHandlerMapping 543 - Mapped "{[/restart || /restart.json],methods=[POST]}" onto public java.lang.Object org.springframework.cloud.context.restart.RestartMvcEndpoint.invoke()
2017-10-12 22:38:56,785 [main] INFO  o.s.b.a.e.mvc.EndpointHandlerMapping 543 - Mapped "{[/dump || /dump.json],methods=[GET],produces=[application/vnd.spring-boot.actuator.v1+json || application/json]}" onto public java.lang.Object org.springframework.boot.actuate.endpoint.mvc.EndpointMvcAdapter.invoke()
2017-10-12 22:38:56,788 [main] INFO  o.s.b.a.e.mvc.EndpointHandlerMapping 543 - Mapped "{[/health || /health.json],methods=[GET],produces=[application/vnd.spring-boot.actuator.v1+json || application/json]}" onto public java.lang.Object org.springframework.boot.actuate.endpoint.mvc.HealthMvcEndpoint.invoke(javax.servlet.http.HttpServletRequest,java.security.Principal)
2017-10-12 22:38:56,791 [main] INFO  o.s.b.a.e.mvc.EndpointHandlerMapping 543 - Mapped "{[/loggers/{name:.*}],methods=[GET],produces=[application/vnd.spring-boot.actuator.v1+json || application/json]}" onto public java.lang.Object org.springframework.boot.actuate.endpoint.mvc.LoggersMvcEndpoint.get(java.lang.String)
2017-10-12 22:38:56,792 [main] INFO  o.s.b.a.e.mvc.EndpointHandlerMapping 543 - Mapped "{[/loggers/{name:.*}],methods=[POST],consumes=[application/vnd.spring-boot.actuator.v1+json || application/json],produces=[application/vnd.spring-boot.actuator.v1+json || application/json]}" onto public java.lang.Object org.springframework.boot.actuate.endpoint.mvc.LoggersMvcEndpoint.set(java.lang.String,java.util.Map<java.lang.String, java.lang.String>)
2017-10-12 22:38:56,793 [main] INFO  o.s.b.a.e.mvc.EndpointHandlerMapping 543 - Mapped "{[/loggers || /loggers.json],methods=[GET],produces=[application/vnd.spring-boot.actuator.v1+json || application/json]}" onto public java.lang.Object org.springframework.boot.actuate.endpoint.mvc.EndpointMvcAdapter.invoke()
2017-10-12 22:38:56,794 [main] INFO  o.s.b.a.e.mvc.EndpointHandlerMapping 543 - Mapped "{[/archaius || /archaius.json],methods=[GET],produces=[application/vnd.spring-boot.actuator.v1+json || application/json]}" onto public java.lang.Object org.springframework.boot.actuate.endpoint.mvc.EndpointMvcAdapter.invoke()
2017-10-12 22:38:56,795 [main] INFO  o.s.b.a.e.mvc.EndpointHandlerMapping 543 - Mapped "{[/info || /info.json],methods=[GET],produces=[application/vnd.spring-boot.actuator.v1+json || application/json]}" onto public java.lang.Object org.springframework.boot.actuate.endpoint.mvc.EndpointMvcAdapter.invoke()
2017-10-12 22:38:56,796 [main] INFO  o.s.b.a.e.mvc.EndpointHandlerMapping 543 - Mapped "{[/service-registry/instance-status],methods=[POST]}" onto public org.springframework.http.ResponseEntity<?> org.springframework.cloud.client.serviceregistry.endpoint.ServiceRegistryEndpoint.setStatus(java.lang.String)
2017-10-12 22:38:56,797 [main] INFO  o.s.b.a.e.mvc.EndpointHandlerMapping 543 - Mapped "{[/service-registry/instance-status],methods=[GET]}" onto public org.springframework.http.ResponseEntity org.springframework.cloud.client.serviceregistry.endpoint.ServiceRegistryEndpoint.getStatus()
2017-10-12 22:38:56,798 [main] INFO  o.s.b.a.e.mvc.EndpointHandlerMapping 543 - Mapped "{[/autoconfig || /autoconfig.json],methods=[GET],produces=[application/vnd.spring-boot.actuator.v1+json || application/json]}" onto public java.lang.Object org.springframework.boot.actuate.endpoint.mvc.EndpointMvcAdapter.invoke()
2017-10-12 22:38:57,450 [main] WARN  c.n.c.sources.URLConfigurationSource 121 - No URLs will be polled as dynamic configuration sources.
2017-10-12 22:38:57,451 [main] INFO  c.n.c.sources.URLConfigurationSource 122 - To enable URLs as dynamic configuration sources, define System property archaius.configurationSource.additionalUrls or make config.properties available on classpath.
2017-10-12 22:38:57,469 [main] WARN  c.n.c.sources.URLConfigurationSource 121 - No URLs will be polled as dynamic configuration sources.
2017-10-12 22:38:57,470 [main] INFO  c.n.c.sources.URLConfigurationSource 122 - To enable URLs as dynamic configuration sources, define System property archaius.configurationSource.additionalUrls or make config.properties available on classpath.
2017-10-12 22:38:57,956 [main] INFO  o.s.c.s.DefaultLifecycleProcessor 343 - Starting beans in phase 0
2017-10-12 22:38:57,985 [main] INFO  com.gzw.SeckillApplicationTests 57 - Started SeckillApplicationTests in 11.441 seconds (JVM running for 12.909)
2017-10-12 22:38:58,080 [Thread-7] INFO  o.s.w.c.s.GenericWebApplicationContext 984 - Closing org.springframework.web.context.support.GenericWebApplicationContext@26f3d90c: startup date [Thu Oct 12 22:38:48 CST 2017]; parent: org.springframework.context.annotation.AnnotationConfigApplicationContext@26df6e3a
2017-10-12 22:38:58,098 [Thread-7] INFO  o.s.c.n.eureka.InstanceInfoFactory 70 - Setting initial instance status as: STARTING
2017-10-12 22:38:58,116 [Thread-7] INFO  o.s.c.n.e.s.EurekaServiceRegistry 64 - Unregistering application seckill with eureka with status DOWN
2017-10-12 22:38:58,230 [Thread-7] INFO  c.netflix.discovery.DiscoveryClient 344 - Initializing Eureka in region us-east-1
2017-10-12 22:38:58,633 [Thread-7] INFO  c.n.d.p.DiscoveryJerseyProvider 70 - Using JSON encoding codec LegacyJacksonJson
2017-10-12 22:38:58,633 [Thread-7] INFO  c.n.d.p.DiscoveryJerseyProvider 71 - Using JSON decoding codec LegacyJacksonJson
2017-10-12 22:38:58,880 [Thread-7] INFO  c.n.d.p.DiscoveryJerseyProvider 80 - Using XML encoding codec XStreamXml
2017-10-12 22:38:58,881 [Thread-7] INFO  c.n.d.p.DiscoveryJerseyProvider 81 - Using XML decoding codec XStreamXml
2017-10-12 22:38:59,244 [Thread-7] INFO  c.n.d.s.r.aws.ConfigClusterResolver 43 - Resolving eureka endpoints via configuration
2017-10-12 22:38:59,315 [Thread-7] INFO  c.netflix.discovery.DiscoveryClient 920 - Disable delta property : false
2017-10-12 22:38:59,316 [Thread-7] INFO  c.netflix.discovery.DiscoveryClient 921 - Single vip registry refresh property : null
2017-10-12 22:38:59,316 [Thread-7] INFO  c.netflix.discovery.DiscoveryClient 922 - Force full registry fetch : false
2017-10-12 22:38:59,317 [Thread-7] INFO  c.netflix.discovery.DiscoveryClient 923 - Application is null : false
2017-10-12 22:38:59,317 [Thread-7] INFO  c.netflix.discovery.DiscoveryClient 924 - Registered Applications size is zero : true
2017-10-12 22:38:59,318 [Thread-7] INFO  c.netflix.discovery.DiscoveryClient 926 - Application version is -1: true
2017-10-12 22:38:59,318 [Thread-7] INFO  c.netflix.discovery.DiscoveryClient 1009 - Getting all instance registry info from the eureka server
2017-10-12 22:38:59,452 [Thread-7] WARN  c.n.d.s.t.d.RetryableEurekaHttpClient 129 - Request execution failed with message: java.net.ConnectException: Connection refused (Connection refused)
2017-10-12 22:38:59,455 [Thread-7] WARN  c.netflix.discovery.DiscoveryClient 287 - Using default backup registry implementation which does not do anything.
2017-10-12 22:38:59,457 [Thread-7] INFO  c.netflix.discovery.DiscoveryClient 1244 - Starting heartbeat executor: renew interval is: 30
2017-10-12 22:38:59,460 [Thread-7] INFO  c.n.discovery.InstanceInfoReplicator 59 - InstanceInfoReplicator onDemand update allowed rate per min is 4
2017-10-12 22:38:59,463 [Thread-7] INFO  c.netflix.discovery.DiscoveryClient 425 - Discovery Client initialized at timestamp 1507819139463 with initial instances count: 0
2017-10-12 22:38:59,517 [Thread-7] INFO  c.netflix.discovery.DiscoveryClient 852 - Shutting down DiscoveryClient ...
2017-10-12 22:38:59,518 [Thread-7] INFO  c.netflix.discovery.DiscoveryClient 884 - Unregistering ...
2017-10-12 22:38:59,525 [Thread-7] WARN  c.n.d.s.t.d.RetryableEurekaHttpClient 129 - Request execution failed with message: java.net.ConnectException: Connection refused (Connection refused)
2017-10-12 22:38:59,529 [Thread-7] INFO  c.netflix.discovery.DiscoveryClient 873 - Completed shut down of DiscoveryClient
2017-10-12 22:38:59,532 [Thread-7] INFO  o.s.c.s.DefaultLifecycleProcessor 358 - Stopping beans in phase 0
2017-10-12 22:38:59,543 [Thread-7] INFO  o.s.c.a.AnnotationConfigApplicationContext 984 - Closing org.springframework.context.annotation.AnnotationConfigApplicationContext@764a3e5d: startup date [Thu Oct 12 22:38:53 CST 2017]; parent: org.springframework.web.context.support.GenericWebApplicationContext@26f3d90c
2017-10-12 22:38:59,547 [Thread-7] WARN  o.s.c.a.AnnotationConfigApplicationContext 994 - Exception thrown from ApplicationListener handling ContextClosedEvent
org.springframework.beans.factory.BeanCreationNotAllowedException: Error creating bean with name 'eurekaAutoServiceRegistration': Singleton bean creation not allowed while singletons of this factory are in destruction (Do not request a bean from a BeanFactory in a destroy method implementation!)
	at org.springframework.beans.factory.support.DefaultSingletonBeanRegistry.getSingleton(DefaultSingletonBeanRegistry.java:216)
	at org.springframework.beans.factory.support.AbstractBeanFactory.doGetBean(AbstractBeanFactory.java:302)
	at org.springframework.beans.factory.support.AbstractBeanFactory.getBean(AbstractBeanFactory.java:197)
	at org.springframework.context.support.AbstractApplicationContext.getBean(AbstractApplicationContext.java:1078)
	at org.springframework.context.event.ApplicationListenerMethodAdapter.getTargetBean(ApplicationListenerMethodAdapter.java:283)
	at org.springframework.context.event.ApplicationListenerMethodAdapter.doInvoke(ApplicationListenerMethodAdapter.java:253)
	at org.springframework.context.event.ApplicationListenerMethodAdapter.processEvent(ApplicationListenerMethodAdapter.java:177)
	at org.springframework.context.event.ApplicationListenerMethodAdapter.onApplicationEvent(ApplicationListenerMethodAdapter.java:140)
	at org.springframework.context.event.SimpleApplicationEventMulticaster.doInvokeListener(SimpleApplicationEventMulticaster.java:172)
	at org.springframework.context.event.SimpleApplicationEventMulticaster.invokeListener(SimpleApplicationEventMulticaster.java:165)
	at org.springframework.context.event.SimpleApplicationEventMulticaster.multicastEvent(SimpleApplicationEventMulticaster.java:139)
	at org.springframework.context.support.AbstractApplicationContext.publishEvent(AbstractApplicationContext.java:393)
	at org.springframework.context.support.AbstractApplicationContext.publishEvent(AbstractApplicationContext.java:399)
	at org.springframework.context.support.AbstractApplicationContext.publishEvent(AbstractApplicationContext.java:347)
	at org.springframework.context.support.AbstractApplicationContext.doClose(AbstractApplicationContext.java:991)
	at org.springframework.context.support.AbstractApplicationContext.close(AbstractApplicationContext.java:958)
	at org.springframework.cloud.context.named.NamedContextFactory.destroy(NamedContextFactory.java:76)
	at org.springframework.beans.factory.support.DisposableBeanAdapter.destroy(DisposableBeanAdapter.java:272)
	at org.springframework.beans.factory.support.DefaultSingletonBeanRegistry.destroyBean(DefaultSingletonBeanRegistry.java:578)
	at org.springframework.beans.factory.support.DefaultSingletonBeanRegistry.destroySingleton(DefaultSingletonBeanRegistry.java:554)
	at org.springframework.beans.factory.support.DefaultListableBeanFactory.destroySingleton(DefaultListableBeanFactory.java:961)
	at org.springframework.beans.factory.support.DefaultSingletonBeanRegistry.destroySingletons(DefaultSingletonBeanRegistry.java:523)
	at org.springframework.beans.factory.support.FactoryBeanRegistrySupport.destroySingletons(FactoryBeanRegistrySupport.java:230)
	at org.springframework.beans.factory.support.DefaultListableBeanFactory.destroySingletons(DefaultListableBeanFactory.java:968)
	at org.springframework.context.support.AbstractApplicationContext.destroyBeans(AbstractApplicationContext.java:1030)
	at org.springframework.context.support.AbstractApplicationContext.doClose(AbstractApplicationContext.java:1006)
	at org.springframework.context.support.AbstractApplicationContext$2.run(AbstractApplicationContext.java:929)
2017-10-12 23:02:13,986 [main] INFO  o.s.c.a.AnnotationConfigApplicationContext 583 - Refreshing org.springframework.context.annotation.AnnotationConfigApplicationContext@4a3631f8: startup date [Thu Oct 12 23:02:13 CST 2017]; root of context hierarchy
2017-10-12 23:02:14,214 [background-preinit] INFO  o.h.validator.internal.util.Version 30 - HV000001: Hibernate Validator 5.3.5.Final
2017-10-12 23:02:14,412 [main] INFO  o.s.b.f.a.AutowiredAnnotationBeanPostProcessor 155 - JSR-330 'javax.inject.Inject' annotation found and supported for autowiring
2017-10-12 23:02:14,497 [main] INFO  o.s.c.s.PostProcessorRegistrationDelegate$BeanPostProcessorChecker 325 - Bean 'configurationPropertiesRebinderAutoConfiguration' of type [org.springframework.cloud.autoconfigure.ConfigurationPropertiesRebinderAutoConfiguration$$EnhancerBySpringCGLIB$$ddc24342] is not eligible for getting processed by all BeanPostProcessors (for example: not eligible for auto-proxying)
2017-10-12 23:02:14,937 [main] INFO  com.gzw.SeckillApplicationTests 597 - The following profiles are active: test
2017-10-12 23:02:14,952 [main] INFO  o.s.w.c.s.GenericWebApplicationContext 583 - Refreshing org.springframework.web.context.support.GenericWebApplicationContext@3c49fab6: startup date [Thu Oct 12 23:02:14 CST 2017]; parent: org.springframework.context.annotation.AnnotationConfigApplicationContext@4a3631f8
2017-10-12 23:02:16,370 [main] INFO  o.s.d.r.c.RepositoryConfigurationDelegate 165 - Multiple Spring Data modules found, entering strict repository configuration mode!
2017-10-12 23:02:16,881 [main] INFO  o.s.cloud.context.scope.GenericScope 263 - BeanFactory id=c7f39060-8a9d-316b-83cf-57ba00f14327
2017-10-12 23:02:17,017 [main] INFO  o.s.b.f.a.AutowiredAnnotationBeanPostProcessor 155 - JSR-330 'javax.inject.Inject' annotation found and supported for autowiring
2017-10-12 23:02:17,105 [main] INFO  o.s.c.s.PostProcessorRegistrationDelegate$BeanPostProcessorChecker 325 - Bean 'com.gzw.service.PayServiceR' of type [org.springframework.cloud.netflix.feign.FeignClientFactoryBean] is not eligible for getting processed by all BeanPostProcessors (for example: not eligible for auto-proxying)
2017-10-12 23:02:17,291 [main] INFO  o.s.c.s.PostProcessorRegistrationDelegate$BeanPostProcessorChecker 325 - Bean 'org.springframework.transaction.annotation.ProxyTransactionManagementConfiguration' of type [org.springframework.transaction.annotation.ProxyTransactionManagementConfiguration$$EnhancerBySpringCGLIB$$c1a84045] is not eligible for getting processed by all BeanPostProcessors (for example: not eligible for auto-proxying)
2017-10-12 23:02:17,567 [main] INFO  o.s.c.s.PostProcessorRegistrationDelegate$BeanPostProcessorChecker 325 - Bean 'org.springframework.cloud.netflix.metrics.MetricsInterceptorConfiguration$MetricsRestTemplateConfiguration' of type [org.springframework.cloud.netflix.metrics.MetricsInterceptorConfiguration$MetricsRestTemplateConfiguration$$EnhancerBySpringCGLIB$$f3d4e686] is not eligible for getting processed by all BeanPostProcessors (for example: not eligible for auto-proxying)
2017-10-12 23:02:17,588 [main] INFO  o.s.c.s.PostProcessorRegistrationDelegate$BeanPostProcessorChecker 325 - Bean 'org.springframework.cloud.autoconfigure.ConfigurationPropertiesRebinderAutoConfiguration' of type [org.springframework.cloud.autoconfigure.ConfigurationPropertiesRebinderAutoConfiguration$$EnhancerBySpringCGLIB$$ddc24342] is not eligible for getting processed by all BeanPostProcessors (for example: not eligible for auto-proxying)
2017-10-12 23:02:18,551 [main] INFO  o.s.c.a.AnnotationConfigApplicationContext 583 - Refreshing org.springframework.context.annotation.AnnotationConfigApplicationContext@25791d40: startup date [Thu Oct 12 23:02:18 CST 2017]; parent: org.springframework.web.context.support.GenericWebApplicationContext@3c49fab6
2017-10-12 23:02:18,583 [main] INFO  o.s.b.f.a.AutowiredAnnotationBeanPostProcessor 155 - JSR-330 'javax.inject.Inject' annotation found and supported for autowiring
2017-10-12 23:02:20,137 [main] INFO  o.s.w.s.m.m.a.RequestMappingHandlerAdapter 534 - Looking for @ControllerAdvice: org.springframework.web.context.support.GenericWebApplicationContext@3c49fab6: startup date [Thu Oct 12 23:02:14 CST 2017]; parent: org.springframework.context.annotation.AnnotationConfigApplicationContext@4a3631f8
2017-10-12 23:02:20,316 [main] INFO  o.s.w.s.m.m.a.RequestMappingHandlerMapping 543 - Mapped "{[/getOrderByOrderNo],methods=[POST]}" onto public java.lang.String com.gzw.controller.OrderController.getOrderByOrderNo(java.lang.String)
2017-10-12 23:02:20,318 [main] INFO  o.s.w.s.m.m.a.RequestMappingHandlerMapping 543 - Mapped "{[/getOrderByUserId],methods=[POST]}" onto public java.lang.String com.gzw.controller.OrderController.getOrderByUserId(java.lang.Integer)
2017-10-12 23:02:20,318 [main] INFO  o.s.w.s.m.m.a.RequestMappingHandlerMapping 543 - Mapped "{[/kill],methods=[POST]}" onto public java.lang.String com.gzw.controller.OrderController.kill(java.lang.Integer,javax.servlet.http.HttpServletRequest)
2017-10-12 23:02:20,319 [main] INFO  o.s.w.s.m.m.a.RequestMappingHandlerMapping 543 - Mapped "{[/pay],methods=[POST]}" onto public java.lang.String com.gzw.controller.OrderController.pay(java.lang.String)
2017-10-12 23:02:20,321 [main] INFO  o.s.w.s.m.m.a.RequestMappingHandlerMapping 543 - Mapped "{[/addSeckill],methods=[POST]}" onto public java.lang.String com.gzw.controller.SecKillController.addSeckill(com.gzw.daomain.SecKill)
2017-10-12 23:02:20,321 [main] INFO  o.s.w.s.m.m.a.RequestMappingHandlerMapping 543 - Mapped "{[/getSeckill],methods=[POST]}" onto public java.lang.String com.gzw.controller.SecKillController.getSeckill(java.lang.Integer)
2017-10-12 23:02:20,322 [main] INFO  o.s.w.s.m.m.a.RequestMappingHandlerMapping 543 - Mapped "{[/getSeckillList],methods=[POST]}" onto public java.lang.String com.gzw.controller.SecKillController.getSeckillList(java.lang.Integer,java.lang.Integer)
2017-10-12 23:02:20,325 [main] INFO  o.s.w.s.m.m.a.RequestMappingHandlerMapping 543 - Mapped "{[/do_register],methods=[POST]}" onto public java.lang.String com.gzw.controller.UserController.register(com.gzw.daomain.User)
2017-10-12 23:02:20,326 [main] INFO  o.s.w.s.m.m.a.RequestMappingHandlerMapping 543 - Mapped "{[/user],methods=[GET]}" onto public java.lang.String com.gzw.controller.UserController.getUserInfo(javax.servlet.http.HttpServletRequest)
2017-10-12 23:02:20,326 [main] INFO  o.s.w.s.m.m.a.RequestMappingHandlerMapping 543 - Mapped "{[/do_login],methods=[POST]}" onto public java.lang.String com.gzw.controller.UserController.login(com.gzw.daomain.User)
2017-10-12 23:02:20,329 [main] INFO  o.s.w.s.m.m.a.RequestMappingHandlerMapping 543 - Mapped "{[/error]}" onto public org.springframework.http.ResponseEntity<java.util.Map<java.lang.String, java.lang.Object>> org.springframework.boot.autoconfigure.web.BasicErrorController.error(javax.servlet.http.HttpServletRequest)
2017-10-12 23:02:20,330 [main] INFO  o.s.w.s.m.m.a.RequestMappingHandlerMapping 543 - Mapped "{[/error],produces=[text/html]}" onto public org.springframework.web.servlet.ModelAndView org.springframework.boot.autoconfigure.web.BasicErrorController.errorHtml(javax.servlet.http.HttpServletRequest,javax.servlet.http.HttpServletResponse)
2017-10-12 23:02:20,416 [main] INFO  o.s.w.s.h.SimpleUrlHandlerMapping 362 - Mapped URL path [/webjars/**] onto handler of type [class org.springframework.web.servlet.resource.ResourceHttpRequestHandler]
2017-10-12 23:02:20,421 [main] INFO  o.s.w.s.h.SimpleUrlHandlerMapping 362 - Mapped URL path [/**] onto handler of type [class org.springframework.web.servlet.resource.ResourceHttpRequestHandler]
2017-10-12 23:02:20,492 [main] INFO  o.s.w.s.h.SimpleUrlHandlerMapping 362 - Mapped URL path [/**/favicon.ico] onto handler of type [class org.springframework.web.servlet.resource.ResourceHttpRequestHandler]
2017-10-12 23:02:22,028 [main] INFO  o.s.b.a.e.mvc.EndpointHandlerMapping 543 - Mapped "{[/env/{name:.*}],methods=[GET],produces=[application/vnd.spring-boot.actuator.v1+json || application/json]}" onto public java.lang.Object org.springframework.boot.actuate.endpoint.mvc.EnvironmentMvcEndpoint.value(java.lang.String)
2017-10-12 23:02:22,029 [main] INFO  o.s.b.a.e.mvc.EndpointHandlerMapping 543 - Mapped "{[/env || /env.json],methods=[GET],produces=[application/vnd.spring-boot.actuator.v1+json || application/json]}" onto public java.lang.Object org.springframework.boot.actuate.endpoint.mvc.EndpointMvcAdapter.invoke()
2017-10-12 23:02:22,030 [main] INFO  o.s.b.a.e.mvc.EndpointHandlerMapping 543 - Mapped "{[/beans || /beans.json],methods=[GET],produces=[application/vnd.spring-boot.actuator.v1+json || application/json]}" onto public java.lang.Object org.springframework.boot.actuate.endpoint.mvc.EndpointMvcAdapter.invoke()
2017-10-12 23:02:22,032 [main] INFO  o.s.b.a.e.mvc.EndpointHandlerMapping 543 - Mapped "{[/resume || /resume.json],methods=[POST]}" onto public java.lang.Object org.springframework.cloud.endpoint.GenericPostableMvcEndpoint.invoke()
2017-10-12 23:02:22,033 [main] INFO  o.s.b.a.e.mvc.EndpointHandlerMapping 543 - Mapped "{[/trace || /trace.json],methods=[GET],produces=[application/vnd.spring-boot.actuator.v1+json || application/json]}" onto public java.lang.Object org.springframework.boot.actuate.endpoint.mvc.EndpointMvcAdapter.invoke()
2017-10-12 23:02:22,035 [main] INFO  o.s.b.a.e.mvc.EndpointHandlerMapping 543 - Mapped "{[/health || /health.json],methods=[GET],produces=[application/vnd.spring-boot.actuator.v1+json || application/json]}" onto public java.lang.Object org.springframework.boot.actuate.endpoint.mvc.HealthMvcEndpoint.invoke(javax.servlet.http.HttpServletRequest,java.security.Principal)
2017-10-12 23:02:22,036 [main] INFO  o.s.b.a.e.mvc.EndpointHandlerMapping 543 - Mapped "{[/metrics/{name:.*}],methods=[GET],produces=[application/vnd.spring-boot.actuator.v1+json || application/json]}" onto public java.lang.Object org.springframework.boot.actuate.endpoint.mvc.MetricsMvcEndpoint.value(java.lang.String)
2017-10-12 23:02:22,037 [main] INFO  o.s.b.a.e.mvc.EndpointHandlerMapping 543 - Mapped "{[/metrics || /metrics.json],methods=[GET],produces=[application/vnd.spring-boot.actuator.v1+json || application/json]}" onto public java.lang.Object org.springframework.boot.actuate.endpoint.mvc.EndpointMvcAdapter.invoke()
2017-10-12 23:02:22,038 [main] INFO  o.s.b.a.e.mvc.EndpointHandlerMapping 543 - Mapped "{[/mappings || /mappings.json],methods=[GET],produces=[application/vnd.spring-boot.actuator.v1+json || application/json]}" onto public java.lang.Object org.springframework.boot.actuate.endpoint.mvc.EndpointMvcAdapter.invoke()
2017-10-12 23:02:22,039 [main] INFO  o.s.b.a.e.mvc.EndpointHandlerMapping 543 - Mapped "{[/info || /info.json],methods=[GET],produces=[application/vnd.spring-boot.actuator.v1+json || application/json]}" onto public java.lang.Object org.springframework.boot.actuate.endpoint.mvc.EndpointMvcAdapter.invoke()
2017-10-12 23:02:22,040 [main] INFO  o.s.b.a.e.mvc.EndpointHandlerMapping 543 - Mapped "{[/refresh || /refresh.json],methods=[POST]}" onto public java.lang.Object org.springframework.cloud.endpoint.GenericPostableMvcEndpoint.invoke()
2017-10-12 23:02:22,044 [main] INFO  o.s.b.a.e.mvc.EndpointHandlerMapping 543 - Mapped "{[/loggers/{name:.*}],methods=[GET],produces=[application/vnd.spring-boot.actuator.v1+json || application/json]}" onto public java.lang.Object org.springframework.boot.actuate.endpoint.mvc.LoggersMvcEndpoint.get(java.lang.String)
2017-10-12 23:02:22,044 [main] INFO  o.s.b.a.e.mvc.EndpointHandlerMapping 543 - Mapped "{[/loggers/{name:.*}],methods=[POST],consumes=[application/vnd.spring-boot.actuator.v1+json || application/json],produces=[application/vnd.spring-boot.actuator.v1+json || application/json]}" onto public java.lang.Object org.springframework.boot.actuate.endpoint.mvc.LoggersMvcEndpoint.set(java.lang.String,java.util.Map<java.lang.String, java.lang.String>)
2017-10-12 23:02:22,046 [main] INFO  o.s.b.a.e.mvc.EndpointHandlerMapping 543 - Mapped "{[/loggers || /loggers.json],methods=[GET],produces=[application/vnd.spring-boot.actuator.v1+json || application/json]}" onto public java.lang.Object org.springframework.boot.actuate.endpoint.mvc.EndpointMvcAdapter.invoke()
2017-10-12 23:02:22,048 [main] INFO  o.s.b.a.e.mvc.EndpointHandlerMapping 543 - Mapped "{[/auditevents || /auditevents.json],methods=[GET],produces=[application/vnd.spring-boot.actuator.v1+json || application/json]}" onto public org.springframework.http.ResponseEntity<?> org.springframework.boot.actuate.endpoint.mvc.AuditEventsMvcEndpoint.findByPrincipalAndAfterAndType(java.lang.String,java.util.Date,java.lang.String)
2017-10-12 23:02:22,049 [main] INFO  o.s.b.a.e.mvc.EndpointHandlerMapping 543 - Mapped "{[/features || /features.json],methods=[GET],produces=[application/vnd.spring-boot.actuator.v1+json || application/json]}" onto public java.lang.Object org.springframework.boot.actuate.endpoint.mvc.EndpointMvcAdapter.invoke()
2017-10-12 23:02:22,050 [main] INFO  o.s.b.a.e.mvc.EndpointHandlerMapping 543 - Mapped "{[/service-registry/instance-status],methods=[POST]}" onto public org.springframework.http.ResponseEntity<?> org.springframework.cloud.client.serviceregistry.endpoint.ServiceRegistryEndpoint.setStatus(java.lang.String)
2017-10-12 23:02:22,051 [main] INFO  o.s.b.a.e.mvc.EndpointHandlerMapping 543 - Mapped "{[/service-registry/instance-status],methods=[GET]}" onto public org.springframework.http.ResponseEntity org.springframework.cloud.client.serviceregistry.endpoint.ServiceRegistryEndpoint.getStatus()
2017-10-12 23:02:22,051 [main] INFO  o.s.b.a.e.mvc.EndpointHandlerMapping 543 - Mapped "{[/pause || /pause.json],methods=[POST]}" onto public java.lang.Object org.springframework.cloud.endpoint.GenericPostableMvcEndpoint.invoke()
2017-10-12 23:02:22,053 [main] INFO  o.s.b.a.e.mvc.EndpointHandlerMapping 543 - Mapped "{[/dump || /dump.json],methods=[GET],produces=[application/vnd.spring-boot.actuator.v1+json || application/json]}" onto public java.lang.Object org.springframework.boot.actuate.endpoint.mvc.EndpointMvcAdapter.invoke()
2017-10-12 23:02:22,054 [main] INFO  o.s.b.a.e.mvc.EndpointHandlerMapping 543 - Mapped "{[/env],methods=[POST]}" onto public java.lang.Object org.springframework.cloud.context.environment.EnvironmentManagerMvcEndpoint.value(java.util.Map<java.lang.String, java.lang.String>)
2017-10-12 23:02:22,055 [main] INFO  o.s.b.a.e.mvc.EndpointHandlerMapping 543 - Mapped "{[/env/reset],methods=[POST]}" onto public java.util.Map<java.lang.String, java.lang.Object> org.springframework.cloud.context.environment.EnvironmentManagerMvcEndpoint.reset()
2017-10-12 23:02:22,056 [main] INFO  o.s.b.a.e.mvc.EndpointHandlerMapping 543 - Mapped "{[/autoconfig || /autoconfig.json],methods=[GET],produces=[application/vnd.spring-boot.actuator.v1+json || application/json]}" onto public java.lang.Object org.springframework.boot.actuate.endpoint.mvc.EndpointMvcAdapter.invoke()
2017-10-12 23:02:22,058 [main] INFO  o.s.b.a.e.mvc.EndpointHandlerMapping 543 - Mapped "{[/archaius || /archaius.json],methods=[GET],produces=[application/vnd.spring-boot.actuator.v1+json || application/json]}" onto public java.lang.Object org.springframework.boot.actuate.endpoint.mvc.EndpointMvcAdapter.invoke()
2017-10-12 23:02:22,060 [main] INFO  o.s.b.a.e.mvc.EndpointHandlerMapping 543 - Mapped "{[/heapdump || /heapdump.json],methods=[GET],produces=[application/octet-stream]}" onto public void org.springframework.boot.actuate.endpoint.mvc.HeapdumpMvcEndpoint.invoke(boolean,javax.servlet.http.HttpServletRequest,javax.servlet.http.HttpServletResponse) throws java.io.IOException,javax.servlet.ServletException
2017-10-12 23:02:22,061 [main] INFO  o.s.b.a.e.mvc.EndpointHandlerMapping 543 - Mapped "{[/restart || /restart.json],methods=[POST]}" onto public java.lang.Object org.springframework.cloud.context.restart.RestartMvcEndpoint.invoke()
2017-10-12 23:02:22,063 [main] INFO  o.s.b.a.e.mvc.EndpointHandlerMapping 543 - Mapped "{[/configprops || /configprops.json],methods=[GET],produces=[application/vnd.spring-boot.actuator.v1+json || application/json]}" onto public java.lang.Object org.springframework.boot.actuate.endpoint.mvc.EndpointMvcAdapter.invoke()
2017-10-12 23:02:22,655 [main] WARN  c.n.c.sources.URLConfigurationSource 121 - No URLs will be polled as dynamic configuration sources.
2017-10-12 23:02:22,656 [main] INFO  c.n.c.sources.URLConfigurationSource 122 - To enable URLs as dynamic configuration sources, define System property archaius.configurationSource.additionalUrls or make config.properties available on classpath.
2017-10-12 23:02:22,664 [main] WARN  c.n.c.sources.URLConfigurationSource 121 - No URLs will be polled as dynamic configuration sources.
2017-10-12 23:02:22,665 [main] INFO  c.n.c.sources.URLConfigurationSource 122 - To enable URLs as dynamic configuration sources, define System property archaius.configurationSource.additionalUrls or make config.properties available on classpath.
2017-10-12 23:02:23,231 [main] INFO  o.s.c.s.DefaultLifecycleProcessor 343 - Starting beans in phase 0
2017-10-12 23:02:23,260 [main] INFO  com.gzw.SeckillApplicationTests 57 - Started SeckillApplicationTests in 10.338 seconds (JVM running for 11.403)
2017-10-12 23:02:23,352 [Thread-7] INFO  o.s.w.c.s.GenericWebApplicationContext 984 - Closing org.springframework.web.context.support.GenericWebApplicationContext@3c49fab6: startup date [Thu Oct 12 23:02:14 CST 2017]; parent: org.springframework.context.annotation.AnnotationConfigApplicationContext@4a3631f8
2017-10-12 23:02:23,368 [Thread-7] INFO  o.s.c.n.eureka.InstanceInfoFactory 70 - Setting initial instance status as: STARTING
2017-10-12 23:02:23,386 [Thread-7] INFO  o.s.c.n.e.s.EurekaServiceRegistry 64 - Unregistering application seckill with eureka with status DOWN
2017-10-12 23:02:23,452 [Thread-7] INFO  c.netflix.discovery.DiscoveryClient 344 - Initializing Eureka in region us-east-1
2017-10-12 23:02:23,824 [Thread-7] INFO  c.n.d.p.DiscoveryJerseyProvider 70 - Using JSON encoding codec LegacyJacksonJson
2017-10-12 23:02:23,825 [Thread-7] INFO  c.n.d.p.DiscoveryJerseyProvider 71 - Using JSON decoding codec LegacyJacksonJson
2017-10-12 23:02:24,009 [Thread-7] INFO  c.n.d.p.DiscoveryJerseyProvider 80 - Using XML encoding codec XStreamXml
2017-10-12 23:02:24,010 [Thread-7] INFO  c.n.d.p.DiscoveryJerseyProvider 81 - Using XML decoding codec XStreamXml
2017-10-12 23:02:24,297 [Thread-7] INFO  c.n.d.s.r.aws.ConfigClusterResolver 43 - Resolving eureka endpoints via configuration
2017-10-12 23:02:24,336 [Thread-7] INFO  c.netflix.discovery.DiscoveryClient 920 - Disable delta property : false
2017-10-12 23:02:24,337 [Thread-7] INFO  c.netflix.discovery.DiscoveryClient 921 - Single vip registry refresh property : null
2017-10-12 23:02:24,337 [Thread-7] INFO  c.netflix.discovery.DiscoveryClient 922 - Force full registry fetch : false
2017-10-12 23:02:24,338 [Thread-7] INFO  c.netflix.discovery.DiscoveryClient 923 - Application is null : false
2017-10-12 23:02:24,341 [Thread-7] INFO  c.netflix.discovery.DiscoveryClient 924 - Registered Applications size is zero : true
2017-10-12 23:02:24,342 [Thread-7] INFO  c.netflix.discovery.DiscoveryClient 926 - Application version is -1: true
2017-10-12 23:02:24,342 [Thread-7] INFO  c.netflix.discovery.DiscoveryClient 1009 - Getting all instance registry info from the eureka server
2017-10-12 23:02:24,505 [Thread-7] WARN  c.n.d.s.t.d.RetryableEurekaHttpClient 129 - Request execution failed with message: java.net.ConnectException: Connection refused (Connection refused)
2017-10-12 23:02:24,509 [Thread-7] WARN  c.netflix.discovery.DiscoveryClient 287 - Using default backup registry implementation which does not do anything.
2017-10-12 23:02:24,511 [Thread-7] INFO  c.netflix.discovery.DiscoveryClient 1244 - Starting heartbeat executor: renew interval is: 30
2017-10-12 23:02:24,515 [Thread-7] INFO  c.n.discovery.InstanceInfoReplicator 59 - InstanceInfoReplicator onDemand update allowed rate per min is 4
2017-10-12 23:02:24,520 [Thread-7] INFO  c.netflix.discovery.DiscoveryClient 425 - Discovery Client initialized at timestamp 1507820544520 with initial instances count: 0
2017-10-12 23:02:24,600 [Thread-7] INFO  c.netflix.discovery.DiscoveryClient 852 - Shutting down DiscoveryClient ...
2017-10-12 23:02:24,602 [Thread-7] INFO  c.netflix.discovery.DiscoveryClient 884 - Unregistering ...
2017-10-12 23:02:24,610 [Thread-7] WARN  c.n.d.s.t.d.RetryableEurekaHttpClient 129 - Request execution failed with message: java.net.ConnectException: Connection refused (Connection refused)
2017-10-12 23:02:24,617 [Thread-7] INFO  c.netflix.discovery.DiscoveryClient 873 - Completed shut down of DiscoveryClient
2017-10-12 23:02:24,620 [Thread-7] INFO  o.s.c.s.DefaultLifecycleProcessor 358 - Stopping beans in phase 0
2017-10-12 23:02:24,633 [Thread-7] INFO  o.s.c.a.AnnotationConfigApplicationContext 984 - Closing org.springframework.context.annotation.AnnotationConfigApplicationContext@25791d40: startup date [Thu Oct 12 23:02:18 CST 2017]; parent: org.springframework.web.context.support.GenericWebApplicationContext@3c49fab6
2017-10-12 23:02:24,637 [Thread-7] WARN  o.s.c.a.AnnotationConfigApplicationContext 994 - Exception thrown from ApplicationListener handling ContextClosedEvent
org.springframework.beans.factory.BeanCreationNotAllowedException: Error creating bean with name 'eurekaAutoServiceRegistration': Singleton bean creation not allowed while singletons of this factory are in destruction (Do not request a bean from a BeanFactory in a destroy method implementation!)
	at org.springframework.beans.factory.support.DefaultSingletonBeanRegistry.getSingleton(DefaultSingletonBeanRegistry.java:216)
	at org.springframework.beans.factory.support.AbstractBeanFactory.doGetBean(AbstractBeanFactory.java:302)
	at org.springframework.beans.factory.support.AbstractBeanFactory.getBean(AbstractBeanFactory.java:197)
	at org.springframework.context.support.AbstractApplicationContext.getBean(AbstractApplicationContext.java:1078)
	at org.springframework.context.event.ApplicationListenerMethodAdapter.getTargetBean(ApplicationListenerMethodAdapter.java:283)
	at org.springframework.context.event.ApplicationListenerMethodAdapter.doInvoke(ApplicationListenerMethodAdapter.java:253)
	at org.springframework.context.event.ApplicationListenerMethodAdapter.processEvent(ApplicationListenerMethodAdapter.java:177)
	at org.springframework.context.event.ApplicationListenerMethodAdapter.onApplicationEvent(ApplicationListenerMethodAdapter.java:140)
	at org.springframework.context.event.SimpleApplicationEventMulticaster.doInvokeListener(SimpleApplicationEventMulticaster.java:172)
	at org.springframework.context.event.SimpleApplicationEventMulticaster.invokeListener(SimpleApplicationEventMulticaster.java:165)
	at org.springframework.context.event.SimpleApplicationEventMulticaster.multicastEvent(SimpleApplicationEventMulticaster.java:139)
	at org.springframework.context.support.AbstractApplicationContext.publishEvent(AbstractApplicationContext.java:393)
	at org.springframework.context.support.AbstractApplicationContext.publishEvent(AbstractApplicationContext.java:399)
	at org.springframework.context.support.AbstractApplicationContext.publishEvent(AbstractApplicationContext.java:347)
	at org.springframework.context.support.AbstractApplicationContext.doClose(AbstractApplicationContext.java:991)
	at org.springframework.context.support.AbstractApplicationContext.close(AbstractApplicationContext.java:958)
	at org.springframework.cloud.context.named.NamedContextFactory.destroy(NamedContextFactory.java:76)
	at org.springframework.beans.factory.support.DisposableBeanAdapter.destroy(DisposableBeanAdapter.java:272)
	at org.springframework.beans.factory.support.DefaultSingletonBeanRegistry.destroyBean(DefaultSingletonBeanRegistry.java:578)
	at org.springframework.beans.factory.support.DefaultSingletonBeanRegistry.destroySingleton(DefaultSingletonBeanRegistry.java:554)
	at org.springframework.beans.factory.support.DefaultListableBeanFactory.destroySingleton(DefaultListableBeanFactory.java:961)
	at org.springframework.beans.factory.support.DefaultSingletonBeanRegistry.destroySingletons(DefaultSingletonBeanRegistry.java:523)
	at org.springframework.beans.factory.support.FactoryBeanRegistrySupport.destroySingletons(FactoryBeanRegistrySupport.java:230)
	at org.springframework.beans.factory.support.DefaultListableBeanFactory.destroySingletons(DefaultListableBeanFactory.java:968)
	at org.springframework.context.support.AbstractApplicationContext.destroyBeans(AbstractApplicationContext.java:1030)
	at org.springframework.context.support.AbstractApplicationContext.doClose(AbstractApplicationContext.java:1006)
	at org.springframework.context.support.AbstractApplicationContext$2.run(AbstractApplicationContext.java:929)
