2017-10-13 15:09:39,884 [main] INFO  o.s.c.a.AnnotationConfigApplicationContext 583 - Refreshing org.springframework.context.annotation.AnnotationConfigApplicationContext@2d9caaeb: startup date [Fri Oct 13 15:09:39 CST 2017]; root of context hierarchy
2017-10-13 15:09:40,032 [background-preinit] INFO  o.h.validator.internal.util.Version 30 - HV000001: Hibernate Validator 5.3.5.Final
2017-10-13 15:09:40,361 [main] INFO  o.s.b.f.a.AutowiredAnnotationBeanPostProcessor 155 - JSR-330 'javax.inject.Inject' annotation found and supported for autowiring
2017-10-13 15:09:40,405 [main] INFO  o.s.c.s.PostProcessorRegistrationDelegate$BeanPostProcessorChecker 325 - Bean 'configurationPropertiesRebinderAutoConfiguration' of type [org.springframework.cloud.autoconfigure.ConfigurationPropertiesRebinderAutoConfiguration$$EnhancerBySpringCGLIB$$dd38ddeb] is not eligible for getting processed by all BeanPostProcessors (for example: not eligible for auto-proxying)
2017-10-13 15:09:41,046 [main] INFO  com.gzw.SeckillApplicationTests 597 - The following profiles are active: test
2017-10-13 15:09:41,058 [main] INFO  o.s.w.c.s.GenericWebApplicationContext 583 - Refreshing org.springframework.web.context.support.GenericWebApplicationContext@62a8fd44: startup date [Fri Oct 13 15:09:41 CST 2017]; parent: org.springframework.context.annotation.AnnotationConfigApplicationContext@2d9caaeb
2017-10-13 15:09:42,645 [main] INFO  o.s.d.r.c.RepositoryConfigurationDelegate 165 - Multiple Spring Data modules found, entering strict repository configuration mode!
2017-10-13 15:09:43,225 [main] INFO  o.s.cloud.context.scope.GenericScope 263 - BeanFactory id=f6bdd8ca-8ddd-3704-abef-20921037e525
2017-10-13 15:09:43,358 [main] INFO  o.s.b.f.a.AutowiredAnnotationBeanPostProcessor 155 - JSR-330 'javax.inject.Inject' annotation found and supported for autowiring
2017-10-13 15:09:43,464 [main] INFO  o.s.c.s.PostProcessorRegistrationDelegate$BeanPostProcessorChecker 325 - Bean 'com.gzw.service.PayServiceR' of type [org.springframework.cloud.netflix.feign.FeignClientFactoryBean] is not eligible for getting processed by all BeanPostProcessors (for example: not eligible for auto-proxying)
2017-10-13 15:09:43,699 [main] INFO  o.s.c.s.PostProcessorRegistrationDelegate$BeanPostProcessorChecker 325 - Bean 'org.springframework.transaction.annotation.ProxyTransactionManagementConfiguration' of type [org.springframework.transaction.annotation.ProxyTransactionManagementConfiguration$$EnhancerBySpringCGLIB$$c11edaee] is not eligible for getting processed by all BeanPostProcessors (for example: not eligible for auto-proxying)
2017-10-13 15:09:43,952 [main] INFO  o.s.c.s.PostProcessorRegistrationDelegate$BeanPostProcessorChecker 325 - Bean 'org.springframework.cloud.netflix.metrics.MetricsInterceptorConfiguration$MetricsRestTemplateConfiguration' of type [org.springframework.cloud.netflix.metrics.MetricsInterceptorConfiguration$MetricsRestTemplateConfiguration$$EnhancerBySpringCGLIB$$f34b812f] is not eligible for getting processed by all BeanPostProcessors (for example: not eligible for auto-proxying)
2017-10-13 15:09:43,974 [main] INFO  o.s.c.s.PostProcessorRegistrationDelegate$BeanPostProcessorChecker 325 - Bean 'org.springframework.cloud.autoconfigure.ConfigurationPropertiesRebinderAutoConfiguration' of type [org.springframework.cloud.autoconfigure.ConfigurationPropertiesRebinderAutoConfiguration$$EnhancerBySpringCGLIB$$dd38ddeb] is not eligible for getting processed by all BeanPostProcessors (for example: not eligible for auto-proxying)
2017-10-13 15:09:44,942 [main] INFO  o.s.c.a.AnnotationConfigApplicationContext 583 - Refreshing org.springframework.context.annotation.AnnotationConfigApplicationContext@6b0f266e: startup date [Fri Oct 13 15:09:44 CST 2017]; parent: org.springframework.web.context.support.GenericWebApplicationContext@62a8fd44
2017-10-13 15:09:44,982 [main] INFO  o.s.b.f.a.AutowiredAnnotationBeanPostProcessor 155 - JSR-330 'javax.inject.Inject' annotation found and supported for autowiring
2017-10-13 15:09:46,778 [main] INFO  o.s.w.s.m.m.a.RequestMappingHandlerAdapter 534 - Looking for @ControllerAdvice: org.springframework.web.context.support.GenericWebApplicationContext@62a8fd44: startup date [Fri Oct 13 15:09:41 CST 2017]; parent: org.springframework.context.annotation.AnnotationConfigApplicationContext@2d9caaeb
2017-10-13 15:09:46,996 [main] INFO  o.s.w.s.m.m.a.RequestMappingHandlerMapping 543 - Mapped "{[/getOrderByOrderNo],methods=[POST]}" onto public java.lang.String com.gzw.controller.OrderController.getOrderByOrderNo(java.lang.String)
2017-10-13 15:09:46,998 [main] INFO  o.s.w.s.m.m.a.RequestMappingHandlerMapping 543 - Mapped "{[/getOrderByUserId],methods=[POST]}" onto public java.lang.String com.gzw.controller.OrderController.getOrderByUserId(java.lang.Integer)
2017-10-13 15:09:46,999 [main] INFO  o.s.w.s.m.m.a.RequestMappingHandlerMapping 543 - Mapped "{[/kill],methods=[POST]}" onto public java.lang.String com.gzw.controller.OrderController.kill(java.lang.Integer,javax.servlet.http.HttpServletRequest)
2017-10-13 15:09:47,006 [main] INFO  o.s.w.s.m.m.a.RequestMappingHandlerMapping 543 - Mapped "{[/pay],methods=[POST]}" onto public java.lang.String com.gzw.controller.OrderController.pay(java.lang.String)
2017-10-13 15:09:47,015 [main] INFO  o.s.w.s.m.m.a.RequestMappingHandlerMapping 543 - Mapped "{[/addSeckill],methods=[POST]}" onto public java.lang.String com.gzw.controller.SecKillController.addSeckill(com.gzw.daomain.SecKill)
2017-10-13 15:09:47,017 [main] INFO  o.s.w.s.m.m.a.RequestMappingHandlerMapping 543 - Mapped "{[/getSeckill],methods=[POST]}" onto public java.lang.String com.gzw.controller.SecKillController.getSeckill(java.lang.Integer)
2017-10-13 15:09:47,018 [main] INFO  o.s.w.s.m.m.a.RequestMappingHandlerMapping 543 - Mapped "{[/getSeckillList],methods=[POST]}" onto public java.lang.String com.gzw.controller.SecKillController.getSeckillList(java.lang.Integer,java.lang.Integer)
2017-10-13 15:09:47,022 [main] INFO  o.s.w.s.m.m.a.RequestMappingHandlerMapping 543 - Mapped "{[/do_register],methods=[POST]}" onto public java.lang.String com.gzw.controller.UserController.register(com.gzw.daomain.User)
2017-10-13 15:09:47,023 [main] INFO  o.s.w.s.m.m.a.RequestMappingHandlerMapping 543 - Mapped "{[/user],methods=[GET]}" onto public java.lang.String com.gzw.controller.UserController.getUserInfo(javax.servlet.http.HttpServletRequest)
2017-10-13 15:09:47,024 [main] INFO  o.s.w.s.m.m.a.RequestMappingHandlerMapping 543 - Mapped "{[/do_login],methods=[POST]}" onto public java.lang.String com.gzw.controller.UserController.login(com.gzw.daomain.User)
2017-10-13 15:09:47,029 [main] INFO  o.s.w.s.m.m.a.RequestMappingHandlerMapping 543 - Mapped "{[/error]}" onto public org.springframework.http.ResponseEntity<java.util.Map<java.lang.String, java.lang.Object>> org.springframework.boot.autoconfigure.web.BasicErrorController.error(javax.servlet.http.HttpServletRequest)
2017-10-13 15:09:47,031 [main] INFO  o.s.w.s.m.m.a.RequestMappingHandlerMapping 543 - Mapped "{[/error],produces=[text/html]}" onto public org.springframework.web.servlet.ModelAndView org.springframework.boot.autoconfigure.web.BasicErrorController.errorHtml(javax.servlet.http.HttpServletRequest,javax.servlet.http.HttpServletResponse)
2017-10-13 15:09:47,168 [main] INFO  o.s.w.s.h.SimpleUrlHandlerMapping 362 - Mapped URL path [/webjars/**] onto handler of type [class org.springframework.web.servlet.resource.ResourceHttpRequestHandler]
2017-10-13 15:09:47,169 [main] INFO  o.s.w.s.h.SimpleUrlHandlerMapping 362 - Mapped URL path [/**] onto handler of type [class org.springframework.web.servlet.resource.ResourceHttpRequestHandler]
2017-10-13 15:09:47,204 [main] INFO  o.s.w.s.m.m.a.ExceptionHandlerExceptionResolver 273 - Detected @ExceptionHandler methods in defaultExceptionHandlerAdvice
2017-10-13 15:09:47,285 [main] INFO  o.s.w.s.h.SimpleUrlHandlerMapping 362 - Mapped URL path [/**/favicon.ico] onto handler of type [class org.springframework.web.servlet.resource.ResourceHttpRequestHandler]
2017-10-13 15:09:48,980 [main] INFO  o.s.b.a.e.mvc.EndpointHandlerMapping 543 - Mapped "{[/autoconfig || /autoconfig.json],methods=[GET],produces=[application/vnd.spring-boot.actuator.v1+json || application/json]}" onto public java.lang.Object org.springframework.boot.actuate.endpoint.mvc.EndpointMvcAdapter.invoke()
2017-10-13 15:09:48,981 [main] INFO  o.s.b.a.e.mvc.EndpointHandlerMapping 543 - Mapped "{[/dump || /dump.json],methods=[GET],produces=[application/vnd.spring-boot.actuator.v1+json || application/json]}" onto public java.lang.Object org.springframework.boot.actuate.endpoint.mvc.EndpointMvcAdapter.invoke()
2017-10-13 15:09:48,983 [main] INFO  o.s.b.a.e.mvc.EndpointHandlerMapping 543 - Mapped "{[/health || /health.json],methods=[GET],produces=[application/vnd.spring-boot.actuator.v1+json || application/json]}" onto public java.lang.Object org.springframework.boot.actuate.endpoint.mvc.HealthMvcEndpoint.invoke(javax.servlet.http.HttpServletRequest,java.security.Principal)
2017-10-13 15:09:48,984 [main] INFO  o.s.b.a.e.mvc.EndpointHandlerMapping 543 - Mapped "{[/features || /features.json],methods=[GET],produces=[application/vnd.spring-boot.actuator.v1+json || application/json]}" onto public java.lang.Object org.springframework.boot.actuate.endpoint.mvc.EndpointMvcAdapter.invoke()
2017-10-13 15:09:48,986 [main] INFO  o.s.b.a.e.mvc.EndpointHandlerMapping 543 - Mapped "{[/refresh || /refresh.json],methods=[POST]}" onto public java.lang.Object org.springframework.cloud.endpoint.GenericPostableMvcEndpoint.invoke()
2017-10-13 15:09:48,987 [main] INFO  o.s.b.a.e.mvc.EndpointHandlerMapping 543 - Mapped "{[/mappings || /mappings.json],methods=[GET],produces=[application/vnd.spring-boot.actuator.v1+json || application/json]}" onto public java.lang.Object org.springframework.boot.actuate.endpoint.mvc.EndpointMvcAdapter.invoke()
2017-10-13 15:09:48,989 [main] INFO  o.s.b.a.e.mvc.EndpointHandlerMapping 543 - Mapped "{[/beans || /beans.json],methods=[GET],produces=[application/vnd.spring-boot.actuator.v1+json || application/json]}" onto public java.lang.Object org.springframework.boot.actuate.endpoint.mvc.EndpointMvcAdapter.invoke()
2017-10-13 15:09:48,990 [main] INFO  o.s.b.a.e.mvc.EndpointHandlerMapping 543 - Mapped "{[/resume || /resume.json],methods=[POST]}" onto public java.lang.Object org.springframework.cloud.endpoint.GenericPostableMvcEndpoint.invoke()
2017-10-13 15:09:48,993 [main] INFO  o.s.b.a.e.mvc.EndpointHandlerMapping 543 - Mapped "{[/loggers/{name:.*}],methods=[GET],produces=[application/vnd.spring-boot.actuator.v1+json || application/json]}" onto public java.lang.Object org.springframework.boot.actuate.endpoint.mvc.LoggersMvcEndpoint.get(java.lang.String)
2017-10-13 15:09:48,994 [main] INFO  o.s.b.a.e.mvc.EndpointHandlerMapping 543 - Mapped "{[/loggers/{name:.*}],methods=[POST],consumes=[application/vnd.spring-boot.actuator.v1+json || application/json],produces=[application/vnd.spring-boot.actuator.v1+json || application/json]}" onto public java.lang.Object org.springframework.boot.actuate.endpoint.mvc.LoggersMvcEndpoint.set(java.lang.String,java.util.Map<java.lang.String, java.lang.String>)
2017-10-13 15:09:48,995 [main] INFO  o.s.b.a.e.mvc.EndpointHandlerMapping 543 - Mapped "{[/loggers || /loggers.json],methods=[GET],produces=[application/vnd.spring-boot.actuator.v1+json || application/json]}" onto public java.lang.Object org.springframework.boot.actuate.endpoint.mvc.EndpointMvcAdapter.invoke()
2017-10-13 15:09:48,997 [main] INFO  o.s.b.a.e.mvc.EndpointHandlerMapping 543 - Mapped "{[/info || /info.json],methods=[GET],produces=[application/vnd.spring-boot.actuator.v1+json || application/json]}" onto public java.lang.Object org.springframework.boot.actuate.endpoint.mvc.EndpointMvcAdapter.invoke()
2017-10-13 15:09:48,999 [main] INFO  o.s.b.a.e.mvc.EndpointHandlerMapping 543 - Mapped "{[/metrics/{name:.*}],methods=[GET],produces=[application/vnd.spring-boot.actuator.v1+json || application/json]}" onto public java.lang.Object org.springframework.boot.actuate.endpoint.mvc.MetricsMvcEndpoint.value(java.lang.String)
2017-10-13 15:09:49,002 [main] INFO  o.s.b.a.e.mvc.EndpointHandlerMapping 543 - Mapped "{[/metrics || /metrics.json],methods=[GET],produces=[application/vnd.spring-boot.actuator.v1+json || application/json]}" onto public java.lang.Object org.springframework.boot.actuate.endpoint.mvc.EndpointMvcAdapter.invoke()
2017-10-13 15:09:49,015 [main] INFO  o.s.b.a.e.mvc.EndpointHandlerMapping 543 - Mapped "{[/env/{name:.*}],methods=[GET],produces=[application/vnd.spring-boot.actuator.v1+json || application/json]}" onto public java.lang.Object org.springframework.boot.actuate.endpoint.mvc.EnvironmentMvcEndpoint.value(java.lang.String)
2017-10-13 15:09:49,016 [main] INFO  o.s.b.a.e.mvc.EndpointHandlerMapping 543 - Mapped "{[/env || /env.json],methods=[GET],produces=[application/vnd.spring-boot.actuator.v1+json || application/json]}" onto public java.lang.Object org.springframework.boot.actuate.endpoint.mvc.EndpointMvcAdapter.invoke()
2017-10-13 15:09:49,018 [main] INFO  o.s.b.a.e.mvc.EndpointHandlerMapping 543 - Mapped "{[/service-registry/instance-status],methods=[POST]}" onto public org.springframework.http.ResponseEntity<?> org.springframework.cloud.client.serviceregistry.endpoint.ServiceRegistryEndpoint.setStatus(java.lang.String)
2017-10-13 15:09:49,020 [main] INFO  o.s.b.a.e.mvc.EndpointHandlerMapping 543 - Mapped "{[/service-registry/instance-status],methods=[GET]}" onto public org.springframework.http.ResponseEntity org.springframework.cloud.client.serviceregistry.endpoint.ServiceRegistryEndpoint.getStatus()
2017-10-13 15:09:49,021 [main] INFO  o.s.b.a.e.mvc.EndpointHandlerMapping 543 - Mapped "{[/trace || /trace.json],methods=[GET],produces=[application/vnd.spring-boot.actuator.v1+json || application/json]}" onto public java.lang.Object org.springframework.boot.actuate.endpoint.mvc.EndpointMvcAdapter.invoke()
2017-10-13 15:09:49,022 [main] INFO  o.s.b.a.e.mvc.EndpointHandlerMapping 543 - Mapped "{[/archaius || /archaius.json],methods=[GET],produces=[application/vnd.spring-boot.actuator.v1+json || application/json]}" onto public java.lang.Object org.springframework.boot.actuate.endpoint.mvc.EndpointMvcAdapter.invoke()
2017-10-13 15:09:49,024 [main] INFO  o.s.b.a.e.mvc.EndpointHandlerMapping 543 - Mapped "{[/heapdump || /heapdump.json],methods=[GET],produces=[application/octet-stream]}" onto public void org.springframework.boot.actuate.endpoint.mvc.HeapdumpMvcEndpoint.invoke(boolean,javax.servlet.http.HttpServletRequest,javax.servlet.http.HttpServletResponse) throws java.io.IOException,javax.servlet.ServletException
2017-10-13 15:09:49,026 [main] INFO  o.s.b.a.e.mvc.EndpointHandlerMapping 543 - Mapped "{[/configprops || /configprops.json],methods=[GET],produces=[application/vnd.spring-boot.actuator.v1+json || application/json]}" onto public java.lang.Object org.springframework.boot.actuate.endpoint.mvc.EndpointMvcAdapter.invoke()
2017-10-13 15:09:49,030 [main] INFO  o.s.b.a.e.mvc.EndpointHandlerMapping 543 - Mapped "{[/restart || /restart.json],methods=[POST]}" onto public java.lang.Object org.springframework.cloud.context.restart.RestartMvcEndpoint.invoke()
2017-10-13 15:09:49,033 [main] INFO  o.s.b.a.e.mvc.EndpointHandlerMapping 543 - Mapped "{[/pause || /pause.json],methods=[POST]}" onto public java.lang.Object org.springframework.cloud.endpoint.GenericPostableMvcEndpoint.invoke()
2017-10-13 15:09:49,036 [main] INFO  o.s.b.a.e.mvc.EndpointHandlerMapping 543 - Mapped "{[/auditevents || /auditevents.json],methods=[GET],produces=[application/vnd.spring-boot.actuator.v1+json || application/json]}" onto public org.springframework.http.ResponseEntity<?> org.springframework.boot.actuate.endpoint.mvc.AuditEventsMvcEndpoint.findByPrincipalAndAfterAndType(java.lang.String,java.util.Date,java.lang.String)
2017-10-13 15:09:49,037 [main] INFO  o.s.b.a.e.mvc.EndpointHandlerMapping 543 - Mapped "{[/env],methods=[POST]}" onto public java.lang.Object org.springframework.cloud.context.environment.EnvironmentManagerMvcEndpoint.value(java.util.Map<java.lang.String, java.lang.String>)
2017-10-13 15:09:49,040 [main] INFO  o.s.b.a.e.mvc.EndpointHandlerMapping 543 - Mapped "{[/env/reset],methods=[POST]}" onto public java.util.Map<java.lang.String, java.lang.Object> org.springframework.cloud.context.environment.EnvironmentManagerMvcEndpoint.reset()
2017-10-13 15:09:49,721 [main] WARN  c.n.c.sources.URLConfigurationSource 121 - No URLs will be polled as dynamic configuration sources.
2017-10-13 15:09:49,722 [main] INFO  c.n.c.sources.URLConfigurationSource 122 - To enable URLs as dynamic configuration sources, define System property archaius.configurationSource.additionalUrls or make config.properties available on classpath.
2017-10-13 15:09:49,733 [main] WARN  c.n.c.sources.URLConfigurationSource 121 - No URLs will be polled as dynamic configuration sources.
2017-10-13 15:09:49,733 [main] INFO  c.n.c.sources.URLConfigurationSource 122 - To enable URLs as dynamic configuration sources, define System property archaius.configurationSource.additionalUrls or make config.properties available on classpath.
2017-10-13 15:09:50,356 [main] INFO  o.s.c.s.DefaultLifecycleProcessor 343 - Starting beans in phase 0
2017-10-13 15:09:50,387 [main] INFO  com.gzw.SeckillApplicationTests 57 - Started SeckillApplicationTests in 11.641 seconds (JVM running for 13.204)
2017-10-13 15:09:50,484 [Thread-7] INFO  o.s.w.c.s.GenericWebApplicationContext 984 - Closing org.springframework.web.context.support.GenericWebApplicationContext@62a8fd44: startup date [Fri Oct 13 15:09:41 CST 2017]; parent: org.springframework.context.annotation.AnnotationConfigApplicationContext@2d9caaeb
2017-10-13 15:09:50,502 [Thread-7] INFO  o.s.c.n.eureka.InstanceInfoFactory 70 - Setting initial instance status as: STARTING
2017-10-13 15:09:50,526 [Thread-7] INFO  o.s.c.n.e.s.EurekaServiceRegistry 64 - Unregistering application seckill with eureka with status DOWN
2017-10-13 15:09:50,650 [Thread-7] INFO  c.netflix.discovery.DiscoveryClient 344 - Initializing Eureka in region us-east-1
2017-10-13 15:09:51,031 [Thread-7] INFO  c.n.d.p.DiscoveryJerseyProvider 70 - Using JSON encoding codec LegacyJacksonJson
2017-10-13 15:09:51,032 [Thread-7] INFO  c.n.d.p.DiscoveryJerseyProvider 71 - Using JSON decoding codec LegacyJacksonJson
2017-10-13 15:09:51,245 [Thread-7] INFO  c.n.d.p.DiscoveryJerseyProvider 80 - Using XML encoding codec XStreamXml
2017-10-13 15:09:51,246 [Thread-7] INFO  c.n.d.p.DiscoveryJerseyProvider 81 - Using XML decoding codec XStreamXml
2017-10-13 15:09:51,537 [Thread-7] INFO  c.n.d.s.r.aws.ConfigClusterResolver 43 - Resolving eureka endpoints via configuration
2017-10-13 15:09:51,582 [Thread-7] INFO  c.netflix.discovery.DiscoveryClient 920 - Disable delta property : false
2017-10-13 15:09:51,582 [Thread-7] INFO  c.netflix.discovery.DiscoveryClient 921 - Single vip registry refresh property : null
2017-10-13 15:09:51,583 [Thread-7] INFO  c.netflix.discovery.DiscoveryClient 922 - Force full registry fetch : false
2017-10-13 15:09:51,583 [Thread-7] INFO  c.netflix.discovery.DiscoveryClient 923 - Application is null : false
2017-10-13 15:09:51,584 [Thread-7] INFO  c.netflix.discovery.DiscoveryClient 924 - Registered Applications size is zero : true
2017-10-13 15:09:51,584 [Thread-7] INFO  c.netflix.discovery.DiscoveryClient 926 - Application version is -1: true
2017-10-13 15:09:51,585 [Thread-7] INFO  c.netflix.discovery.DiscoveryClient 1009 - Getting all instance registry info from the eureka server
2017-10-13 15:09:51,943 [Thread-7] INFO  c.netflix.discovery.DiscoveryClient 1018 - The response status is 200
2017-10-13 15:09:51,945 [Thread-7] INFO  c.netflix.discovery.DiscoveryClient 1244 - Starting heartbeat executor: renew interval is: 30
2017-10-13 15:09:51,948 [Thread-7] INFO  c.n.discovery.InstanceInfoReplicator 59 - InstanceInfoReplicator onDemand update allowed rate per min is 4
2017-10-13 15:09:51,955 [Thread-7] INFO  c.netflix.discovery.DiscoveryClient 425 - Discovery Client initialized at timestamp 1507878591955 with initial instances count: 3
2017-10-13 15:09:52,037 [Thread-7] INFO  c.netflix.discovery.DiscoveryClient 852 - Shutting down DiscoveryClient ...
2017-10-13 15:09:52,042 [Thread-7] INFO  c.netflix.discovery.DiscoveryClient 884 - Unregistering ...
2017-10-13 15:09:52,061 [Thread-7] INFO  c.netflix.discovery.DiscoveryClient 886 - DiscoveryClient_SECKILL/172.21.1.205:seckill:-1 - deregister  status: 404
2017-10-13 15:09:52,089 [Thread-7] INFO  c.netflix.discovery.DiscoveryClient 873 - Completed shut down of DiscoveryClient
2017-10-13 15:09:52,092 [Thread-7] INFO  o.s.c.s.DefaultLifecycleProcessor 358 - Stopping beans in phase 0
2017-10-13 15:09:52,105 [Thread-7] INFO  o.s.c.a.AnnotationConfigApplicationContext 984 - Closing org.springframework.context.annotation.AnnotationConfigApplicationContext@6b0f266e: startup date [Fri Oct 13 15:09:44 CST 2017]; parent: org.springframework.web.context.support.GenericWebApplicationContext@62a8fd44
2017-10-13 15:09:52,127 [Thread-7] WARN  o.s.c.a.AnnotationConfigApplicationContext 994 - Exception thrown from ApplicationListener handling ContextClosedEvent
org.springframework.beans.factory.BeanCreationNotAllowedException: Error creating bean with name 'eurekaAutoServiceRegistration': Singleton bean creation not allowed while singletons of this factory are in destruction (Do not request a bean from a BeanFactory in a destroy method implementation!)
	at org.springframework.beans.factory.support.DefaultSingletonBeanRegistry.getSingleton(DefaultSingletonBeanRegistry.java:216)
	at org.springframework.beans.factory.support.AbstractBeanFactory.doGetBean(AbstractBeanFactory.java:302)
	at org.springframework.beans.factory.support.AbstractBeanFactory.getBean(AbstractBeanFactory.java:197)
	at org.springframework.context.support.AbstractApplicationContext.getBean(AbstractApplicationContext.java:1078)
	at org.springframework.context.event.ApplicationListenerMethodAdapter.getTargetBean(ApplicationListenerMethodAdapter.java:283)
	at org.springframework.context.event.ApplicationListenerMethodAdapter.doInvoke(ApplicationListenerMethodAdapter.java:253)
	at org.springframework.context.event.ApplicationListenerMethodAdapter.processEvent(ApplicationListenerMethodAdapter.java:177)
	at org.springframework.context.event.ApplicationListenerMethodAdapter.onApplicationEvent(ApplicationListenerMethodAdapter.java:140)
	at org.springframework.context.event.SimpleApplicationEventMulticaster.doInvokeListener(SimpleApplicationEventMulticaster.java:172)
	at org.springframework.context.event.SimpleApplicationEventMulticaster.invokeListener(SimpleApplicationEventMulticaster.java:165)
	at org.springframework.context.event.SimpleApplicationEventMulticaster.multicastEvent(SimpleApplicationEventMulticaster.java:139)
	at org.springframework.context.support.AbstractApplicationContext.publishEvent(AbstractApplicationContext.java:393)
	at org.springframework.context.support.AbstractApplicationContext.publishEvent(AbstractApplicationContext.java:399)
	at org.springframework.context.support.AbstractApplicationContext.publishEvent(AbstractApplicationContext.java:347)
	at org.springframework.context.support.AbstractApplicationContext.doClose(AbstractApplicationContext.java:991)
	at org.springframework.context.support.AbstractApplicationContext.close(AbstractApplicationContext.java:958)
	at org.springframework.cloud.context.named.NamedContextFactory.destroy(NamedContextFactory.java:76)
	at org.springframework.beans.factory.support.DisposableBeanAdapter.destroy(DisposableBeanAdapter.java:272)
	at org.springframework.beans.factory.support.DefaultSingletonBeanRegistry.destroyBean(DefaultSingletonBeanRegistry.java:578)
	at org.springframework.beans.factory.support.DefaultSingletonBeanRegistry.destroySingleton(DefaultSingletonBeanRegistry.java:554)
	at org.springframework.beans.factory.support.DefaultListableBeanFactory.destroySingleton(DefaultListableBeanFactory.java:961)
	at org.springframework.beans.factory.support.DefaultSingletonBeanRegistry.destroySingletons(DefaultSingletonBeanRegistry.java:523)
	at org.springframework.beans.factory.support.FactoryBeanRegistrySupport.destroySingletons(FactoryBeanRegistrySupport.java:230)
	at org.springframework.beans.factory.support.DefaultListableBeanFactory.destroySingletons(DefaultListableBeanFactory.java:968)
	at org.springframework.context.support.AbstractApplicationContext.destroyBeans(AbstractApplicationContext.java:1030)
	at org.springframework.context.support.AbstractApplicationContext.doClose(AbstractApplicationContext.java:1006)
	at org.springframework.context.support.AbstractApplicationContext$2.run(AbstractApplicationContext.java:929)
